[    3665ms] [WARNING] Header: trk missing @ https://ir.ebaystatic.com/rs/c/globalheaderweb/index_lcNW.02410537.js:0
[    3887ms] [LOG] joinUs() at %ce%cb%ca%cy%c! font-weight:bold;color:#e53238; font-weight:bold;color:#0064d2 font-weight:bold;color:#f5af02 font-weight:bold;color:#86b817 color:black @ https://ir.ebaystatic.com/rs/c/srpnweb/common-DEJgr_P0.js:1
[    5227ms] [LOG] done @ https://www.ebay.com/sch/i.html?_nkw=N100+mini+PC&_sop=12&_udhi=150:488
[    6311ms] [WARNING] Unrecognized feature: 'attribution-reporting'. @ https://connect.facebook.net/en_US/fbevents.js:383
[    6816ms] [WARNING] Third-party cookie will be blocked. Learn more in the Issues tab. @ https://www.ebay.com/sch/i.html?_nkw=N100+mini+PC&_sop=12&_udhi=150:0
[    6816ms] [WARNING] Third-party cookie will be blocked. Learn more in the Issues tab. @ https://www.ebay.com/sch/i.html?_nkw=N100+mini+PC&_sop=12&_udhi=150:0
[    6993ms] [WARNING] Third-party cookie will be blocked. Learn more in the Issues tab. @ https://www.ebay.com/sch/i.html?_nkw=N100+mini+PC&_sop=12&_udhi=150:0
[    6993ms] [WARNING] Third-party cookie will be blocked. Learn more in the Issues tab. @ https://www.ebay.com/sch/i.html?_nkw=N100+mini+PC&_sop=12&_udhi=150:0
[    6993ms] [WARNING] Third-party cookie will be blocked. Learn more in the Issues tab. @ https://www.ebay.com/sch/i.html?_nkw=N100+mini+PC&_sop=12&_udhi=150:0
[    7263ms] [WARNING] Third-party cookie will be blocked. Learn more in the Issues tab. @ https://www.ebay.com/sch/i.html?_nkw=N100+mini+PC&_sop=12&_udhi=150:0
[    7263ms] [WARNING] Third-party cookie will be blocked. Learn more in the Issues tab. @ https://www.ebay.com/sch/i.html?_nkw=N100+mini+PC&_sop=12&_udhi=150:0
[    7263ms] [WARNING] Third-party cookie will be blocked. Learn more in the Issues tab. @ https://www.ebay.com/sch/i.html?_nkw=N100+mini+PC&_sop=12&_udhi=150:0
[    7263ms] [WARNING] Third-party cookie will be blocked. Learn more in the Issues tab. @ https://www.ebay.com/sch/i.html?_nkw=N100+mini+PC&_sop=12&_udhi=150:0
[    7263ms] [WARNING] Third-party cookie will be blocked. Learn more in the Issues tab. @ https://www.ebay.com/sch/i.html?_nkw=N100+mini+PC&_sop=12&_udhi=150:0
[    7264ms] [WARNING] Third-party cookie will be blocked. Learn more in the Issues tab. @ https://www.ebay.com/sch/i.html?_nkw=N100+mini+PC&_sop=12&_udhi=150:0
[    7273ms] [WARNING] Third-party cookie will be blocked. Learn more in the Issues tab. @ https://www.ebay.com/sch/i.html?_nkw=N100+mini+PC&_sop=12&_udhi=150:0
[    7273ms] [WARNING] Third-party cookie will be blocked. Learn more in the Issues tab. @ https://www.ebay.com/sch/i.html?_nkw=N100+mini+PC&_sop=12&_udhi=150:0
[    7274ms] [WARNING] Third-party cookie will be blocked. Learn more in the Issues tab. @ https://www.ebay.com/sch/i.html?_nkw=N100+mini+PC&_sop=12&_udhi=150:0
[    7274ms] [WARNING] Third-party cookie will be blocked. Learn more in the Issues tab. @ https://www.ebay.com/sch/i.html?_nkw=N100+mini+PC&_sop=12&_udhi=150:0
[    7274ms] [WARNING] Third-party cookie will be blocked. Learn more in the Issues tab. @ https://www.ebay.com/sch/i.html?_nkw=N100+mini+PC&_sop=12&_udhi=150:0
[    7274ms] [WARNING] Third-party cookie will be blocked. Learn more in the Issues tab. @ https://www.ebay.com/sch/i.html?_nkw=N100+mini+PC&_sop=12&_udhi=150:0
[    7279ms] [WARNING] Third-party cookie will be blocked. Learn more in the Issues tab. @ https://www.ebay.com/sch/i.html?_nkw=N100+mini+PC&_sop=12&_udhi=150:0
[    7280ms] [WARNING] Third-party cookie will be blocked. Learn more in the Issues tab. @ https://www.ebay.com/sch/i.html?_nkw=N100+mini+PC&_sop=12&_udhi=150:0
[    7280ms] [WARNING] Third-party cookie will be blocked. Learn more in the Issues tab. @ https://www.ebay.com/sch/i.html?_nkw=N100+mini+PC&_sop=12&_udhi=150:0
[    7280ms] [WARNING] Third-party cookie will be blocked. Learn more in the Issues tab. @ https://www.ebay.com/sch/i.html?_nkw=N100+mini+PC&_sop=12&_udhi=150:0
[    7280ms] [WARNING] Third-party cookie will be blocked. Learn more in the Issues tab. @ https://www.ebay.com/sch/i.html?_nkw=N100+mini+PC&_sop=12&_udhi=150:0
[    7280ms] [WARNING] Third-party cookie will be blocked. Learn more in the Issues tab. @ https://www.ebay.com/sch/i.html?_nkw=N100+mini+PC&_sop=12&_udhi=150:0
[    7290ms] [WARNING] Third-party cookie will be blocked. Learn more in the Issues tab. @ https://www.ebay.com/sch/i.html?_nkw=N100+mini+PC&_sop=12&_udhi=150:0
[    7290ms] [WARNING] Third-party cookie will be blocked. Learn more in the Issues tab. @ https://www.ebay.com/sch/i.html?_nkw=N100+mini+PC&_sop=12&_udhi=150:0
[    7290ms] [WARNING] Third-party cookie will be blocked. Learn more in the Issues tab. @ https://www.ebay.com/sch/i.html?_nkw=N100+mini+PC&_sop=12&_udhi=150:0
[    7290ms] [WARNING] Third-party cookie will be blocked. Learn more in the Issues tab. @ https://www.ebay.com/sch/i.html?_nkw=N100+mini+PC&_sop=12&_udhi=150:0
[    7290ms] [WARNING] Third-party cookie will be blocked. Learn more in the Issues tab. @ https://www.ebay.com/sch/i.html?_nkw=N100+mini+PC&_sop=12&_udhi=150:0
[    7298ms] [WARNING] Third-party cookie will be blocked. Learn more in the Issues tab. @ https://www.ebay.com/sch/i.html?_nkw=N100+mini+PC&_sop=12&_udhi=150:0
[    7299ms] [WARNING] Third-party cookie will be blocked. Learn more in the Issues tab. @ https://www.ebay.com/sch/i.html?_nkw=N100+mini+PC&_sop=12&_udhi=150:0
[    7299ms] [WARNING] Third-party cookie will be blocked. Learn more in the Issues tab. @ https://www.ebay.com/sch/i.html?_nkw=N100+mini+PC&_sop=12&_udhi=150:0
[    7299ms] [WARNING] Third-party cookie will be blocked. Learn more in the Issues tab. @ https://www.ebay.com/sch/i.html?_nkw=N100+mini+PC&_sop=12&_udhi=150:0
[    7300ms] [WARNING] Third-party cookie will be blocked. Learn more in the Issues tab. @ https://www.ebay.com/sch/i.html?_nkw=N100+mini+PC&_sop=12&_udhi=150:0
[    7317ms] [WARNING] Third-party cookie will be blocked. Learn more in the Issues tab. @ https://www.ebay.com/sch/i.html?_nkw=N100+mini+PC&_sop=12&_udhi=150:0
[    7329ms] [WARNING] Third-party cookie will be blocked. Learn more in the Issues tab. @ https://www.ebay.com/sch/i.html?_nkw=N100+mini+PC&_sop=12&_udhi=150:0
[    7329ms] [WARNING] Third-party cookie will be blocked. Learn more in the Issues tab. @ https://www.ebay.com/sch/i.html?_nkw=N100+mini+PC&_sop=12&_udhi=150:0
[    7426ms] [WARNING] Third-party cookie will be blocked. Learn more in the Issues tab. @ https://www.ebay.com/sch/i.html?_nkw=N100+mini+PC&_sop=12&_udhi=150:0
[    7426ms] [WARNING] Third-party cookie will be blocked. Learn more in the Issues tab. @ https://www.ebay.com/sch/i.html?_nkw=N100+mini+PC&_sop=12&_udhi=150:0
[    7721ms] [WARNING] Third-party cookie will be blocked. Learn more in the Issues tab. @ https://www.ebay.com/sch/i.html?_nkw=N100+mini+PC&_sop=12&_udhi=150:0
[    7721ms] [WARNING] Third-party cookie will be blocked. Learn more in the Issues tab. @ https://www.ebay.com/sch/i.html?_nkw=N100+mini+PC&_sop=12&_udhi=150:0
[    7722ms] [WARNING] Third-party cookie will be blocked. Learn more in the Issues tab. @ https://www.ebay.com/sch/i.html?_nkw=N100+mini+PC&_sop=12&_udhi=150:0
[    7722ms] [WARNING] Third-party cookie will be blocked. Learn more in the Issues tab. @ https://www.ebay.com/sch/i.html?_nkw=N100+mini+PC&_sop=12&_udhi=150:0
[    7726ms] [WARNING] Third-party cookie will be blocked. Learn more in the Issues tab. @ https://www.ebay.com/sch/i.html?_nkw=N100+mini+PC&_sop=12&_udhi=150:0
[    7727ms] [WARNING] Third-party cookie will be blocked. Learn more in the Issues tab. @ https://www.ebay.com/sch/i.html?_nkw=N100+mini+PC&_sop=12&_udhi=150:0
[    7779ms] [WARNING] Third-party cookie will be blocked. Learn more in the Issues tab. @ https://www.ebay.com/sch/i.html?_nkw=N100+mini+PC&_sop=12&_udhi=150:0
[    7779ms] [WARNING] Third-party cookie will be blocked. Learn more in the Issues tab. @ https://www.ebay.com/sch/i.html?_nkw=N100+mini+PC&_sop=12&_udhi=150:0
[    7779ms] [WARNING] Third-party cookie will be blocked. Learn more in the Issues tab. @ https://www.ebay.com/sch/i.html?_nkw=N100+mini+PC&_sop=12&_udhi=150:0
[    7779ms] [WARNING] Third-party cookie will be blocked. Learn more in the Issues tab. @ https://www.ebay.com/sch/i.html?_nkw=N100+mini+PC&_sop=12&_udhi=150:0
[    7779ms] [WARNING] Third-party cookie will be blocked. Learn more in the Issues tab. @ https://www.ebay.com/sch/i.html?_nkw=N100+mini+PC&_sop=12&_udhi=150:0
[    7779ms] [WARNING] Third-party cookie will be blocked. Learn more in the Issues tab. @ https://www.ebay.com/sch/i.html?_nkw=N100+mini+PC&_sop=12&_udhi=150:0
[    7803ms] [WARNING] Third-party cookie will be blocked. Learn more in the Issues tab. @ https://www.ebay.com/sch/i.html?_nkw=N100+mini+PC&_sop=12&_udhi=150:0
[    7804ms] [WARNING] Third-party cookie will be blocked. Learn more in the Issues tab. @ https://www.ebay.com/sch/i.html?_nkw=N100+mini+PC&_sop=12&_udhi=150:0
[    7804ms] [WARNING] Third-party cookie will be blocked. Learn more in the Issues tab. @ https://www.ebay.com/sch/i.html?_nkw=N100+mini+PC&_sop=12&_udhi=150:0
[    7804ms] [WARNING] Third-party cookie will be blocked. Learn more in the Issues tab. @ https://www.ebay.com/sch/i.html?_nkw=N100+mini+PC&_sop=12&_udhi=150:0
[    7804ms] [WARNING] Third-party cookie will be blocked. Learn more in the Issues tab. @ https://www.ebay.com/sch/i.html?_nkw=N100+mini+PC&_sop=12&_udhi=150:0
[    7804ms] [WARNING] Third-party cookie will be blocked. Learn more in the Issues tab. @ https://www.ebay.com/sch/i.html?_nkw=N100+mini+PC&_sop=12&_udhi=150:0
[    7822ms] [WARNING] Third-party cookie will be blocked. Learn more in the Issues tab. @ https://www.ebay.com/sch/i.html?_nkw=N100+mini+PC&_sop=12&_udhi=150:0
[    7822ms] [WARNING] Third-party cookie will be blocked. Learn more in the Issues tab. @ https://www.ebay.com/sch/i.html?_nkw=N100+mini+PC&_sop=12&_udhi=150:0
[    7822ms] [WARNING] Third-party cookie will be blocked. Learn more in the Issues tab. @ https://www.ebay.com/sch/i.html?_nkw=N100+mini+PC&_sop=12&_udhi=150:0
[    7823ms] [WARNING] Third-party cookie will be blocked. Learn more in the Issues tab. @ https://www.ebay.com/sch/i.html?_nkw=N100+mini+PC&_sop=12&_udhi=150:0
[    7823ms] [WARNING] Third-party cookie will be blocked. Learn more in the Issues tab. @ https://www.ebay.com/sch/i.html?_nkw=N100+mini+PC&_sop=12&_udhi=150:0
[    7824ms] [WARNING] Third-party cookie will be blocked. Learn more in the Issues tab. @ https://www.ebay.com/sch/i.html?_nkw=N100+mini+PC&_sop=12&_udhi=150:0
[    7824ms] [WARNING] Third-party cookie will be blocked. Learn more in the Issues tab. @ https://www.ebay.com/sch/i.html?_nkw=N100+mini+PC&_sop=12&_udhi=150:0
[    7824ms] [WARNING] Third-party cookie will be blocked. Learn more in the Issues tab. @ https://www.ebay.com/sch/i.html?_nkw=N100+mini+PC&_sop=12&_udhi=150:0
[    7824ms] [WARNING] Third-party cookie will be blocked. Learn more in the Issues tab. @ https://www.ebay.com/sch/i.html?_nkw=N100+mini+PC&_sop=12&_udhi=150:0
[    7824ms] [WARNING] Third-party cookie will be blocked. Learn more in the Issues tab. @ https://www.ebay.com/sch/i.html?_nkw=N100+mini+PC&_sop=12&_udhi=150:0
[    7958ms] [WARNING] Third-party cookie will be blocked. Learn more in the Issues tab. @ https://www.ebay.com/sch/i.html?_nkw=N100+mini+PC&_sop=12&_udhi=150:0
[    7958ms] [WARNING] Third-party cookie will be blocked. Learn more in the Issues tab. @ https://www.ebay.com/sch/i.html?_nkw=N100+mini+PC&_sop=12&_udhi=150:0
[    7958ms] [WARNING] Third-party cookie will be blocked. Learn more in the Issues tab. @ https://www.ebay.com/sch/i.html?_nkw=N100+mini+PC&_sop=12&_udhi=150:0
[    7958ms] [WARNING] Third-party cookie will be blocked. Learn more in the Issues tab. @ https://www.ebay.com/sch/i.html?_nkw=N100+mini+PC&_sop=12&_udhi=150:0
[    7958ms] [WARNING] Third-party cookie will be blocked. Learn more in the Issues tab. @ https://www.ebay.com/sch/i.html?_nkw=N100+mini+PC&_sop=12&_udhi=150:0
[    8222ms] [WARNING] Third-party cookie will be blocked. Learn more in the Issues tab. @ https://www.ebay.com/sch/i.html?_nkw=N100+mini+PC&_sop=12&_udhi=150:0
[    8222ms] [WARNING] Third-party cookie will be blocked. Learn more in the Issues tab. @ https://www.ebay.com/sch/i.html?_nkw=N100+mini+PC&_sop=12&_udhi=150:0
[    8336ms] [WARNING] Third-party cookie will be blocked. Learn more in the Issues tab. @ https://www.ebay.com/sch/i.html?_nkw=N100+mini+PC&_sop=12&_udhi=150:0
[    8336ms] [WARNING] Third-party cookie will be blocked. Learn more in the Issues tab. @ https://www.ebay.com/sch/i.html?_nkw=N100+mini+PC&_sop=12&_udhi=150:0
[    8337ms] [WARNING] Third-party cookie will be blocked. Learn more in the Issues tab. @ https://www.ebay.com/sch/i.html?_nkw=N100+mini+PC&_sop=12&_udhi=150:0
[    8337ms] [WARNING] Third-party cookie will be blocked. Learn more in the Issues tab. @ https://www.ebay.com/sch/i.html?_nkw=N100+mini+PC&_sop=12&_udhi=150:0
[    8337ms] [WARNING] Third-party cookie will be blocked. Learn more in the Issues tab. @ https://www.ebay.com/sch/i.html?_nkw=N100+mini+PC&_sop=12&_udhi=150:0
[    8337ms] [WARNING] Third-party cookie will be blocked. Learn more in the Issues tab. @ https://www.ebay.com/sch/i.html?_nkw=N100+mini+PC&_sop=12&_udhi=150:0
[    8339ms] [WARNING] Third-party cookie will be blocked. Learn more in the Issues tab. @ https://www.ebay.com/sch/i.html?_nkw=N100+mini+PC&_sop=12&_udhi=150:0
[    8339ms] [WARNING] Third-party cookie will be blocked. Learn more in the Issues tab. @ https://www.ebay.com/sch/i.html?_nkw=N100+mini+PC&_sop=12&_udhi=150:0
[    8339ms] [WARNING] Third-party cookie will be blocked. Learn more in the Issues tab. @ https://www.ebay.com/sch/i.html?_nkw=N100+mini+PC&_sop=12&_udhi=150:0
[    8339ms] [WARNING] Third-party cookie will be blocked. Learn more in the Issues tab. @ https://www.ebay.com/sch/i.html?_nkw=N100+mini+PC&_sop=12&_udhi=150:0
[    8339ms] [WARNING] Third-party cookie will be blocked. Learn more in the Issues tab. @ https://www.ebay.com/sch/i.html?_nkw=N100+mini+PC&_sop=12&_udhi=150:0
[    8339ms] [WARNING] Third-party cookie will be blocked. Learn more in the Issues tab. @ https://www.ebay.com/sch/i.html?_nkw=N100+mini+PC&_sop=12&_udhi=150:0
[    8349ms] [WARNING] Third-party cookie will be blocked. Learn more in the Issues tab. @ https://www.ebay.com/sch/i.html?_nkw=N100+mini+PC&_sop=12&_udhi=150:0
[    8350ms] [WARNING] Third-party cookie will be blocked. Learn more in the Issues tab. @ https://www.ebay.com/sch/i.html?_nkw=N100+mini+PC&_sop=12&_udhi=150:0
[    8594ms] [WARNING] Third-party cookie will be blocked. Learn more in the Issues tab. @ https://www.ebay.com/sch/i.html?_nkw=N100+mini+PC&_sop=12&_udhi=150:0
[    8594ms] [WARNING] Third-party cookie will be blocked. Learn more in the Issues tab. @ https://www.ebay.com/sch/i.html?_nkw=N100+mini+PC&_sop=12&_udhi=150:0
[    8605ms] [WARNING] Third-party cookie will be blocked. Learn more in the Issues tab. @ https://www.ebay.com/sch/i.html?_nkw=N100+mini+PC&_sop=12&_udhi=150:0
[    8606ms] [WARNING] Third-party cookie will be blocked. Learn more in the Issues tab. @ https://www.ebay.com/sch/i.html?_nkw=N100+mini+PC&_sop=12&_udhi=150:0
[    8606ms] [WARNING] Third-party cookie will be blocked. Learn more in the Issues tab. @ https://www.ebay.com/sch/i.html?_nkw=N100+mini+PC&_sop=12&_udhi=150:0
[    8606ms] [WARNING] Third-party cookie will be blocked. Learn more in the Issues tab. @ https://www.ebay.com/sch/i.html?_nkw=N100+mini+PC&_sop=12&_udhi=150:0
[    8606ms] [WARNING] Third-party cookie will be blocked. Learn more in the Issues tab. @ https://www.ebay.com/sch/i.html?_nkw=N100+mini+PC&_sop=12&_udhi=150:0
[    8606ms] [WARNING] Third-party cookie will be blocked. Learn more in the Issues tab. @ https://www.ebay.com/sch/i.html?_nkw=N100+mini+PC&_sop=12&_udhi=150:0
[    8629ms] [WARNING] Third-party cookie will be blocked. Learn more in the Issues tab. @ https://www.ebay.com/sch/i.html?_nkw=N100+mini+PC&_sop=12&_udhi=150:0
[    8629ms] [WARNING] Third-party cookie will be blocked. Learn more in the Issues tab. @ https://www.ebay.com/sch/i.html?_nkw=N100+mini+PC&_sop=12&_udhi=150:0
[    8630ms] [WARNING] Third-party cookie will be blocked. Learn more in the Issues tab. @ https://www.ebay.com/sch/i.html?_nkw=N100+mini+PC&_sop=12&_udhi=150:0
[    8631ms] [WARNING] Third-party cookie will be blocked. Learn more in the Issues tab. @ https://www.ebay.com/sch/i.html?_nkw=N100+mini+PC&_sop=12&_udhi=150:0
[    8631ms] [WARNING] Third-party cookie will be blocked. Learn more in the Issues tab. @ https://www.ebay.com/sch/i.html?_nkw=N100+mini+PC&_sop=12&_udhi=150:0
[    8694ms] [WARNING] Third-party cookie will be blocked. Learn more in the Issues tab. @ https://www.ebay.com/sch/i.html?_nkw=N100+mini+PC&_sop=12&_udhi=150:0
[    8694ms] [WARNING] Third-party cookie will be blocked. Learn more in the Issues tab. @ https://www.ebay.com/sch/i.html?_nkw=N100+mini+PC&_sop=12&_udhi=150:0
[    8694ms] [WARNING] Third-party cookie will be blocked. Learn more in the Issues tab. @ https://www.ebay.com/sch/i.html?_nkw=N100+mini+PC&_sop=12&_udhi=150:0
[    8694ms] [WARNING] Third-party cookie will be blocked. Learn more in the Issues tab. @ https://www.ebay.com/sch/i.html?_nkw=N100+mini+PC&_sop=12&_udhi=150:0
[    8694ms] [WARNING] Third-party cookie will be blocked. Learn more in the Issues tab. @ https://www.ebay.com/sch/i.html?_nkw=N100+mini+PC&_sop=12&_udhi=150:0
[    8694ms] [WARNING] Third-party cookie will be blocked. Learn more in the Issues tab. @ https://www.ebay.com/sch/i.html?_nkw=N100+mini+PC&_sop=12&_udhi=150:0
[    8776ms] [WARNING] Third-party cookie will be blocked. Learn more in the Issues tab. @ https://www.ebay.com/sch/i.html?_nkw=N100+mini+PC&_sop=12&_udhi=150:0
[    8776ms] [WARNING] Third-party cookie will be blocked. Learn more in the Issues tab. @ https://www.ebay.com/sch/i.html?_nkw=N100+mini+PC&_sop=12&_udhi=150:0
[    8776ms] [WARNING] Third-party cookie will be blocked. Learn more in the Issues tab. @ https://www.ebay.com/sch/i.html?_nkw=N100+mini+PC&_sop=12&_udhi=150:0
[    8776ms] [WARNING] Third-party cookie will be blocked. Learn more in the Issues tab. @ https://www.ebay.com/sch/i.html?_nkw=N100+mini+PC&_sop=12&_udhi=150:0
[    8776ms] [WARNING] Third-party cookie will be blocked. Learn more in the Issues tab. @ https://www.ebay.com/sch/i.html?_nkw=N100+mini+PC&_sop=12&_udhi=150:0
[    9561ms] [WARNING] Third-party cookie will be blocked. Learn more in the Issues tab. @ https://www.ebay.com/sch/i.html?_nkw=N100+mini+PC&_sop=12&_udhi=150:0
[    9561ms] [WARNING] Third-party cookie will be blocked. Learn more in the Issues tab. @ https://www.ebay.com/sch/i.html?_nkw=N100+mini+PC&_sop=12&_udhi=150:0
[    9561ms] [WARNING] Third-party cookie will be blocked. Learn more in the Issues tab. @ https://www.ebay.com/sch/i.html?_nkw=N100+mini+PC&_sop=12&_udhi=150:0
[    9561ms] [WARNING] Third-party cookie will be blocked. Learn more in the Issues tab. @ https://www.ebay.com/sch/i.html?_nkw=N100+mini+PC&_sop=12&_udhi=150:0
[    9561ms] [WARNING] Third-party cookie will be blocked. Learn more in the Issues tab. @ https://www.ebay.com/sch/i.html?_nkw=N100+mini+PC&_sop=12&_udhi=150:0
[    9561ms] [WARNING] Third-party cookie will be blocked. Learn more in the Issues tab. @ https://www.ebay.com/sch/i.html?_nkw=N100+mini+PC&_sop=12&_udhi=150:0
[   17032ms] [WARNING] Third-party cookie will be blocked. Learn more in the Issues tab. @ https://www.ebay.com/sch/i.html?_nkw=N100+mini+PC&_sop=12&_udhi=150:0
