[    6631ms] [WARNING] Header: trk missing @ https://ir.ebaystatic.com/rs/c/globalheaderweb/index_lcNW.02410537.js:0
[    7629ms] [LOG] joinUs() at %ce%cb%ca%cy%c! font-weight:bold;color:#e53238; font-weight:bold;color:#0064d2 font-weight:bold;color:#f5af02 font-weight:bold;color:#86b817 color:black @ https://ir.ebaystatic.com/rs/c/srpnweb/common-DEJgr_P0.js:1
[    8290ms] [WARNING] Header: trk missing @ https://ir.ebaystatic.com/rs/c/globalheaderweb/index_lcNW.02410537.js:0
[    8291ms] [WARNING] Header: trk missing @ https://ir.ebaystatic.com/rs/c/globalheaderweb/index_lcNW.02410537.js:0
[    8431ms] [WARNING] Header: trk missing @ https://ir.ebaystatic.com/rs/c/globalheaderweb/index_lcNW.02410537.js:0
[    8440ms] [WARNING] The PerformanceObserver does not support buffered flag with the entryTypes argument. @ https://ir.ebaystatic.com/rs/c/srpnweb/vendor-8nOrQJTy.js:0
[    8802ms] [WARNING] The AudioContext was not allowed to start. It must be resumed (or created) after a user gesture on the page. https://goo.gl/7K7WLu @ https://www.ebay.com/-U8sGbyWrvIp1/pnLRKxY5RtV/6SY/8k3urh9Lub5X/AF8NWHFkaQE/BStZJDod/Sg93?v=af37d83a-d30c-f8c6-50a1-c3fd1a0317d6:0
[   12280ms] [LOG] done @ https://www.ebay.com/sch/i.html?_nkw=Orange+Pi+5&_sop=12&LH_Complete=1&LH_Sold=1:4
[   12401ms] [WARNING] Third-party cookie will be blocked. Learn more in the Issues tab. @ https://www.ebay.com/sch/i.html?_nkw=Orange+Pi+5&_sop=12&LH_Complete=1&LH_Sold=1:0
[   12950ms] [WARNING] Third-party cookie will be blocked. Learn more in the Issues tab. @ https://www.ebay.com/sch/i.html?_nkw=Orange+Pi+5&_sop=12&LH_Complete=1&LH_Sold=1:0
[   14124ms] [WARNING] Third-party cookie will be blocked. Learn more in the Issues tab. @ https://www.ebay.com/sch/i.html?_nkw=Orange+Pi+5&_sop=12&LH_Complete=1&LH_Sold=1:0
[   14267ms] [WARNING] [GPT] PubAdsService.collapseEmptyDivs is deprecated, use googletag.setConfig({collapseDiv: ...}) instead.
https://goo.gle/gpt-message#170 @ https://securepubads.g.doubleclick.net/pagead/managed/js/gpt/m202605260101/pubads_impl.js:18
[   14277ms] [WARNING] [GPT] Slot.setTargeting is deprecated, use Slot.setConfig({targeting: ...}) instead.
https://goo.gle/gpt-message#171 @ https://securepubads.g.doubleclick.net/pagead/managed/js/gpt/m202605260101/pubads_impl.js:18
[   15396ms] [WARNING] Third-party cookie will be blocked. Learn more in the Issues tab. @ https://www.ebay.com/sch/i.html?_nkw=Orange+Pi+5&_sop=12&LH_Complete=1&LH_Sold=1:0
[   15396ms] [WARNING] Third-party cookie will be blocked. Learn more in the Issues tab. @ https://www.ebay.com/sch/i.html?_nkw=Orange+Pi+5&_sop=12&LH_Complete=1&LH_Sold=1:0
[   15580ms] [WARNING] Third-party cookie will be blocked. Learn more in the Issues tab. @ https://www.ebay.com/sch/i.html?_nkw=Orange+Pi+5&_sop=12&LH_Complete=1&LH_Sold=1:0
[   15580ms] [WARNING] Third-party cookie will be blocked. Learn more in the Issues tab. @ https://www.ebay.com/sch/i.html?_nkw=Orange+Pi+5&_sop=12&LH_Complete=1&LH_Sold=1:0
[   15736ms] [WARNING] Third-party cookie will be blocked. Learn more in the Issues tab. @ https://www.ebay.com/sch/i.html?_nkw=Orange+Pi+5&_sop=12&LH_Complete=1&LH_Sold=1:0
[   15736ms] [WARNING] Third-party cookie will be blocked. Learn more in the Issues tab. @ https://www.ebay.com/sch/i.html?_nkw=Orange+Pi+5&_sop=12&LH_Complete=1&LH_Sold=1:0
[   15954ms] [WARNING] Third-party cookie will be blocked. Learn more in the Issues tab. @ https://www.ebay.com/sch/i.html?_nkw=Orange+Pi+5&_sop=12&LH_Complete=1&LH_Sold=1:0
[   15954ms] [WARNING] Third-party cookie will be blocked. Learn more in the Issues tab. @ https://www.ebay.com/sch/i.html?_nkw=Orange+Pi+5&_sop=12&LH_Complete=1&LH_Sold=1:0
[   16125ms] [WARNING] Third-party cookie will be blocked. Learn more in the Issues tab. @ https://www.ebay.com/sch/i.html?_nkw=Orange+Pi+5&_sop=12&LH_Complete=1&LH_Sold=1:0
[   16125ms] [WARNING] Third-party cookie will be blocked. Learn more in the Issues tab. @ https://www.ebay.com/sch/i.html?_nkw=Orange+Pi+5&_sop=12&LH_Complete=1&LH_Sold=1:0
[   16203ms] [WARNING] Third-party cookie will be blocked. Learn more in the Issues tab. @ https://www.ebay.com/sch/i.html?_nkw=Orange+Pi+5&_sop=12&LH_Complete=1&LH_Sold=1:0
[   16322ms] [WARNING] Third-party cookie will be blocked. Learn more in the Issues tab. @ https://www.ebay.com/sch/i.html?_nkw=Orange+Pi+5&_sop=12&LH_Complete=1&LH_Sold=1:0
[   16322ms] [WARNING] Third-party cookie will be blocked. Learn more in the Issues tab. @ https://www.ebay.com/sch/i.html?_nkw=Orange+Pi+5&_sop=12&LH_Complete=1&LH_Sold=1:0
[   17788ms] [WARNING] Third-party cookie will be blocked. Learn more in the Issues tab. @ https://www.ebay.com/sch/i.html?_nkw=Orange+Pi+5&_sop=12&LH_Complete=1&LH_Sold=1:0
[   18416ms] [WARNING] Third-party cookie will be blocked. Learn more in the Issues tab. @ https://www.ebay.com/sch/i.html?_nkw=Orange+Pi+5&_sop=12&LH_Complete=1&LH_Sold=1:0
[   18416ms] [WARNING] Third-party cookie will be blocked. Learn more in the Issues tab. @ https://www.ebay.com/sch/i.html?_nkw=Orange+Pi+5&_sop=12&LH_Complete=1&LH_Sold=1:0
[   18416ms] [WARNING] Third-party cookie will be blocked. Learn more in the Issues tab. @ https://www.ebay.com/sch/i.html?_nkw=Orange+Pi+5&_sop=12&LH_Complete=1&LH_Sold=1:0
[   18789ms] [WARNING] Third-party cookie will be blocked. Learn more in the Issues tab. @ https://www.ebay.com/sch/i.html?_nkw=Orange+Pi+5&_sop=12&LH_Complete=1&LH_Sold=1:0
[   19006ms] [WARNING] Third-party cookie will be blocked. Learn more in the Issues tab. @ https://www.ebay.com/sch/i.html?_nkw=Orange+Pi+5&_sop=12&LH_Complete=1&LH_Sold=1:0
[   19315ms] [WARNING] Third-party cookie will be blocked. Learn more in the Issues tab. @ https://www.ebay.com/sch/i.html?_nkw=Orange+Pi+5&_sop=12&LH_Complete=1&LH_Sold=1:0
[   19315ms] [WARNING] Third-party cookie will be blocked. Learn more in the Issues tab. @ https://www.ebay.com/sch/i.html?_nkw=Orange+Pi+5&_sop=12&LH_Complete=1&LH_Sold=1:0
[   19316ms] [WARNING] Third-party cookie will be blocked. Learn more in the Issues tab. @ https://www.ebay.com/sch/i.html?_nkw=Orange+Pi+5&_sop=12&LH_Complete=1&LH_Sold=1:0
[   19316ms] [WARNING] Third-party cookie will be blocked. Learn more in the Issues tab. @ https://www.ebay.com/sch/i.html?_nkw=Orange+Pi+5&_sop=12&LH_Complete=1&LH_Sold=1:0
[   19316ms] [WARNING] Third-party cookie will be blocked. Learn more in the Issues tab. @ https://www.ebay.com/sch/i.html?_nkw=Orange+Pi+5&_sop=12&LH_Complete=1&LH_Sold=1:0
[   19316ms] [WARNING] Third-party cookie will be blocked. Learn more in the Issues tab. @ https://www.ebay.com/sch/i.html?_nkw=Orange+Pi+5&_sop=12&LH_Complete=1&LH_Sold=1:0
[   19975ms] [WARNING] Unrecognized feature: 'attribution-reporting'. @ https://connect.facebook.net/en_US/fbevents.js:383
[   20015ms] [WARNING] Third-party cookie will be blocked. Learn more in the Issues tab. @ https://www.ebay.com/sch/i.html?_nkw=Orange+Pi+5&_sop=12&LH_Complete=1&LH_Sold=1:0
[   20016ms] [WARNING] Third-party cookie will be blocked. Learn more in the Issues tab. @ https://www.ebay.com/sch/i.html?_nkw=Orange+Pi+5&_sop=12&LH_Complete=1&LH_Sold=1:0
[   20532ms] [WARNING] Third-party cookie will be blocked. Learn more in the Issues tab. @ https://www.ebay.com/sch/i.html?_nkw=Orange+Pi+5&_sop=12&LH_Complete=1&LH_Sold=1:0
[   20532ms] [WARNING] Third-party cookie will be blocked. Learn more in the Issues tab. @ https://www.ebay.com/sch/i.html?_nkw=Orange+Pi+5&_sop=12&LH_Complete=1&LH_Sold=1:0
[   20533ms] [WARNING] Third-party cookie will be blocked. Learn more in the Issues tab. @ https://www.ebay.com/sch/i.html?_nkw=Orange+Pi+5&_sop=12&LH_Complete=1&LH_Sold=1:0
[   20533ms] [WARNING] Third-party cookie will be blocked. Learn more in the Issues tab. @ https://www.ebay.com/sch/i.html?_nkw=Orange+Pi+5&_sop=12&LH_Complete=1&LH_Sold=1:0
[   20533ms] [WARNING] Third-party cookie will be blocked. Learn more in the Issues tab. @ https://www.ebay.com/sch/i.html?_nkw=Orange+Pi+5&_sop=12&LH_Complete=1&LH_Sold=1:0
[   21239ms] [WARNING] Third-party cookie will be blocked. Learn more in the Issues tab. @ https://www.ebay.com/sch/i.html?_nkw=Orange+Pi+5&_sop=12&LH_Complete=1&LH_Sold=1:0
[   21239ms] [WARNING] Third-party cookie will be blocked. Learn more in the Issues tab. @ https://www.ebay.com/sch/i.html?_nkw=Orange+Pi+5&_sop=12&LH_Complete=1&LH_Sold=1:0
[   21239ms] [WARNING] Third-party cookie will be blocked. Learn more in the Issues tab. @ https://www.ebay.com/sch/i.html?_nkw=Orange+Pi+5&_sop=12&LH_Complete=1&LH_Sold=1:0
[   21239ms] [WARNING] Third-party cookie will be blocked. Learn more in the Issues tab. @ https://www.ebay.com/sch/i.html?_nkw=Orange+Pi+5&_sop=12&LH_Complete=1&LH_Sold=1:0
[   21239ms] [WARNING] Third-party cookie will be blocked. Learn more in the Issues tab. @ https://www.ebay.com/sch/i.html?_nkw=Orange+Pi+5&_sop=12&LH_Complete=1&LH_Sold=1:0
[   21239ms] [WARNING] Third-party cookie will be blocked. Learn more in the Issues tab. @ https://www.ebay.com/sch/i.html?_nkw=Orange+Pi+5&_sop=12&LH_Complete=1&LH_Sold=1:0
[   21415ms] [WARNING] Third-party cookie will be blocked. Learn more in the Issues tab. @ https://www.ebay.com/sch/i.html?_nkw=Orange+Pi+5&_sop=12&LH_Complete=1&LH_Sold=1:0
[   21415ms] [WARNING] Third-party cookie will be blocked. Learn more in the Issues tab. @ https://www.ebay.com/sch/i.html?_nkw=Orange+Pi+5&_sop=12&LH_Complete=1&LH_Sold=1:0
[   21416ms] [WARNING] Third-party cookie will be blocked. Learn more in the Issues tab. @ https://www.ebay.com/sch/i.html?_nkw=Orange+Pi+5&_sop=12&LH_Complete=1&LH_Sold=1:0
[   21416ms] [WARNING] Third-party cookie will be blocked. Learn more in the Issues tab. @ https://www.ebay.com/sch/i.html?_nkw=Orange+Pi+5&_sop=12&LH_Complete=1&LH_Sold=1:0
[   21416ms] [WARNING] Third-party cookie will be blocked. Learn more in the Issues tab. @ https://www.ebay.com/sch/i.html?_nkw=Orange+Pi+5&_sop=12&LH_Complete=1&LH_Sold=1:0
[   21416ms] [WARNING] Third-party cookie will be blocked. Learn more in the Issues tab. @ https://www.ebay.com/sch/i.html?_nkw=Orange+Pi+5&_sop=12&LH_Complete=1&LH_Sold=1:0
[   21420ms] [WARNING] Third-party cookie will be blocked. Learn more in the Issues tab. @ https://www.ebay.com/sch/i.html?_nkw=Orange+Pi+5&_sop=12&LH_Complete=1&LH_Sold=1:0
[   21421ms] [WARNING] Third-party cookie will be blocked. Learn more in the Issues tab. @ https://www.ebay.com/sch/i.html?_nkw=Orange+Pi+5&_sop=12&LH_Complete=1&LH_Sold=1:0
[   21421ms] [WARNING] Third-party cookie will be blocked. Learn more in the Issues tab. @ https://www.ebay.com/sch/i.html?_nkw=Orange+Pi+5&_sop=12&LH_Complete=1&LH_Sold=1:0
[   21421ms] [WARNING] Third-party cookie will be blocked. Learn more in the Issues tab. @ https://www.ebay.com/sch/i.html?_nkw=Orange+Pi+5&_sop=12&LH_Complete=1&LH_Sold=1:0
[   21421ms] [WARNING] Third-party cookie will be blocked. Learn more in the Issues tab. @ https://www.ebay.com/sch/i.html?_nkw=Orange+Pi+5&_sop=12&LH_Complete=1&LH_Sold=1:0
[   21421ms] [WARNING] Third-party cookie will be blocked. Learn more in the Issues tab. @ https://www.ebay.com/sch/i.html?_nkw=Orange+Pi+5&_sop=12&LH_Complete=1&LH_Sold=1:0
[   21716ms] [WARNING] Third-party cookie will be blocked. Learn more in the Issues tab. @ https://www.ebay.com/sch/i.html?_nkw=Orange+Pi+5&_sop=12&LH_Complete=1&LH_Sold=1:0
[   21716ms] [WARNING] Third-party cookie will be blocked. Learn more in the Issues tab. @ https://www.ebay.com/sch/i.html?_nkw=Orange+Pi+5&_sop=12&LH_Complete=1&LH_Sold=1:0
[   21716ms] [WARNING] Third-party cookie will be blocked. Learn more in the Issues tab. @ https://www.ebay.com/sch/i.html?_nkw=Orange+Pi+5&_sop=12&LH_Complete=1&LH_Sold=1:0
[   21716ms] [WARNING] Third-party cookie will be blocked. Learn more in the Issues tab. @ https://www.ebay.com/sch/i.html?_nkw=Orange+Pi+5&_sop=12&LH_Complete=1&LH_Sold=1:0
[   21716ms] [WARNING] Third-party cookie will be blocked. Learn more in the Issues tab. @ https://www.ebay.com/sch/i.html?_nkw=Orange+Pi+5&_sop=12&LH_Complete=1&LH_Sold=1:0
[   21716ms] [WARNING] Third-party cookie will be blocked. Learn more in the Issues tab. @ https://www.ebay.com/sch/i.html?_nkw=Orange+Pi+5&_sop=12&LH_Complete=1&LH_Sold=1:0
[   21717ms] [WARNING] Third-party cookie will be blocked. Learn more in the Issues tab. @ https://www.ebay.com/sch/i.html?_nkw=Orange+Pi+5&_sop=12&LH_Complete=1&LH_Sold=1:0
[   21721ms] [WARNING] Third-party cookie will be blocked. Learn more in the Issues tab. @ https://www.ebay.com/sch/i.html?_nkw=Orange+Pi+5&_sop=12&LH_Complete=1&LH_Sold=1:0
[   21722ms] [WARNING] Third-party cookie will be blocked. Learn more in the Issues tab. @ https://www.ebay.com/sch/i.html?_nkw=Orange+Pi+5&_sop=12&LH_Complete=1&LH_Sold=1:0
[   21722ms] [WARNING] Third-party cookie will be blocked. Learn more in the Issues tab. @ https://www.ebay.com/sch/i.html?_nkw=Orange+Pi+5&_sop=12&LH_Complete=1&LH_Sold=1:0
[   21722ms] [WARNING] Third-party cookie will be blocked. Learn more in the Issues tab. @ https://www.ebay.com/sch/i.html?_nkw=Orange+Pi+5&_sop=12&LH_Complete=1&LH_Sold=1:0
[   21722ms] [WARNING] Third-party cookie will be blocked. Learn more in the Issues tab. @ https://www.ebay.com/sch/i.html?_nkw=Orange+Pi+5&_sop=12&LH_Complete=1&LH_Sold=1:0
[   21723ms] [WARNING] Third-party cookie will be blocked. Learn more in the Issues tab. @ https://www.ebay.com/sch/i.html?_nkw=Orange+Pi+5&_sop=12&LH_Complete=1&LH_Sold=1:0
[   21723ms] [WARNING] Third-party cookie will be blocked. Learn more in the Issues tab. @ https://www.ebay.com/sch/i.html?_nkw=Orange+Pi+5&_sop=12&LH_Complete=1&LH_Sold=1:0
[   21723ms] [WARNING] Third-party cookie will be blocked. Learn more in the Issues tab. @ https://www.ebay.com/sch/i.html?_nkw=Orange+Pi+5&_sop=12&LH_Complete=1&LH_Sold=1:0
[   21723ms] [WARNING] Third-party cookie will be blocked. Learn more in the Issues tab. @ https://www.ebay.com/sch/i.html?_nkw=Orange+Pi+5&_sop=12&LH_Complete=1&LH_Sold=1:0
[   21723ms] [WARNING] Third-party cookie will be blocked. Learn more in the Issues tab. @ https://www.ebay.com/sch/i.html?_nkw=Orange+Pi+5&_sop=12&LH_Complete=1&LH_Sold=1:0
[   21724ms] [WARNING] Third-party cookie will be blocked. Learn more in the Issues tab. @ https://www.ebay.com/sch/i.html?_nkw=Orange+Pi+5&_sop=12&LH_Complete=1&LH_Sold=1:0
[   21724ms] [WARNING] Third-party cookie will be blocked. Learn more in the Issues tab. @ https://www.ebay.com/sch/i.html?_nkw=Orange+Pi+5&_sop=12&LH_Complete=1&LH_Sold=1:0
[   21724ms] [WARNING] Third-party cookie will be blocked. Learn more in the Issues tab. @ https://www.ebay.com/sch/i.html?_nkw=Orange+Pi+5&_sop=12&LH_Complete=1&LH_Sold=1:0
[   21724ms] [WARNING] Third-party cookie will be blocked. Learn more in the Issues tab. @ https://www.ebay.com/sch/i.html?_nkw=Orange+Pi+5&_sop=12&LH_Complete=1&LH_Sold=1:0
[   21724ms] [WARNING] Third-party cookie will be blocked. Learn more in the Issues tab. @ https://www.ebay.com/sch/i.html?_nkw=Orange+Pi+5&_sop=12&LH_Complete=1&LH_Sold=1:0
[   21724ms] [WARNING] Third-party cookie will be blocked. Learn more in the Issues tab. @ https://www.ebay.com/sch/i.html?_nkw=Orange+Pi+5&_sop=12&LH_Complete=1&LH_Sold=1:0
[   21724ms] [WARNING] Third-party cookie will be blocked. Learn more in the Issues tab. @ https://www.ebay.com/sch/i.html?_nkw=Orange+Pi+5&_sop=12&LH_Complete=1&LH_Sold=1:0
[   21724ms] [WARNING] Third-party cookie will be blocked. Learn more in the Issues tab. @ https://www.ebay.com/sch/i.html?_nkw=Orange+Pi+5&_sop=12&LH_Complete=1&LH_Sold=1:0
[   21725ms] [WARNING] Third-party cookie will be blocked. Learn more in the Issues tab. @ https://www.ebay.com/sch/i.html?_nkw=Orange+Pi+5&_sop=12&LH_Complete=1&LH_Sold=1:0
[   21725ms] [WARNING] Third-party cookie will be blocked. Learn more in the Issues tab. @ https://www.ebay.com/sch/i.html?_nkw=Orange+Pi+5&_sop=12&LH_Complete=1&LH_Sold=1:0
[   21725ms] [WARNING] Third-party cookie will be blocked. Learn more in the Issues tab. @ https://www.ebay.com/sch/i.html?_nkw=Orange+Pi+5&_sop=12&LH_Complete=1&LH_Sold=1:0
[   22099ms] [WARNING] Third-party cookie will be blocked. Learn more in the Issues tab. @ https://www.ebay.com/sch/i.html?_nkw=Orange+Pi+5&_sop=12&LH_Complete=1&LH_Sold=1:0
[   22099ms] [WARNING] Third-party cookie will be blocked. Learn more in the Issues tab. @ https://www.ebay.com/sch/i.html?_nkw=Orange+Pi+5&_sop=12&LH_Complete=1&LH_Sold=1:0
[   22100ms] [WARNING] Third-party cookie will be blocked. Learn more in the Issues tab. @ https://www.ebay.com/sch/i.html?_nkw=Orange+Pi+5&_sop=12&LH_Complete=1&LH_Sold=1:0
[   22104ms] [WARNING] Third-party cookie will be blocked. Learn more in the Issues tab. @ https://www.ebay.com/sch/i.html?_nkw=Orange+Pi+5&_sop=12&LH_Complete=1&LH_Sold=1:0
[   22105ms] [WARNING] Third-party cookie will be blocked. Learn more in the Issues tab. @ https://www.ebay.com/sch/i.html?_nkw=Orange+Pi+5&_sop=12&LH_Complete=1&LH_Sold=1:0
[   22449ms] [WARNING] Third-party cookie will be blocked. Learn more in the Issues tab. @ https://www.ebay.com/sch/i.html?_nkw=Orange+Pi+5&_sop=12&LH_Complete=1&LH_Sold=1:0
[   22457ms] [WARNING] Third-party cookie will be blocked. Learn more in the Issues tab. @ https://www.ebay.com/sch/i.html?_nkw=Orange+Pi+5&_sop=12&LH_Complete=1&LH_Sold=1:0
[   22615ms] [WARNING] Third-party cookie will be blocked. Learn more in the Issues tab. @ https://www.ebay.com/sch/i.html?_nkw=Orange+Pi+5&_sop=12&LH_Complete=1&LH_Sold=1:0
[   22615ms] [WARNING] Third-party cookie will be blocked. Learn more in the Issues tab. @ https://www.ebay.com/sch/i.html?_nkw=Orange+Pi+5&_sop=12&LH_Complete=1&LH_Sold=1:0
[   22615ms] [WARNING] Third-party cookie will be blocked. Learn more in the Issues tab. @ https://www.ebay.com/sch/i.html?_nkw=Orange+Pi+5&_sop=12&LH_Complete=1&LH_Sold=1:0
[   22615ms] [WARNING] Third-party cookie will be blocked. Learn more in the Issues tab. @ https://www.ebay.com/sch/i.html?_nkw=Orange+Pi+5&_sop=12&LH_Complete=1&LH_Sold=1:0
[   22615ms] [WARNING] Third-party cookie will be blocked. Learn more in the Issues tab. @ https://www.ebay.com/sch/i.html?_nkw=Orange+Pi+5&_sop=12&LH_Complete=1&LH_Sold=1:0
[   22615ms] [WARNING] Third-party cookie will be blocked. Learn more in the Issues tab. @ https://www.ebay.com/sch/i.html?_nkw=Orange+Pi+5&_sop=12&LH_Complete=1&LH_Sold=1:0
[   22616ms] [WARNING] Third-party cookie will be blocked. Learn more in the Issues tab. @ https://www.ebay.com/sch/i.html?_nkw=Orange+Pi+5&_sop=12&LH_Complete=1&LH_Sold=1:0
[   22616ms] [WARNING] Third-party cookie will be blocked. Learn more in the Issues tab. @ https://www.ebay.com/sch/i.html?_nkw=Orange+Pi+5&_sop=12&LH_Complete=1&LH_Sold=1:0
[   22616ms] [WARNING] Third-party cookie will be blocked. Learn more in the Issues tab. @ https://www.ebay.com/sch/i.html?_nkw=Orange+Pi+5&_sop=12&LH_Complete=1&LH_Sold=1:0
[   22616ms] [WARNING] Third-party cookie will be blocked. Learn more in the Issues tab. @ https://www.ebay.com/sch/i.html?_nkw=Orange+Pi+5&_sop=12&LH_Complete=1&LH_Sold=1:0
[   22616ms] [WARNING] Third-party cookie will be blocked. Learn more in the Issues tab. @ https://www.ebay.com/sch/i.html?_nkw=Orange+Pi+5&_sop=12&LH_Complete=1&LH_Sold=1:0
[   22617ms] [WARNING] Third-party cookie will be blocked. Learn more in the Issues tab. @ https://www.ebay.com/sch/i.html?_nkw=Orange+Pi+5&_sop=12&LH_Complete=1&LH_Sold=1:0
[   22620ms] [WARNING] Third-party cookie will be blocked. Learn more in the Issues tab. @ https://www.ebay.com/sch/i.html?_nkw=Orange+Pi+5&_sop=12&LH_Complete=1&LH_Sold=1:0
[   22620ms] [WARNING] Third-party cookie will be blocked. Learn more in the Issues tab. @ https://www.ebay.com/sch/i.html?_nkw=Orange+Pi+5&_sop=12&LH_Complete=1&LH_Sold=1:0
[   22620ms] [WARNING] Third-party cookie will be blocked. Learn more in the Issues tab. @ https://www.ebay.com/sch/i.html?_nkw=Orange+Pi+5&_sop=12&LH_Complete=1&LH_Sold=1:0
[   22620ms] [WARNING] Third-party cookie will be blocked. Learn more in the Issues tab. @ https://www.ebay.com/sch/i.html?_nkw=Orange+Pi+5&_sop=12&LH_Complete=1&LH_Sold=1:0
[   22620ms] [WARNING] Third-party cookie will be blocked. Learn more in the Issues tab. @ https://www.ebay.com/sch/i.html?_nkw=Orange+Pi+5&_sop=12&LH_Complete=1&LH_Sold=1:0
[   22620ms] [WARNING] Third-party cookie will be blocked. Learn more in the Issues tab. @ https://www.ebay.com/sch/i.html?_nkw=Orange+Pi+5&_sop=12&LH_Complete=1&LH_Sold=1:0
[   22621ms] [WARNING] Third-party cookie will be blocked. Learn more in the Issues tab. @ https://www.ebay.com/sch/i.html?_nkw=Orange+Pi+5&_sop=12&LH_Complete=1&LH_Sold=1:0
[   22621ms] [WARNING] Third-party cookie will be blocked. Learn more in the Issues tab. @ https://www.ebay.com/sch/i.html?_nkw=Orange+Pi+5&_sop=12&LH_Complete=1&LH_Sold=1:0
[   22621ms] [WARNING] Third-party cookie will be blocked. Learn more in the Issues tab. @ https://www.ebay.com/sch/i.html?_nkw=Orange+Pi+5&_sop=12&LH_Complete=1&LH_Sold=1:0
[   22621ms] [WARNING] Third-party cookie will be blocked. Learn more in the Issues tab. @ https://www.ebay.com/sch/i.html?_nkw=Orange+Pi+5&_sop=12&LH_Complete=1&LH_Sold=1:0
[   23055ms] [WARNING] Third-party cookie will be blocked. Learn more in the Issues tab. @ https://www.ebay.com/sch/i.html?_nkw=Orange+Pi+5&_sop=12&LH_Complete=1&LH_Sold=1:0
[   23056ms] [WARNING] Third-party cookie will be blocked. Learn more in the Issues tab. @ https://www.ebay.com/sch/i.html?_nkw=Orange+Pi+5&_sop=12&LH_Complete=1&LH_Sold=1:0
[   23056ms] [WARNING] Third-party cookie will be blocked. Learn more in the Issues tab. @ https://www.ebay.com/sch/i.html?_nkw=Orange+Pi+5&_sop=12&LH_Complete=1&LH_Sold=1:0
[   23056ms] [WARNING] Third-party cookie will be blocked. Learn more in the Issues tab. @ https://www.ebay.com/sch/i.html?_nkw=Orange+Pi+5&_sop=12&LH_Complete=1&LH_Sold=1:0
[   23056ms] [WARNING] Third-party cookie will be blocked. Learn more in the Issues tab. @ https://www.ebay.com/sch/i.html?_nkw=Orange+Pi+5&_sop=12&LH_Complete=1&LH_Sold=1:0
[   23056ms] [WARNING] Third-party cookie will be blocked. Learn more in the Issues tab. @ https://www.ebay.com/sch/i.html?_nkw=Orange+Pi+5&_sop=12&LH_Complete=1&LH_Sold=1:0
[   23059ms] [WARNING] Third-party cookie will be blocked. Learn more in the Issues tab. @ https://www.ebay.com/sch/i.html?_nkw=Orange+Pi+5&_sop=12&LH_Complete=1&LH_Sold=1:0
[   23059ms] [WARNING] Third-party cookie will be blocked. Learn more in the Issues tab. @ https://www.ebay.com/sch/i.html?_nkw=Orange+Pi+5&_sop=12&LH_Complete=1&LH_Sold=1:0
[   23060ms] [WARNING] Third-party cookie will be blocked. Learn more in the Issues tab. @ https://www.ebay.com/sch/i.html?_nkw=Orange+Pi+5&_sop=12&LH_Complete=1&LH_Sold=1:0
[   23060ms] [WARNING] Third-party cookie will be blocked. Learn more in the Issues tab. @ https://www.ebay.com/sch/i.html?_nkw=Orange+Pi+5&_sop=12&LH_Complete=1&LH_Sold=1:0
[   23060ms] [WARNING] Third-party cookie will be blocked. Learn more in the Issues tab. @ https://www.ebay.com/sch/i.html?_nkw=Orange+Pi+5&_sop=12&LH_Complete=1&LH_Sold=1:0
[   23060ms] [WARNING] Third-party cookie will be blocked. Learn more in the Issues tab. @ https://www.ebay.com/sch/i.html?_nkw=Orange+Pi+5&_sop=12&LH_Complete=1&LH_Sold=1:0
[   23073ms] [WARNING] Third-party cookie will be blocked. Learn more in the Issues tab. @ https://www.ebay.com/sch/i.html?_nkw=Orange+Pi+5&_sop=12&LH_Complete=1&LH_Sold=1:0
[   23073ms] [WARNING] Third-party cookie will be blocked. Learn more in the Issues tab. @ https://www.ebay.com/sch/i.html?_nkw=Orange+Pi+5&_sop=12&LH_Complete=1&LH_Sold=1:0
[   23073ms] [WARNING] Third-party cookie will be blocked. Learn more in the Issues tab. @ https://www.ebay.com/sch/i.html?_nkw=Orange+Pi+5&_sop=12&LH_Complete=1&LH_Sold=1:0
[   23073ms] [WARNING] Third-party cookie will be blocked. Learn more in the Issues tab. @ https://www.ebay.com/sch/i.html?_nkw=Orange+Pi+5&_sop=12&LH_Complete=1&LH_Sold=1:0
[   23074ms] [WARNING] Third-party cookie will be blocked. Learn more in the Issues tab. @ https://www.ebay.com/sch/i.html?_nkw=Orange+Pi+5&_sop=12&LH_Complete=1&LH_Sold=1:0
[   23074ms] [WARNING] Third-party cookie will be blocked. Learn more in the Issues tab. @ https://www.ebay.com/sch/i.html?_nkw=Orange+Pi+5&_sop=12&LH_Complete=1&LH_Sold=1:0
[   23087ms] [WARNING] Third-party cookie will be blocked. Learn more in the Issues tab. @ https://www.ebay.com/sch/i.html?_nkw=Orange+Pi+5&_sop=12&LH_Complete=1&LH_Sold=1:0
[   23087ms] [WARNING] Third-party cookie will be blocked. Learn more in the Issues tab. @ https://www.ebay.com/sch/i.html?_nkw=Orange+Pi+5&_sop=12&LH_Complete=1&LH_Sold=1:0
[   23087ms] [WARNING] Third-party cookie will be blocked. Learn more in the Issues tab. @ https://www.ebay.com/sch/i.html?_nkw=Orange+Pi+5&_sop=12&LH_Complete=1&LH_Sold=1:0
[   23087ms] [WARNING] Third-party cookie will be blocked. Learn more in the Issues tab. @ https://www.ebay.com/sch/i.html?_nkw=Orange+Pi+5&_sop=12&LH_Complete=1&LH_Sold=1:0
[   23087ms] [WARNING] Third-party cookie will be blocked. Learn more in the Issues tab. @ https://www.ebay.com/sch/i.html?_nkw=Orange+Pi+5&_sop=12&LH_Complete=1&LH_Sold=1:0
[   23087ms] [WARNING] Third-party cookie will be blocked. Learn more in the Issues tab. @ https://www.ebay.com/sch/i.html?_nkw=Orange+Pi+5&_sop=12&LH_Complete=1&LH_Sold=1:0
[   23089ms] [WARNING] Third-party cookie will be blocked. Learn more in the Issues tab. @ https://www.ebay.com/sch/i.html?_nkw=Orange+Pi+5&_sop=12&LH_Complete=1&LH_Sold=1:0
[   23089ms] [WARNING] Third-party cookie will be blocked. Learn more in the Issues tab. @ https://www.ebay.com/sch/i.html?_nkw=Orange+Pi+5&_sop=12&LH_Complete=1&LH_Sold=1:0
[   23089ms] [WARNING] Third-party cookie will be blocked. Learn more in the Issues tab. @ https://www.ebay.com/sch/i.html?_nkw=Orange+Pi+5&_sop=12&LH_Complete=1&LH_Sold=1:0
[   23090ms] [WARNING] Third-party cookie will be blocked. Learn more in the Issues tab. @ https://www.ebay.com/sch/i.html?_nkw=Orange+Pi+5&_sop=12&LH_Complete=1&LH_Sold=1:0
[   23090ms] [WARNING] Third-party cookie will be blocked. Learn more in the Issues tab. @ https://www.ebay.com/sch/i.html?_nkw=Orange+Pi+5&_sop=12&LH_Complete=1&LH_Sold=1:0
[   23090ms] [WARNING] Third-party cookie will be blocked. Learn more in the Issues tab. @ https://www.ebay.com/sch/i.html?_nkw=Orange+Pi+5&_sop=12&LH_Complete=1&LH_Sold=1:0
[   28515ms] [WARNING] Third-party cookie will be blocked. Learn more in the Issues tab. @ https://www.ebay.com/sch/i.html?_nkw=Orange+Pi+5&_sop=12&LH_Complete=1&LH_Sold=1:0
[   43675ms] [WARNING] Third-party cookie will be blocked. Learn more in the Issues tab. @ https://www.ebay.com/sch/i.html?_nkw=Orange+Pi+5&_sop=12&LH_Complete=1&LH_Sold=1:0
[   43676ms] [WARNING] Third-party cookie will be blocked. Learn more in the Issues tab. @ https://www.ebay.com/sch/i.html?_nkw=Orange+Pi+5&_sop=12&LH_Complete=1&LH_Sold=1:0
[   43684ms] [WARNING] Third-party cookie will be blocked. Learn more in the Issues tab. @ https://www.ebay.com/sch/i.html?_nkw=Orange+Pi+5&_sop=12&LH_Complete=1&LH_Sold=1:0
[   43684ms] [WARNING] Third-party cookie will be blocked. Learn more in the Issues tab. @ https://www.ebay.com/sch/i.html?_nkw=Orange+Pi+5&_sop=12&LH_Complete=1&LH_Sold=1:0
[   43712ms] [WARNING] Third-party cookie will be blocked. Learn more in the Issues tab. @ https://www.ebay.com/sch/i.html?_nkw=Orange+Pi+5&_sop=12&LH_Complete=1&LH_Sold=1:0
[   43712ms] [WARNING] Third-party cookie will be blocked. Learn more in the Issues tab. @ https://www.ebay.com/sch/i.html?_nkw=Orange+Pi+5&_sop=12&LH_Complete=1&LH_Sold=1:0
[   74841ms] [WARNING] Third-party cookie will be blocked. Learn more in the Issues tab. @ https://www.ebay.com/sch/i.html?_nkw=Orange+Pi+5&_sop=12&LH_Complete=1&LH_Sold=1:0
[   74841ms] [WARNING] Third-party cookie will be blocked. Learn more in the Issues tab. @ https://www.ebay.com/sch/i.html?_nkw=Orange+Pi+5&_sop=12&LH_Complete=1&LH_Sold=1:0
[   74842ms] [WARNING] Third-party cookie will be blocked. Learn more in the Issues tab. @ https://www.ebay.com/sch/i.html?_nkw=Orange+Pi+5&_sop=12&LH_Complete=1&LH_Sold=1:0
[   74842ms] [WARNING] Third-party cookie will be blocked. Learn more in the Issues tab. @ https://www.ebay.com/sch/i.html?_nkw=Orange+Pi+5&_sop=12&LH_Complete=1&LH_Sold=1:0
[   75804ms] [WARNING] Third-party cookie will be blocked. Learn more in the Issues tab. @ https://www.ebay.com/sch/i.html?_nkw=Orange+Pi+5&_sop=12&LH_Complete=1&LH_Sold=1:0
[   75807ms] [WARNING] Third-party cookie will be blocked. Learn more in the Issues tab. @ https://www.ebay.com/sch/i.html?_nkw=Orange+Pi+5&_sop=12&LH_Complete=1&LH_Sold=1:0
[   75824ms] [WARNING] Third-party cookie will be blocked. Learn more in the Issues tab. @ https://www.ebay.com/sch/i.html?_nkw=Orange+Pi+5&_sop=12&LH_Complete=1&LH_Sold=1:0
[   75824ms] [WARNING] Third-party cookie will be blocked. Learn more in the Issues tab. @ https://www.ebay.com/sch/i.html?_nkw=Orange+Pi+5&_sop=12&LH_Complete=1&LH_Sold=1:0
