[     911ms] [WARNING] Third-party cookie will be blocked. Learn more in the Issues tab. @ https://www.goofish.com/search?q=%E7%BA%A2%E7%B1%B3AX6000:0
[     911ms] [WARNING] Third-party cookie will be blocked. Learn more in the Issues tab. @ https://www.goofish.com/search?q=%E7%BA%A2%E7%B1%B3AX6000:0
[    5807ms] [WARNING] Header: trk missing @ https://ir.ebaystatic.com/rs/c/globalheaderweb/index_lcNW.02410537.js:0
[    6827ms] [LOG] joinUs() at %ce%cb%ca%cy%c! font-weight:bold;color:#e53238; font-weight:bold;color:#0064d2 font-weight:bold;color:#f5af02 font-weight:bold;color:#86b817 color:black @ https://ir.ebaystatic.com/rs/c/srpnweb/common-DEJgr_P0.js:1
[    7123ms] [WARNING] Header: trk missing @ https://ir.ebaystatic.com/rs/c/globalheaderweb/index_lcNW.02410537.js:0
[    7123ms] [WARNING] Header: trk missing @ https://ir.ebaystatic.com/rs/c/globalheaderweb/index_lcNW.02410537.js:0
[    7176ms] [WARNING] Header: trk missing @ https://ir.ebaystatic.com/rs/c/globalheaderweb/index_lcNW.02410537.js:0
[    7395ms] [WARNING] The AudioContext was not allowed to start. It must be resumed (or created) after a user gesture on the page. https://goo.gl/7K7WLu @ https://www.ebay.co.uk/MXXQEq/H/5/mEDY5YyXVSMh/z0Y14LOLG9iu/R09MCls8Ag/NkwFLkkR/WDR2?v=b37c7551-1141-c597-f195-377b75b917d6:0
[    8857ms] [LOG] done @ https://www.ebay.co.uk/sch/i.html?_nkw=CMCC+RAX3000M+router&LH_ItemCondition=3000&_sacat=0:4
[    8865ms] [WARNING] Third-party cookie will be blocked. Learn more in the Issues tab. @ https://www.ebay.co.uk/sch/i.html?_nkw=CMCC+RAX3000M+router&LH_ItemCondition=3000&_sacat=0:0
[    8865ms] [WARNING] Third-party cookie will be blocked. Learn more in the Issues tab. @ https://www.ebay.co.uk/sch/i.html?_nkw=CMCC+RAX3000M+router&LH_ItemCondition=3000&_sacat=0:0
[    8866ms] [WARNING] Third-party cookie will be blocked. Learn more in the Issues tab. @ https://www.ebay.co.uk/sch/i.html?_nkw=CMCC+RAX3000M+router&LH_ItemCondition=3000&_sacat=0:0
[    8866ms] [WARNING] Third-party cookie will be blocked. Learn more in the Issues tab. @ https://www.ebay.co.uk/sch/i.html?_nkw=CMCC+RAX3000M+router&LH_ItemCondition=3000&_sacat=0:0
[    8866ms] [WARNING] Third-party cookie will be blocked. Learn more in the Issues tab. @ https://www.ebay.co.uk/sch/i.html?_nkw=CMCC+RAX3000M+router&LH_ItemCondition=3000&_sacat=0:0
[   10692ms] [WARNING] Third-party cookie will be blocked. Learn more in the Issues tab. @ https://www.ebay.co.uk/sch/i.html?_nkw=CMCC+RAX3000M+router&LH_ItemCondition=3000&_sacat=0:0
[   10692ms] [WARNING] Third-party cookie will be blocked. Learn more in the Issues tab. @ https://www.ebay.co.uk/sch/i.html?_nkw=CMCC+RAX3000M+router&LH_ItemCondition=3000&_sacat=0:0
[   10692ms] [WARNING] Third-party cookie will be blocked. Learn more in the Issues tab. @ https://www.ebay.co.uk/sch/i.html?_nkw=CMCC+RAX3000M+router&LH_ItemCondition=3000&_sacat=0:0
[   10692ms] [WARNING] Third-party cookie will be blocked. Learn more in the Issues tab. @ https://www.ebay.co.uk/sch/i.html?_nkw=CMCC+RAX3000M+router&LH_ItemCondition=3000&_sacat=0:0
[   10768ms] [WARNING] Third-party cookie will be blocked. Learn more in the Issues tab. @ https://www.ebay.co.uk/sch/i.html?_nkw=CMCC+RAX3000M+router&LH_ItemCondition=3000&_sacat=0:0
[   10768ms] [WARNING] Third-party cookie will be blocked. Learn more in the Issues tab. @ https://www.ebay.co.uk/sch/i.html?_nkw=CMCC+RAX3000M+router&LH_ItemCondition=3000&_sacat=0:0
[   10768ms] [WARNING] Third-party cookie will be blocked. Learn more in the Issues tab. @ https://www.ebay.co.uk/sch/i.html?_nkw=CMCC+RAX3000M+router&LH_ItemCondition=3000&_sacat=0:0
[   11624ms] [WARNING] Third-party cookie will be blocked. Learn more in the Issues tab. @ https://www.ebay.co.uk/sch/i.html?_nkw=CMCC+RAX3000M+router&LH_ItemCondition=3000&_sacat=0:0
[   11624ms] [WARNING] Third-party cookie will be blocked. Learn more in the Issues tab. @ https://www.ebay.co.uk/sch/i.html?_nkw=CMCC+RAX3000M+router&LH_ItemCondition=3000&_sacat=0:0
[   11624ms] [WARNING] Third-party cookie will be blocked. Learn more in the Issues tab. @ https://www.ebay.co.uk/sch/i.html?_nkw=CMCC+RAX3000M+router&LH_ItemCondition=3000&_sacat=0:0
[   12006ms] [WARNING] Third-party cookie will be blocked. Learn more in the Issues tab. @ https://www.ebay.co.uk/sch/i.html?_nkw=CMCC+RAX3000M+router&LH_ItemCondition=3000&_sacat=0:0
[   12269ms] [WARNING] [GPT] PubAdsService.collapseEmptyDivs is deprecated, use googletag.setConfig({collapseDiv: ...}) instead.
https://goo.gle/gpt-message#170 @ https://securepubads.g.doubleclick.net/pagead/managed/js/gpt/m202605260101/pubads_impl.js:18
[   12284ms] [WARNING] [GPT] Slot.setTargeting is deprecated, use Slot.setConfig({targeting: ...}) instead.
https://goo.gle/gpt-message#171 @ https://securepubads.g.doubleclick.net/pagead/managed/js/gpt/m202605260101/pubads_impl.js:18
[   12805ms] [WARNING] Third-party cookie will be blocked. Learn more in the Issues tab. @ https://www.ebay.co.uk/sch/i.html?_nkw=CMCC+RAX3000M+router&LH_ItemCondition=3000&_sacat=0:0
[   12805ms] [WARNING] Third-party cookie will be blocked. Learn more in the Issues tab. @ https://www.ebay.co.uk/sch/i.html?_nkw=CMCC+RAX3000M+router&LH_ItemCondition=3000&_sacat=0:0
[   12805ms] [WARNING] Third-party cookie will be blocked. Learn more in the Issues tab. @ https://www.ebay.co.uk/sch/i.html?_nkw=CMCC+RAX3000M+router&LH_ItemCondition=3000&_sacat=0:0
[   12807ms] [WARNING] Third-party cookie will be blocked. Learn more in the Issues tab. @ https://www.ebay.co.uk/sch/i.html?_nkw=CMCC+RAX3000M+router&LH_ItemCondition=3000&_sacat=0:0
[   12807ms] [WARNING] Third-party cookie will be blocked. Learn more in the Issues tab. @ https://www.ebay.co.uk/sch/i.html?_nkw=CMCC+RAX3000M+router&LH_ItemCondition=3000&_sacat=0:0
[   12807ms] [WARNING] Third-party cookie will be blocked. Learn more in the Issues tab. @ https://www.ebay.co.uk/sch/i.html?_nkw=CMCC+RAX3000M+router&LH_ItemCondition=3000&_sacat=0:0
[   12808ms] [WARNING] Third-party cookie will be blocked. Learn more in the Issues tab. @ https://www.ebay.co.uk/sch/i.html?_nkw=CMCC+RAX3000M+router&LH_ItemCondition=3000&_sacat=0:0
[   12808ms] [WARNING] Third-party cookie will be blocked. Learn more in the Issues tab. @ https://www.ebay.co.uk/sch/i.html?_nkw=CMCC+RAX3000M+router&LH_ItemCondition=3000&_sacat=0:0
[   12808ms] [WARNING] Third-party cookie will be blocked. Learn more in the Issues tab. @ https://www.ebay.co.uk/sch/i.html?_nkw=CMCC+RAX3000M+router&LH_ItemCondition=3000&_sacat=0:0
[   12809ms] [WARNING] Third-party cookie will be blocked. Learn more in the Issues tab. @ https://www.ebay.co.uk/sch/i.html?_nkw=CMCC+RAX3000M+router&LH_ItemCondition=3000&_sacat=0:0
[   12809ms] [WARNING] Third-party cookie will be blocked. Learn more in the Issues tab. @ https://www.ebay.co.uk/sch/i.html?_nkw=CMCC+RAX3000M+router&LH_ItemCondition=3000&_sacat=0:0
[   12809ms] [WARNING] Third-party cookie will be blocked. Learn more in the Issues tab. @ https://www.ebay.co.uk/sch/i.html?_nkw=CMCC+RAX3000M+router&LH_ItemCondition=3000&_sacat=0:0
[   12814ms] [WARNING] Third-party cookie will be blocked. Learn more in the Issues tab. @ https://www.ebay.co.uk/sch/i.html?_nkw=CMCC+RAX3000M+router&LH_ItemCondition=3000&_sacat=0:0
[   12814ms] [WARNING] Third-party cookie will be blocked. Learn more in the Issues tab. @ https://www.ebay.co.uk/sch/i.html?_nkw=CMCC+RAX3000M+router&LH_ItemCondition=3000&_sacat=0:0
[   12815ms] [WARNING] Third-party cookie will be blocked. Learn more in the Issues tab. @ https://www.ebay.co.uk/sch/i.html?_nkw=CMCC+RAX3000M+router&LH_ItemCondition=3000&_sacat=0:0
[   12815ms] [WARNING] Third-party cookie will be blocked. Learn more in the Issues tab. @ https://www.ebay.co.uk/sch/i.html?_nkw=CMCC+RAX3000M+router&LH_ItemCondition=3000&_sacat=0:0
[   12815ms] [WARNING] Third-party cookie will be blocked. Learn more in the Issues tab. @ https://www.ebay.co.uk/sch/i.html?_nkw=CMCC+RAX3000M+router&LH_ItemCondition=3000&_sacat=0:0
[   12815ms] [WARNING] Third-party cookie will be blocked. Learn more in the Issues tab. @ https://www.ebay.co.uk/sch/i.html?_nkw=CMCC+RAX3000M+router&LH_ItemCondition=3000&_sacat=0:0
[   12816ms] [WARNING] Third-party cookie will be blocked. Learn more in the Issues tab. @ https://www.ebay.co.uk/sch/i.html?_nkw=CMCC+RAX3000M+router&LH_ItemCondition=3000&_sacat=0:0
[   12816ms] [WARNING] Third-party cookie will be blocked. Learn more in the Issues tab. @ https://www.ebay.co.uk/sch/i.html?_nkw=CMCC+RAX3000M+router&LH_ItemCondition=3000&_sacat=0:0
[   12817ms] [WARNING] Third-party cookie will be blocked. Learn more in the Issues tab. @ https://www.ebay.co.uk/sch/i.html?_nkw=CMCC+RAX3000M+router&LH_ItemCondition=3000&_sacat=0:0
[   12819ms] [WARNING] Third-party cookie will be blocked. Learn more in the Issues tab. @ https://www.ebay.co.uk/sch/i.html?_nkw=CMCC+RAX3000M+router&LH_ItemCondition=3000&_sacat=0:0
[   12819ms] [WARNING] Third-party cookie will be blocked. Learn more in the Issues tab. @ https://www.ebay.co.uk/sch/i.html?_nkw=CMCC+RAX3000M+router&LH_ItemCondition=3000&_sacat=0:0
[   12819ms] [WARNING] Third-party cookie will be blocked. Learn more in the Issues tab. @ https://www.ebay.co.uk/sch/i.html?_nkw=CMCC+RAX3000M+router&LH_ItemCondition=3000&_sacat=0:0
[   13497ms] [WARNING] Third-party cookie will be blocked. Learn more in the Issues tab. @ https://www.ebay.co.uk/sch/i.html?_nkw=CMCC+RAX3000M+router&LH_ItemCondition=3000&_sacat=0:0
[   13497ms] [WARNING] Third-party cookie will be blocked. Learn more in the Issues tab. @ https://www.ebay.co.uk/sch/i.html?_nkw=CMCC+RAX3000M+router&LH_ItemCondition=3000&_sacat=0:0
[   13772ms] [WARNING] Third-party cookie will be blocked. Learn more in the Issues tab. @ https://www.ebay.co.uk/sch/i.html?_nkw=CMCC+RAX3000M+router&LH_ItemCondition=3000&_sacat=0:0
[   13772ms] [WARNING] Third-party cookie will be blocked. Learn more in the Issues tab. @ https://www.ebay.co.uk/sch/i.html?_nkw=CMCC+RAX3000M+router&LH_ItemCondition=3000&_sacat=0:0
[   13783ms] [WARNING] Third-party cookie will be blocked. Learn more in the Issues tab. @ https://www.ebay.co.uk/sch/i.html?_nkw=CMCC+RAX3000M+router&LH_ItemCondition=3000&_sacat=0:0
[   13783ms] [WARNING] Third-party cookie will be blocked. Learn more in the Issues tab. @ https://www.ebay.co.uk/sch/i.html?_nkw=CMCC+RAX3000M+router&LH_ItemCondition=3000&_sacat=0:0
[   14039ms] [WARNING] Third-party cookie will be blocked. Learn more in the Issues tab. @ https://www.ebay.co.uk/sch/i.html?_nkw=CMCC+RAX3000M+router&LH_ItemCondition=3000&_sacat=0:0
[   14073ms] [WARNING] Third-party cookie will be blocked. Learn more in the Issues tab. @ https://www.ebay.co.uk/sch/i.html?_nkw=CMCC+RAX3000M+router&LH_ItemCondition=3000&_sacat=0:0
[   14073ms] [WARNING] Third-party cookie will be blocked. Learn more in the Issues tab. @ https://www.ebay.co.uk/sch/i.html?_nkw=CMCC+RAX3000M+router&LH_ItemCondition=3000&_sacat=0:0
[   14286ms] [WARNING] Third-party cookie will be blocked. Learn more in the Issues tab. @ https://www.ebay.co.uk/sch/i.html?_nkw=CMCC+RAX3000M+router&LH_ItemCondition=3000&_sacat=0:0
[   14286ms] [WARNING] Third-party cookie will be blocked. Learn more in the Issues tab. @ https://www.ebay.co.uk/sch/i.html?_nkw=CMCC+RAX3000M+router&LH_ItemCondition=3000&_sacat=0:0
[   14450ms] [WARNING] Third-party cookie will be blocked. Learn more in the Issues tab. @ https://www.ebay.co.uk/sch/i.html?_nkw=CMCC+RAX3000M+router&LH_ItemCondition=3000&_sacat=0:0
[   14450ms] [WARNING] Third-party cookie will be blocked. Learn more in the Issues tab. @ https://www.ebay.co.uk/sch/i.html?_nkw=CMCC+RAX3000M+router&LH_ItemCondition=3000&_sacat=0:0
[   14634ms] [WARNING] Third-party cookie will be blocked. Learn more in the Issues tab. @ https://www.ebay.co.uk/sch/i.html?_nkw=CMCC+RAX3000M+router&LH_ItemCondition=3000&_sacat=0:0
[   14634ms] [WARNING] Third-party cookie will be blocked. Learn more in the Issues tab. @ https://www.ebay.co.uk/sch/i.html?_nkw=CMCC+RAX3000M+router&LH_ItemCondition=3000&_sacat=0:0
[   15436ms] [WARNING] Third-party cookie will be blocked. Learn more in the Issues tab. @ https://www.ebay.co.uk/sch/i.html?_nkw=CMCC+RAX3000M+router&LH_ItemCondition=3000&_sacat=0:0
[   15436ms] [WARNING] Third-party cookie will be blocked. Learn more in the Issues tab. @ https://www.ebay.co.uk/sch/i.html?_nkw=CMCC+RAX3000M+router&LH_ItemCondition=3000&_sacat=0:0
[   15437ms] [WARNING] Third-party cookie will be blocked. Learn more in the Issues tab. @ https://www.ebay.co.uk/sch/i.html?_nkw=CMCC+RAX3000M+router&LH_ItemCondition=3000&_sacat=0:0
[   16314ms] [WARNING] Third-party cookie will be blocked. Learn more in the Issues tab. @ https://www.ebay.co.uk/sch/i.html?_nkw=CMCC+RAX3000M+router&LH_ItemCondition=3000&_sacat=0:0
[   16733ms] [WARNING] Third-party cookie will be blocked. Learn more in the Issues tab. @ https://www.ebay.co.uk/sch/i.html?_nkw=CMCC+RAX3000M+router&LH_ItemCondition=3000&_sacat=0:0
[   17079ms] [WARNING] Third-party cookie will be blocked. Learn more in the Issues tab. @ https://www.ebay.co.uk/sch/i.html?_nkw=CMCC+RAX3000M+router&LH_ItemCondition=3000&_sacat=0:0
[   17079ms] [WARNING] Third-party cookie will be blocked. Learn more in the Issues tab. @ https://www.ebay.co.uk/sch/i.html?_nkw=CMCC+RAX3000M+router&LH_ItemCondition=3000&_sacat=0:0
[   17079ms] [WARNING] Third-party cookie will be blocked. Learn more in the Issues tab. @ https://www.ebay.co.uk/sch/i.html?_nkw=CMCC+RAX3000M+router&LH_ItemCondition=3000&_sacat=0:0
[   17079ms] [WARNING] Third-party cookie will be blocked. Learn more in the Issues tab. @ https://www.ebay.co.uk/sch/i.html?_nkw=CMCC+RAX3000M+router&LH_ItemCondition=3000&_sacat=0:0
[   17079ms] [WARNING] Third-party cookie will be blocked. Learn more in the Issues tab. @ https://www.ebay.co.uk/sch/i.html?_nkw=CMCC+RAX3000M+router&LH_ItemCondition=3000&_sacat=0:0
[   17080ms] [WARNING] Third-party cookie will be blocked. Learn more in the Issues tab. @ https://www.ebay.co.uk/sch/i.html?_nkw=CMCC+RAX3000M+router&LH_ItemCondition=3000&_sacat=0:0
[   17406ms] [WARNING] Unrecognized feature: 'attribution-reporting'. @ https://connect.facebook.net/en_US/fbevents.js:383
[   17431ms] [WARNING] Third-party cookie will be blocked. Learn more in the Issues tab. @ https://www.ebay.co.uk/sch/i.html?_nkw=CMCC+RAX3000M+router&LH_ItemCondition=3000&_sacat=0:0
[   17431ms] [WARNING] Third-party cookie will be blocked. Learn more in the Issues tab. @ https://www.ebay.co.uk/sch/i.html?_nkw=CMCC+RAX3000M+router&LH_ItemCondition=3000&_sacat=0:0
[   17446ms] [WARNING] Third-party cookie will be blocked. Learn more in the Issues tab. @ https://www.ebay.co.uk/sch/i.html?_nkw=CMCC+RAX3000M+router&LH_ItemCondition=3000&_sacat=0:0
[   17460ms] [WARNING] Third-party cookie will be blocked. Learn more in the Issues tab. @ https://www.ebay.co.uk/sch/i.html?_nkw=CMCC+RAX3000M+router&LH_ItemCondition=3000&_sacat=0:0
[   17460ms] [WARNING] Third-party cookie will be blocked. Learn more in the Issues tab. @ https://www.ebay.co.uk/sch/i.html?_nkw=CMCC+RAX3000M+router&LH_ItemCondition=3000&_sacat=0:0
[   17645ms] [WARNING] Third-party cookie will be blocked. Learn more in the Issues tab. @ https://www.ebay.co.uk/sch/i.html?_nkw=CMCC+RAX3000M+router&LH_ItemCondition=3000&_sacat=0:0
[   17831ms] [WARNING] Third-party cookie will be blocked. Learn more in the Issues tab. @ https://www.ebay.co.uk/sch/i.html?_nkw=CMCC+RAX3000M+router&LH_ItemCondition=3000&_sacat=0:0
[   17831ms] [WARNING] Third-party cookie will be blocked. Learn more in the Issues tab. @ https://www.ebay.co.uk/sch/i.html?_nkw=CMCC+RAX3000M+router&LH_ItemCondition=3000&_sacat=0:0
[   18086ms] [WARNING] Third-party cookie will be blocked. Learn more in the Issues tab. @ https://www.ebay.co.uk/sch/i.html?_nkw=CMCC+RAX3000M+router&LH_ItemCondition=3000&_sacat=0:0
[   18281ms] [WARNING] Third-party cookie will be blocked. Learn more in the Issues tab. @ https://www.ebay.co.uk/sch/i.html?_nkw=CMCC+RAX3000M+router&LH_ItemCondition=3000&_sacat=0:0
[   18734ms] [WARNING] Third-party cookie will be blocked. Learn more in the Issues tab. @ https://www.ebay.co.uk/sch/i.html?_nkw=CMCC+RAX3000M+router&LH_ItemCondition=3000&_sacat=0:0
[   18734ms] [WARNING] Third-party cookie will be blocked. Learn more in the Issues tab. @ https://www.ebay.co.uk/sch/i.html?_nkw=CMCC+RAX3000M+router&LH_ItemCondition=3000&_sacat=0:0
[   18734ms] [WARNING] Third-party cookie will be blocked. Learn more in the Issues tab. @ https://www.ebay.co.uk/sch/i.html?_nkw=CMCC+RAX3000M+router&LH_ItemCondition=3000&_sacat=0:0
[   18734ms] [WARNING] Third-party cookie will be blocked. Learn more in the Issues tab. @ https://www.ebay.co.uk/sch/i.html?_nkw=CMCC+RAX3000M+router&LH_ItemCondition=3000&_sacat=0:0
[   18735ms] [WARNING] Third-party cookie will be blocked. Learn more in the Issues tab. @ https://www.ebay.co.uk/sch/i.html?_nkw=CMCC+RAX3000M+router&LH_ItemCondition=3000&_sacat=0:0
[   18735ms] [WARNING] Third-party cookie will be blocked. Learn more in the Issues tab. @ https://www.ebay.co.uk/sch/i.html?_nkw=CMCC+RAX3000M+router&LH_ItemCondition=3000&_sacat=0:0
[   18736ms] [WARNING] Third-party cookie will be blocked. Learn more in the Issues tab. @ https://www.ebay.co.uk/sch/i.html?_nkw=CMCC+RAX3000M+router&LH_ItemCondition=3000&_sacat=0:0
[   18736ms] [WARNING] Third-party cookie will be blocked. Learn more in the Issues tab. @ https://www.ebay.co.uk/sch/i.html?_nkw=CMCC+RAX3000M+router&LH_ItemCondition=3000&_sacat=0:0
[   18736ms] [WARNING] Third-party cookie will be blocked. Learn more in the Issues tab. @ https://www.ebay.co.uk/sch/i.html?_nkw=CMCC+RAX3000M+router&LH_ItemCondition=3000&_sacat=0:0
[   18736ms] [WARNING] Third-party cookie will be blocked. Learn more in the Issues tab. @ https://www.ebay.co.uk/sch/i.html?_nkw=CMCC+RAX3000M+router&LH_ItemCondition=3000&_sacat=0:0
[   18736ms] [WARNING] Third-party cookie will be blocked. Learn more in the Issues tab. @ https://www.ebay.co.uk/sch/i.html?_nkw=CMCC+RAX3000M+router&LH_ItemCondition=3000&_sacat=0:0
[   18736ms] [WARNING] Third-party cookie will be blocked. Learn more in the Issues tab. @ https://www.ebay.co.uk/sch/i.html?_nkw=CMCC+RAX3000M+router&LH_ItemCondition=3000&_sacat=0:0
[   18748ms] [WARNING] Third-party cookie will be blocked. Learn more in the Issues tab. @ https://www.ebay.co.uk/sch/i.html?_nkw=CMCC+RAX3000M+router&LH_ItemCondition=3000&_sacat=0:0
[   18748ms] [WARNING] Third-party cookie will be blocked. Learn more in the Issues tab. @ https://www.ebay.co.uk/sch/i.html?_nkw=CMCC+RAX3000M+router&LH_ItemCondition=3000&_sacat=0:0
[   18748ms] [WARNING] Third-party cookie will be blocked. Learn more in the Issues tab. @ https://www.ebay.co.uk/sch/i.html?_nkw=CMCC+RAX3000M+router&LH_ItemCondition=3000&_sacat=0:0
[   18748ms] [WARNING] Third-party cookie will be blocked. Learn more in the Issues tab. @ https://www.ebay.co.uk/sch/i.html?_nkw=CMCC+RAX3000M+router&LH_ItemCondition=3000&_sacat=0:0
[   18748ms] [WARNING] Third-party cookie will be blocked. Learn more in the Issues tab. @ https://www.ebay.co.uk/sch/i.html?_nkw=CMCC+RAX3000M+router&LH_ItemCondition=3000&_sacat=0:0
[   18748ms] [WARNING] Third-party cookie will be blocked. Learn more in the Issues tab. @ https://www.ebay.co.uk/sch/i.html?_nkw=CMCC+RAX3000M+router&LH_ItemCondition=3000&_sacat=0:0
[   18762ms] [WARNING] Third-party cookie will be blocked. Learn more in the Issues tab. @ https://www.ebay.co.uk/sch/i.html?_nkw=CMCC+RAX3000M+router&LH_ItemCondition=3000&_sacat=0:0
[   18762ms] [WARNING] Third-party cookie will be blocked. Learn more in the Issues tab. @ https://www.ebay.co.uk/sch/i.html?_nkw=CMCC+RAX3000M+router&LH_ItemCondition=3000&_sacat=0:0
[   18762ms] [WARNING] Third-party cookie will be blocked. Learn more in the Issues tab. @ https://www.ebay.co.uk/sch/i.html?_nkw=CMCC+RAX3000M+router&LH_ItemCondition=3000&_sacat=0:0
[   18762ms] [WARNING] Third-party cookie will be blocked. Learn more in the Issues tab. @ https://www.ebay.co.uk/sch/i.html?_nkw=CMCC+RAX3000M+router&LH_ItemCondition=3000&_sacat=0:0
[   18762ms] [WARNING] Third-party cookie will be blocked. Learn more in the Issues tab. @ https://www.ebay.co.uk/sch/i.html?_nkw=CMCC+RAX3000M+router&LH_ItemCondition=3000&_sacat=0:0
[   18763ms] [WARNING] Third-party cookie will be blocked. Learn more in the Issues tab. @ https://www.ebay.co.uk/sch/i.html?_nkw=CMCC+RAX3000M+router&LH_ItemCondition=3000&_sacat=0:0
[   18764ms] [WARNING] Third-party cookie will be blocked. Learn more in the Issues tab. @ https://www.ebay.co.uk/sch/i.html?_nkw=CMCC+RAX3000M+router&LH_ItemCondition=3000&_sacat=0:0
[   18764ms] [WARNING] Third-party cookie will be blocked. Learn more in the Issues tab. @ https://www.ebay.co.uk/sch/i.html?_nkw=CMCC+RAX3000M+router&LH_ItemCondition=3000&_sacat=0:0
[   18764ms] [WARNING] Third-party cookie will be blocked. Learn more in the Issues tab. @ https://www.ebay.co.uk/sch/i.html?_nkw=CMCC+RAX3000M+router&LH_ItemCondition=3000&_sacat=0:0
[   18764ms] [WARNING] Third-party cookie will be blocked. Learn more in the Issues tab. @ https://www.ebay.co.uk/sch/i.html?_nkw=CMCC+RAX3000M+router&LH_ItemCondition=3000&_sacat=0:0
[   18812ms] [WARNING] Third-party cookie will be blocked. Learn more in the Issues tab. @ https://www.ebay.co.uk/sch/i.html?_nkw=CMCC+RAX3000M+router&LH_ItemCondition=3000&_sacat=0:0
[   18812ms] [WARNING] Third-party cookie will be blocked. Learn more in the Issues tab. @ https://www.ebay.co.uk/sch/i.html?_nkw=CMCC+RAX3000M+router&LH_ItemCondition=3000&_sacat=0:0
[   18818ms] [WARNING] Third-party cookie will be blocked. Learn more in the Issues tab. @ https://www.ebay.co.uk/sch/i.html?_nkw=CMCC+RAX3000M+router&LH_ItemCondition=3000&_sacat=0:0
[   18818ms] [WARNING] Third-party cookie will be blocked. Learn more in the Issues tab. @ https://www.ebay.co.uk/sch/i.html?_nkw=CMCC+RAX3000M+router&LH_ItemCondition=3000&_sacat=0:0
[   19153ms] [WARNING] Third-party cookie will be blocked. Learn more in the Issues tab. @ https://www.ebay.co.uk/sch/i.html?_nkw=CMCC+RAX3000M+router&LH_ItemCondition=3000&_sacat=0:0
[   19153ms] [WARNING] Third-party cookie will be blocked. Learn more in the Issues tab. @ https://www.ebay.co.uk/sch/i.html?_nkw=CMCC+RAX3000M+router&LH_ItemCondition=3000&_sacat=0:0
[   19184ms] [WARNING] Third-party cookie will be blocked. Learn more in the Issues tab. @ https://www.ebay.co.uk/sch/i.html?_nkw=CMCC+RAX3000M+router&LH_ItemCondition=3000&_sacat=0:0
[   19185ms] [WARNING] Third-party cookie will be blocked. Learn more in the Issues tab. @ https://www.ebay.co.uk/sch/i.html?_nkw=CMCC+RAX3000M+router&LH_ItemCondition=3000&_sacat=0:0
[   19185ms] [WARNING] Third-party cookie will be blocked. Learn more in the Issues tab. @ https://www.ebay.co.uk/sch/i.html?_nkw=CMCC+RAX3000M+router&LH_ItemCondition=3000&_sacat=0:0
[   19185ms] [WARNING] Third-party cookie will be blocked. Learn more in the Issues tab. @ https://www.ebay.co.uk/sch/i.html?_nkw=CMCC+RAX3000M+router&LH_ItemCondition=3000&_sacat=0:0
[   19185ms] [WARNING] Third-party cookie will be blocked. Learn more in the Issues tab. @ https://www.ebay.co.uk/sch/i.html?_nkw=CMCC+RAX3000M+router&LH_ItemCondition=3000&_sacat=0:0
[   19185ms] [WARNING] Third-party cookie will be blocked. Learn more in the Issues tab. @ https://www.ebay.co.uk/sch/i.html?_nkw=CMCC+RAX3000M+router&LH_ItemCondition=3000&_sacat=0:0
[   19212ms] [WARNING] Third-party cookie will be blocked. Learn more in the Issues tab. @ https://www.ebay.co.uk/sch/i.html?_nkw=CMCC+RAX3000M+router&LH_ItemCondition=3000&_sacat=0:0
[   19212ms] [WARNING] Third-party cookie will be blocked. Learn more in the Issues tab. @ https://www.ebay.co.uk/sch/i.html?_nkw=CMCC+RAX3000M+router&LH_ItemCondition=3000&_sacat=0:0
[   19212ms] [WARNING] Third-party cookie will be blocked. Learn more in the Issues tab. @ https://www.ebay.co.uk/sch/i.html?_nkw=CMCC+RAX3000M+router&LH_ItemCondition=3000&_sacat=0:0
[   19213ms] [WARNING] Third-party cookie will be blocked. Learn more in the Issues tab. @ https://www.ebay.co.uk/sch/i.html?_nkw=CMCC+RAX3000M+router&LH_ItemCondition=3000&_sacat=0:0
[   19213ms] [WARNING] Third-party cookie will be blocked. Learn more in the Issues tab. @ https://www.ebay.co.uk/sch/i.html?_nkw=CMCC+RAX3000M+router&LH_ItemCondition=3000&_sacat=0:0
[   19213ms] [WARNING] Third-party cookie will be blocked. Learn more in the Issues tab. @ https://www.ebay.co.uk/sch/i.html?_nkw=CMCC+RAX3000M+router&LH_ItemCondition=3000&_sacat=0:0
[   19564ms] [WARNING] Third-party cookie will be blocked. Learn more in the Issues tab. @ https://www.ebay.co.uk/sch/i.html?_nkw=CMCC+RAX3000M+router&LH_ItemCondition=3000&_sacat=0:0
[   19565ms] [WARNING] Third-party cookie will be blocked. Learn more in the Issues tab. @ https://www.ebay.co.uk/sch/i.html?_nkw=CMCC+RAX3000M+router&LH_ItemCondition=3000&_sacat=0:0
[   19565ms] [WARNING] Third-party cookie will be blocked. Learn more in the Issues tab. @ https://www.ebay.co.uk/sch/i.html?_nkw=CMCC+RAX3000M+router&LH_ItemCondition=3000&_sacat=0:0
[   19565ms] [WARNING] Third-party cookie will be blocked. Learn more in the Issues tab. @ https://www.ebay.co.uk/sch/i.html?_nkw=CMCC+RAX3000M+router&LH_ItemCondition=3000&_sacat=0:0
[   19565ms] [WARNING] Third-party cookie will be blocked. Learn more in the Issues tab. @ https://www.ebay.co.uk/sch/i.html?_nkw=CMCC+RAX3000M+router&LH_ItemCondition=3000&_sacat=0:0
[   19566ms] [WARNING] Third-party cookie will be blocked. Learn more in the Issues tab. @ https://www.ebay.co.uk/sch/i.html?_nkw=CMCC+RAX3000M+router&LH_ItemCondition=3000&_sacat=0:0
[   20299ms] [WARNING] Third-party cookie will be blocked. Learn more in the Issues tab. @ https://www.ebay.co.uk/sch/i.html?_nkw=CMCC+RAX3000M+router&LH_ItemCondition=3000&_sacat=0:0
[   20299ms] [WARNING] Third-party cookie will be blocked. Learn more in the Issues tab. @ https://www.ebay.co.uk/sch/i.html?_nkw=CMCC+RAX3000M+router&LH_ItemCondition=3000&_sacat=0:0
[   20300ms] [WARNING] Third-party cookie will be blocked. Learn more in the Issues tab. @ https://www.ebay.co.uk/sch/i.html?_nkw=CMCC+RAX3000M+router&LH_ItemCondition=3000&_sacat=0:0
[   20301ms] [WARNING] Third-party cookie will be blocked. Learn more in the Issues tab. @ https://www.ebay.co.uk/sch/i.html?_nkw=CMCC+RAX3000M+router&LH_ItemCondition=3000&_sacat=0:0
[   20332ms] [WARNING] Third-party cookie will be blocked. Learn more in the Issues tab. @ https://www.ebay.co.uk/sch/i.html?_nkw=CMCC+RAX3000M+router&LH_ItemCondition=3000&_sacat=0:0
[   20332ms] [WARNING] Third-party cookie will be blocked. Learn more in the Issues tab. @ https://www.ebay.co.uk/sch/i.html?_nkw=CMCC+RAX3000M+router&LH_ItemCondition=3000&_sacat=0:0
[   20333ms] [WARNING] Third-party cookie will be blocked. Learn more in the Issues tab. @ https://www.ebay.co.uk/sch/i.html?_nkw=CMCC+RAX3000M+router&LH_ItemCondition=3000&_sacat=0:0
[   20333ms] [WARNING] Third-party cookie will be blocked. Learn more in the Issues tab. @ https://www.ebay.co.uk/sch/i.html?_nkw=CMCC+RAX3000M+router&LH_ItemCondition=3000&_sacat=0:0
[   20333ms] [WARNING] Third-party cookie will be blocked. Learn more in the Issues tab. @ https://www.ebay.co.uk/sch/i.html?_nkw=CMCC+RAX3000M+router&LH_ItemCondition=3000&_sacat=0:0
[   20333ms] [WARNING] Third-party cookie will be blocked. Learn more in the Issues tab. @ https://www.ebay.co.uk/sch/i.html?_nkw=CMCC+RAX3000M+router&LH_ItemCondition=3000&_sacat=0:0
[   20335ms] [WARNING] Third-party cookie will be blocked. Learn more in the Issues tab. @ https://www.ebay.co.uk/sch/i.html?_nkw=CMCC+RAX3000M+router&LH_ItemCondition=3000&_sacat=0:0
[   20335ms] [WARNING] Third-party cookie will be blocked. Learn more in the Issues tab. @ https://www.ebay.co.uk/sch/i.html?_nkw=CMCC+RAX3000M+router&LH_ItemCondition=3000&_sacat=0:0
[   20335ms] [WARNING] Third-party cookie will be blocked. Learn more in the Issues tab. @ https://www.ebay.co.uk/sch/i.html?_nkw=CMCC+RAX3000M+router&LH_ItemCondition=3000&_sacat=0:0
[   20335ms] [WARNING] Third-party cookie will be blocked. Learn more in the Issues tab. @ https://www.ebay.co.uk/sch/i.html?_nkw=CMCC+RAX3000M+router&LH_ItemCondition=3000&_sacat=0:0
[   20335ms] [WARNING] Third-party cookie will be blocked. Learn more in the Issues tab. @ https://www.ebay.co.uk/sch/i.html?_nkw=CMCC+RAX3000M+router&LH_ItemCondition=3000&_sacat=0:0
[   20335ms] [WARNING] Third-party cookie will be blocked. Learn more in the Issues tab. @ https://www.ebay.co.uk/sch/i.html?_nkw=CMCC+RAX3000M+router&LH_ItemCondition=3000&_sacat=0:0
[   20345ms] [WARNING] Third-party cookie will be blocked. Learn more in the Issues tab. @ https://www.ebay.co.uk/sch/i.html?_nkw=CMCC+RAX3000M+router&LH_ItemCondition=3000&_sacat=0:0
[   20346ms] [WARNING] Third-party cookie will be blocked. Learn more in the Issues tab. @ https://www.ebay.co.uk/sch/i.html?_nkw=CMCC+RAX3000M+router&LH_ItemCondition=3000&_sacat=0:0
[   20346ms] [WARNING] Third-party cookie will be blocked. Learn more in the Issues tab. @ https://www.ebay.co.uk/sch/i.html?_nkw=CMCC+RAX3000M+router&LH_ItemCondition=3000&_sacat=0:0
[   20346ms] [WARNING] Third-party cookie will be blocked. Learn more in the Issues tab. @ https://www.ebay.co.uk/sch/i.html?_nkw=CMCC+RAX3000M+router&LH_ItemCondition=3000&_sacat=0:0
[   20346ms] [WARNING] Third-party cookie will be blocked. Learn more in the Issues tab. @ https://www.ebay.co.uk/sch/i.html?_nkw=CMCC+RAX3000M+router&LH_ItemCondition=3000&_sacat=0:0
[   20346ms] [WARNING] Third-party cookie will be blocked. Learn more in the Issues tab. @ https://www.ebay.co.uk/sch/i.html?_nkw=CMCC+RAX3000M+router&LH_ItemCondition=3000&_sacat=0:0
[   20346ms] [WARNING] Third-party cookie will be blocked. Learn more in the Issues tab. @ https://www.ebay.co.uk/sch/i.html?_nkw=CMCC+RAX3000M+router&LH_ItemCondition=3000&_sacat=0:0
[   20346ms] [WARNING] Third-party cookie will be blocked. Learn more in the Issues tab. @ https://www.ebay.co.uk/sch/i.html?_nkw=CMCC+RAX3000M+router&LH_ItemCondition=3000&_sacat=0:0
[   20347ms] [WARNING] Third-party cookie will be blocked. Learn more in the Issues tab. @ https://www.ebay.co.uk/sch/i.html?_nkw=CMCC+RAX3000M+router&LH_ItemCondition=3000&_sacat=0:0
[   20347ms] [WARNING] Third-party cookie will be blocked. Learn more in the Issues tab. @ https://www.ebay.co.uk/sch/i.html?_nkw=CMCC+RAX3000M+router&LH_ItemCondition=3000&_sacat=0:0
[   20682ms] [WARNING] Third-party cookie will be blocked. Learn more in the Issues tab. @ https://www.ebay.co.uk/sch/i.html?_nkw=CMCC+RAX3000M+router&LH_ItemCondition=3000&_sacat=0:0
[   20683ms] [WARNING] Third-party cookie will be blocked. Learn more in the Issues tab. @ https://www.ebay.co.uk/sch/i.html?_nkw=CMCC+RAX3000M+router&LH_ItemCondition=3000&_sacat=0:0
[   20683ms] [WARNING] Third-party cookie will be blocked. Learn more in the Issues tab. @ https://www.ebay.co.uk/sch/i.html?_nkw=CMCC+RAX3000M+router&LH_ItemCondition=3000&_sacat=0:0
[   20683ms] [WARNING] Third-party cookie will be blocked. Learn more in the Issues tab. @ https://www.ebay.co.uk/sch/i.html?_nkw=CMCC+RAX3000M+router&LH_ItemCondition=3000&_sacat=0:0
[   20683ms] [WARNING] Third-party cookie will be blocked. Learn more in the Issues tab. @ https://www.ebay.co.uk/sch/i.html?_nkw=CMCC+RAX3000M+router&LH_ItemCondition=3000&_sacat=0:0
[   20742ms] [WARNING] Third-party cookie will be blocked. Learn more in the Issues tab. @ https://www.ebay.co.uk/sch/i.html?_nkw=CMCC+RAX3000M+router&LH_ItemCondition=3000&_sacat=0:0
[   20743ms] [WARNING] Third-party cookie will be blocked. Learn more in the Issues tab. @ https://www.ebay.co.uk/sch/i.html?_nkw=CMCC+RAX3000M+router&LH_ItemCondition=3000&_sacat=0:0
[   20743ms] [WARNING] Third-party cookie will be blocked. Learn more in the Issues tab. @ https://www.ebay.co.uk/sch/i.html?_nkw=CMCC+RAX3000M+router&LH_ItemCondition=3000&_sacat=0:0
[   20743ms] [WARNING] Third-party cookie will be blocked. Learn more in the Issues tab. @ https://www.ebay.co.uk/sch/i.html?_nkw=CMCC+RAX3000M+router&LH_ItemCondition=3000&_sacat=0:0
[   20743ms] [WARNING] Third-party cookie will be blocked. Learn more in the Issues tab. @ https://www.ebay.co.uk/sch/i.html?_nkw=CMCC+RAX3000M+router&LH_ItemCondition=3000&_sacat=0:0
[   20744ms] [WARNING] Third-party cookie will be blocked. Learn more in the Issues tab. @ https://www.ebay.co.uk/sch/i.html?_nkw=CMCC+RAX3000M+router&LH_ItemCondition=3000&_sacat=0:0
[   20746ms] [WARNING] Third-party cookie will be blocked. Learn more in the Issues tab. @ https://www.ebay.co.uk/sch/i.html?_nkw=CMCC+RAX3000M+router&LH_ItemCondition=3000&_sacat=0:0
[   20746ms] [WARNING] Third-party cookie will be blocked. Learn more in the Issues tab. @ https://www.ebay.co.uk/sch/i.html?_nkw=CMCC+RAX3000M+router&LH_ItemCondition=3000&_sacat=0:0
[   20746ms] [WARNING] Third-party cookie will be blocked. Learn more in the Issues tab. @ https://www.ebay.co.uk/sch/i.html?_nkw=CMCC+RAX3000M+router&LH_ItemCondition=3000&_sacat=0:0
[   20747ms] [WARNING] Third-party cookie will be blocked. Learn more in the Issues tab. @ https://www.ebay.co.uk/sch/i.html?_nkw=CMCC+RAX3000M+router&LH_ItemCondition=3000&_sacat=0:0
[   20747ms] [WARNING] Third-party cookie will be blocked. Learn more in the Issues tab. @ https://www.ebay.co.uk/sch/i.html?_nkw=CMCC+RAX3000M+router&LH_ItemCondition=3000&_sacat=0:0
[   20747ms] [WARNING] Third-party cookie will be blocked. Learn more in the Issues tab. @ https://www.ebay.co.uk/sch/i.html?_nkw=CMCC+RAX3000M+router&LH_ItemCondition=3000&_sacat=0:0
[   21465ms] [WARNING] Third-party cookie will be blocked. Learn more in the Issues tab. @ https://www.ebay.co.uk/sch/i.html?_nkw=CMCC+RAX3000M+router&LH_ItemCondition=3000&_sacat=0:0
[   21465ms] [WARNING] Third-party cookie will be blocked. Learn more in the Issues tab. @ https://www.ebay.co.uk/sch/i.html?_nkw=CMCC+RAX3000M+router&LH_ItemCondition=3000&_sacat=0:0
[   21466ms] [WARNING] Third-party cookie will be blocked. Learn more in the Issues tab. @ https://www.ebay.co.uk/sch/i.html?_nkw=CMCC+RAX3000M+router&LH_ItemCondition=3000&_sacat=0:0
[   21466ms] [WARNING] Third-party cookie will be blocked. Learn more in the Issues tab. @ https://www.ebay.co.uk/sch/i.html?_nkw=CMCC+RAX3000M+router&LH_ItemCondition=3000&_sacat=0:0
[   21466ms] [WARNING] Third-party cookie will be blocked. Learn more in the Issues tab. @ https://www.ebay.co.uk/sch/i.html?_nkw=CMCC+RAX3000M+router&LH_ItemCondition=3000&_sacat=0:0
[   21477ms] [WARNING] Third-party cookie will be blocked. Learn more in the Issues tab. @ https://www.ebay.co.uk/sch/i.html?_nkw=CMCC+RAX3000M+router&LH_ItemCondition=3000&_sacat=0:0
[   21477ms] [WARNING] Third-party cookie will be blocked. Learn more in the Issues tab. @ https://www.ebay.co.uk/sch/i.html?_nkw=CMCC+RAX3000M+router&LH_ItemCondition=3000&_sacat=0:0
[   21477ms] [WARNING] Third-party cookie will be blocked. Learn more in the Issues tab. @ https://www.ebay.co.uk/sch/i.html?_nkw=CMCC+RAX3000M+router&LH_ItemCondition=3000&_sacat=0:0
[   21477ms] [WARNING] Third-party cookie will be blocked. Learn more in the Issues tab. @ https://www.ebay.co.uk/sch/i.html?_nkw=CMCC+RAX3000M+router&LH_ItemCondition=3000&_sacat=0:0
[   21477ms] [WARNING] Third-party cookie will be blocked. Learn more in the Issues tab. @ https://www.ebay.co.uk/sch/i.html?_nkw=CMCC+RAX3000M+router&LH_ItemCondition=3000&_sacat=0:0
[   29022ms] [WARNING] Third-party cookie will be blocked. Learn more in the Issues tab. @ https://www.ebay.co.uk/sch/i.html?_nkw=CMCC+RAX3000M+router&LH_ItemCondition=3000&_sacat=0:0
[   29022ms] [WARNING] Third-party cookie will be blocked. Learn more in the Issues tab. @ https://www.ebay.co.uk/sch/i.html?_nkw=CMCC+RAX3000M+router&LH_ItemCondition=3000&_sacat=0:0
[   29877ms] [WARNING] Third-party cookie will be blocked. Learn more in the Issues tab. @ https://www.ebay.co.uk/sch/i.html?_nkw=CMCC+RAX3000M+router&LH_ItemCondition=3000&_sacat=0:0
[   29877ms] [WARNING] Third-party cookie will be blocked. Learn more in the Issues tab. @ https://www.ebay.co.uk/sch/i.html?_nkw=CMCC+RAX3000M+router&LH_ItemCondition=3000&_sacat=0:0
[   29877ms] [WARNING] Third-party cookie will be blocked. Learn more in the Issues tab. @ https://www.ebay.co.uk/sch/i.html?_nkw=CMCC+RAX3000M+router&LH_ItemCondition=3000&_sacat=0:0
[   29962ms] [WARNING] Third-party cookie will be blocked. Learn more in the Issues tab. @ https://www.ebay.co.uk/sch/i.html?_nkw=CMCC+RAX3000M+router&LH_ItemCondition=3000&_sacat=0:0
[   29962ms] [WARNING] Third-party cookie will be blocked. Learn more in the Issues tab. @ https://www.ebay.co.uk/sch/i.html?_nkw=CMCC+RAX3000M+router&LH_ItemCondition=3000&_sacat=0:0
[   29962ms] [WARNING] Third-party cookie will be blocked. Learn more in the Issues tab. @ https://www.ebay.co.uk/sch/i.html?_nkw=CMCC+RAX3000M+router&LH_ItemCondition=3000&_sacat=0:0
[   29962ms] [WARNING] Third-party cookie will be blocked. Learn more in the Issues tab. @ https://www.ebay.co.uk/sch/i.html?_nkw=CMCC+RAX3000M+router&LH_ItemCondition=3000&_sacat=0:0
[   29962ms] [WARNING] Third-party cookie will be blocked. Learn more in the Issues tab. @ https://www.ebay.co.uk/sch/i.html?_nkw=CMCC+RAX3000M+router&LH_ItemCondition=3000&_sacat=0:0
[   29962ms] [WARNING] Third-party cookie will be blocked. Learn more in the Issues tab. @ https://www.ebay.co.uk/sch/i.html?_nkw=CMCC+RAX3000M+router&LH_ItemCondition=3000&_sacat=0:0
[   29963ms] [WARNING] Third-party cookie will be blocked. Learn more in the Issues tab. @ https://www.ebay.co.uk/sch/i.html?_nkw=CMCC+RAX3000M+router&LH_ItemCondition=3000&_sacat=0:0
[   29963ms] [WARNING] Third-party cookie will be blocked. Learn more in the Issues tab. @ https://www.ebay.co.uk/sch/i.html?_nkw=CMCC+RAX3000M+router&LH_ItemCondition=3000&_sacat=0:0
[   29964ms] [WARNING] Third-party cookie will be blocked. Learn more in the Issues tab. @ https://www.ebay.co.uk/sch/i.html?_nkw=CMCC+RAX3000M+router&LH_ItemCondition=3000&_sacat=0:0
[   29964ms] [WARNING] Third-party cookie will be blocked. Learn more in the Issues tab. @ https://www.ebay.co.uk/sch/i.html?_nkw=CMCC+RAX3000M+router&LH_ItemCondition=3000&_sacat=0:0
[   30004ms] [WARNING] Third-party cookie will be blocked. Learn more in the Issues tab. @ https://www.ebay.co.uk/sch/i.html?_nkw=CMCC+RAX3000M+router&LH_ItemCondition=3000&_sacat=0:0
[   30004ms] [WARNING] Third-party cookie will be blocked. Learn more in the Issues tab. @ https://www.ebay.co.uk/sch/i.html?_nkw=CMCC+RAX3000M+router&LH_ItemCondition=3000&_sacat=0:0
[   30004ms] [WARNING] Third-party cookie will be blocked. Learn more in the Issues tab. @ https://www.ebay.co.uk/sch/i.html?_nkw=CMCC+RAX3000M+router&LH_ItemCondition=3000&_sacat=0:0
[   30013ms] [WARNING] Third-party cookie will be blocked. Learn more in the Issues tab. @ https://www.ebay.co.uk/sch/i.html?_nkw=CMCC+RAX3000M+router&LH_ItemCondition=3000&_sacat=0:0
[   30013ms] [WARNING] Third-party cookie will be blocked. Learn more in the Issues tab. @ https://www.ebay.co.uk/sch/i.html?_nkw=CMCC+RAX3000M+router&LH_ItemCondition=3000&_sacat=0:0
[   30013ms] [WARNING] Third-party cookie will be blocked. Learn more in the Issues tab. @ https://www.ebay.co.uk/sch/i.html?_nkw=CMCC+RAX3000M+router&LH_ItemCondition=3000&_sacat=0:0
[   30013ms] [WARNING] Third-party cookie will be blocked. Learn more in the Issues tab. @ https://www.ebay.co.uk/sch/i.html?_nkw=CMCC+RAX3000M+router&LH_ItemCondition=3000&_sacat=0:0
[   30013ms] [WARNING] Third-party cookie will be blocked. Learn more in the Issues tab. @ https://www.ebay.co.uk/sch/i.html?_nkw=CMCC+RAX3000M+router&LH_ItemCondition=3000&_sacat=0:0
[   30743ms] [WARNING] Third-party cookie will be blocked. Learn more in the Issues tab. @ https://www.ebay.co.uk/sch/i.html?_nkw=CMCC+RAX3000M+router&LH_ItemCondition=3000&_sacat=0:0
[   30743ms] [WARNING] Third-party cookie will be blocked. Learn more in the Issues tab. @ https://www.ebay.co.uk/sch/i.html?_nkw=CMCC+RAX3000M+router&LH_ItemCondition=3000&_sacat=0:0
[   30751ms] [WARNING] Third-party cookie will be blocked. Learn more in the Issues tab. @ https://www.ebay.co.uk/sch/i.html?_nkw=CMCC+RAX3000M+router&LH_ItemCondition=3000&_sacat=0:0
[   30751ms] [WARNING] Third-party cookie will be blocked. Learn more in the Issues tab. @ https://www.ebay.co.uk/sch/i.html?_nkw=CMCC+RAX3000M+router&LH_ItemCondition=3000&_sacat=0:0
[   30751ms] [WARNING] Third-party cookie will be blocked. Learn more in the Issues tab. @ https://www.ebay.co.uk/sch/i.html?_nkw=CMCC+RAX3000M+router&LH_ItemCondition=3000&_sacat=0:0
[   30751ms] [WARNING] Third-party cookie will be blocked. Learn more in the Issues tab. @ https://www.ebay.co.uk/sch/i.html?_nkw=CMCC+RAX3000M+router&LH_ItemCondition=3000&_sacat=0:0
[   30752ms] [WARNING] Third-party cookie will be blocked. Learn more in the Issues tab. @ https://www.ebay.co.uk/sch/i.html?_nkw=CMCC+RAX3000M+router&LH_ItemCondition=3000&_sacat=0:0
[   30825ms] [WARNING] Third-party cookie will be blocked. Learn more in the Issues tab. @ https://www.ebay.co.uk/sch/i.html?_nkw=CMCC+RAX3000M+router&LH_ItemCondition=3000&_sacat=0:0
[   30825ms] [WARNING] Third-party cookie will be blocked. Learn more in the Issues tab. @ https://www.ebay.co.uk/sch/i.html?_nkw=CMCC+RAX3000M+router&LH_ItemCondition=3000&_sacat=0:0
[   30825ms] [WARNING] Third-party cookie will be blocked. Learn more in the Issues tab. @ https://www.ebay.co.uk/sch/i.html?_nkw=CMCC+RAX3000M+router&LH_ItemCondition=3000&_sacat=0:0
[   30825ms] [WARNING] Third-party cookie will be blocked. Learn more in the Issues tab. @ https://www.ebay.co.uk/sch/i.html?_nkw=CMCC+RAX3000M+router&LH_ItemCondition=3000&_sacat=0:0
[   31387ms] [ERROR] Ad was removed because its network usage exceeded the limit. See https://www.chromestatus.com/feature/4800491902992384?utm_source=devtools @ https://www.ebay.co.uk/sch/i.html?_nkw=CMCC+RAX3000M+router&LH_ItemCondition=3000&_sacat=0:0
[   31387ms] [ERROR] Ad was removed because its network usage exceeded the limit. See https://www.chromestatus.com/feature/4800491902992384?utm_source=devtools @ about:blank:0
[   31443ms] [WARNING] Third-party cookie will be blocked. Learn more in the Issues tab. @ https://www.ebay.co.uk/sch/i.html?_nkw=CMCC+RAX3000M+router&LH_ItemCondition=3000&_sacat=0:0
[   31443ms] [WARNING] Third-party cookie will be blocked. Learn more in the Issues tab. @ https://www.ebay.co.uk/sch/i.html?_nkw=CMCC+RAX3000M+router&LH_ItemCondition=3000&_sacat=0:0
[   31444ms] [WARNING] Third-party cookie will be blocked. Learn more in the Issues tab. @ https://www.ebay.co.uk/sch/i.html?_nkw=CMCC+RAX3000M+router&LH_ItemCondition=3000&_sacat=0:0
[   31445ms] [WARNING] Third-party cookie will be blocked. Learn more in the Issues tab. @ https://www.ebay.co.uk/sch/i.html?_nkw=CMCC+RAX3000M+router&LH_ItemCondition=3000&_sacat=0:0
[   31445ms] [WARNING] Third-party cookie will be blocked. Learn more in the Issues tab. @ https://www.ebay.co.uk/sch/i.html?_nkw=CMCC+RAX3000M+router&LH_ItemCondition=3000&_sacat=0:0
[   31446ms] [WARNING] Third-party cookie will be blocked. Learn more in the Issues tab. @ https://www.ebay.co.uk/sch/i.html?_nkw=CMCC+RAX3000M+router&LH_ItemCondition=3000&_sacat=0:0
[   31446ms] [WARNING] Third-party cookie will be blocked. Learn more in the Issues tab. @ https://www.ebay.co.uk/sch/i.html?_nkw=CMCC+RAX3000M+router&LH_ItemCondition=3000&_sacat=0:0
[   31446ms] [WARNING] Third-party cookie will be blocked. Learn more in the Issues tab. @ https://www.ebay.co.uk/sch/i.html?_nkw=CMCC+RAX3000M+router&LH_ItemCondition=3000&_sacat=0:0
[   31452ms] [WARNING] Third-party cookie will be blocked. Learn more in the Issues tab. @ https://www.ebay.co.uk/sch/i.html?_nkw=CMCC+RAX3000M+router&LH_ItemCondition=3000&_sacat=0:0
[   31453ms] [WARNING] Third-party cookie will be blocked. Learn more in the Issues tab. @ https://www.ebay.co.uk/sch/i.html?_nkw=CMCC+RAX3000M+router&LH_ItemCondition=3000&_sacat=0:0
[   31453ms] [WARNING] Third-party cookie will be blocked. Learn more in the Issues tab. @ https://www.ebay.co.uk/sch/i.html?_nkw=CMCC+RAX3000M+router&LH_ItemCondition=3000&_sacat=0:0
[   31453ms] [WARNING] Third-party cookie will be blocked. Learn more in the Issues tab. @ https://www.ebay.co.uk/sch/i.html?_nkw=CMCC+RAX3000M+router&LH_ItemCondition=3000&_sacat=0:0
[   31453ms] [WARNING] Third-party cookie will be blocked. Learn more in the Issues tab. @ https://www.ebay.co.uk/sch/i.html?_nkw=CMCC+RAX3000M+router&LH_ItemCondition=3000&_sacat=0:0
[   31455ms] [WARNING] Third-party cookie will be blocked. Learn more in the Issues tab. @ https://www.ebay.co.uk/sch/i.html?_nkw=CMCC+RAX3000M+router&LH_ItemCondition=3000&_sacat=0:0
[   31455ms] [WARNING] Third-party cookie will be blocked. Learn more in the Issues tab. @ https://www.ebay.co.uk/sch/i.html?_nkw=CMCC+RAX3000M+router&LH_ItemCondition=3000&_sacat=0:0
[   31455ms] [WARNING] Third-party cookie will be blocked. Learn more in the Issues tab. @ https://www.ebay.co.uk/sch/i.html?_nkw=CMCC+RAX3000M+router&LH_ItemCondition=3000&_sacat=0:0
[   31456ms] [WARNING] Third-party cookie will be blocked. Learn more in the Issues tab. @ https://www.ebay.co.uk/sch/i.html?_nkw=CMCC+RAX3000M+router&LH_ItemCondition=3000&_sacat=0:0
[   31456ms] [WARNING] Third-party cookie will be blocked. Learn more in the Issues tab. @ https://www.ebay.co.uk/sch/i.html?_nkw=CMCC+RAX3000M+router&LH_ItemCondition=3000&_sacat=0:0
[   31456ms] [WARNING] Third-party cookie will be blocked. Learn more in the Issues tab. @ https://www.ebay.co.uk/sch/i.html?_nkw=CMCC+RAX3000M+router&LH_ItemCondition=3000&_sacat=0:0
[   31457ms] [WARNING] Third-party cookie will be blocked. Learn more in the Issues tab. @ https://www.ebay.co.uk/sch/i.html?_nkw=CMCC+RAX3000M+router&LH_ItemCondition=3000&_sacat=0:0
[   31457ms] [WARNING] Third-party cookie will be blocked. Learn more in the Issues tab. @ https://www.ebay.co.uk/sch/i.html?_nkw=CMCC+RAX3000M+router&LH_ItemCondition=3000&_sacat=0:0
[   31457ms] [WARNING] Third-party cookie will be blocked. Learn more in the Issues tab. @ https://www.ebay.co.uk/sch/i.html?_nkw=CMCC+RAX3000M+router&LH_ItemCondition=3000&_sacat=0:0
[   31457ms] [WARNING] Third-party cookie will be blocked. Learn more in the Issues tab. @ https://www.ebay.co.uk/sch/i.html?_nkw=CMCC+RAX3000M+router&LH_ItemCondition=3000&_sacat=0:0
[   31457ms] [WARNING] Third-party cookie will be blocked. Learn more in the Issues tab. @ https://www.ebay.co.uk/sch/i.html?_nkw=CMCC+RAX3000M+router&LH_ItemCondition=3000&_sacat=0:0
[   31458ms] [WARNING] Third-party cookie will be blocked. Learn more in the Issues tab. @ https://www.ebay.co.uk/sch/i.html?_nkw=CMCC+RAX3000M+router&LH_ItemCondition=3000&_sacat=0:0
[   31458ms] [WARNING] Third-party cookie will be blocked. Learn more in the Issues tab. @ https://www.ebay.co.uk/sch/i.html?_nkw=CMCC+RAX3000M+router&LH_ItemCondition=3000&_sacat=0:0
[   31458ms] [WARNING] Third-party cookie will be blocked. Learn more in the Issues tab. @ https://www.ebay.co.uk/sch/i.html?_nkw=CMCC+RAX3000M+router&LH_ItemCondition=3000&_sacat=0:0
[   31458ms] [WARNING] Third-party cookie will be blocked. Learn more in the Issues tab. @ https://www.ebay.co.uk/sch/i.html?_nkw=CMCC+RAX3000M+router&LH_ItemCondition=3000&_sacat=0:0
[   31458ms] [WARNING] Third-party cookie will be blocked. Learn more in the Issues tab. @ https://www.ebay.co.uk/sch/i.html?_nkw=CMCC+RAX3000M+router&LH_ItemCondition=3000&_sacat=0:0
[   31733ms] TypeError: Cannot read properties of null (reading 'postMessage')
    at o (chrome-extension://bpoadfkcbjbfhfodiogcnhhhpibjhbnh/content_main.js:4683:13317)
[   40187ms] [WARNING] [GPT] Invalid arguments: SizeMappingBuilder.addSize(undefined, [[160, 600]]).
https://goo.gle/gpt-message#96 @ https://securepubads.g.doubleclick.net/pagead/managed/js/gpt/m202605260101/pubads_impl.js:18
[   40188ms] [WARNING] [GPT] Invalid arguments: SizeMappingBuilder.addSize(undefined, [[300, 600], [300, 250], [160, 600]]).
https://goo.gle/gpt-message#96 @ https://securepubads.g.doubleclick.net/pagead/managed/js/gpt/m202605260101/pubads_impl.js:18
[   40188ms] [WARNING] [GPT] Size mapping is null because invalid mappings were added: [[null,[[160,600]]],[null,[[300,600],[300,250],[160,600]]]].
https://goo.gle/gpt-message#34 @ https://securepubads.g.doubleclick.net/pagead/managed/js/gpt/m202605260101/pubads_impl.js:18
[   40189ms] [WARNING] [GPT] Invalid arguments: Slot.defineSizeMapping('Size mapping must be an array').
https://goo.gle/gpt-message#96 @ https://securepubads.g.doubleclick.net/pagead/managed/js/gpt/m202605260101/pubads_impl.js:18
[   41643ms] [WARNING] Third-party cookie will be blocked. Learn more in the Issues tab. @ https://www.ebay.co.uk/sch/i.html?_nkw=CMCC+RAX3000M+router&LH_ItemCondition=3000&_sacat=0:0
[   41643ms] [WARNING] Third-party cookie will be blocked. Learn more in the Issues tab. @ https://www.ebay.co.uk/sch/i.html?_nkw=CMCC+RAX3000M+router&LH_ItemCondition=3000&_sacat=0:0
