[    3912ms] [WARNING] Header: trk missing @ https://ir.ebaystatic.com/rs/c/globalheaderweb/index_lcNW.02410537.js:0
[    4315ms] [LOG] joinUs() at %ce%cb%ca%cy%c! font-weight:bold;color:#e53238; font-weight:bold;color:#0064d2 font-weight:bold;color:#f5af02 font-weight:bold;color:#86b817 color:black @ https://ir.ebaystatic.com/rs/c/srpnweb/common-DEJgr_P0.js:1
[    4595ms] [WARNING] Header: trk missing @ https://ir.ebaystatic.com/rs/c/globalheaderweb/index_lcNW.02410537.js:0
[    4596ms] [WARNING] Header: trk missing @ https://ir.ebaystatic.com/rs/c/globalheaderweb/index_lcNW.02410537.js:0
[    4680ms] [WARNING] Header: trk missing @ https://ir.ebaystatic.com/rs/c/globalheaderweb/index_lcNW.02410537.js:0
[    4692ms] [WARNING] The PerformanceObserver does not support buffered flag with the entryTypes argument. @ https://ir.ebaystatic.com/rs/c/srpnweb/vendor-8nOrQJTy.js:0
[    7662ms] [LOG] done @ https://www.ebay.com/sch/i.html?_nkw=MT7981+wifi6+router+openwrt&LH_ItemCondition=3000:4
[    7726ms] [WARNING] [GPT] PubAdsService.collapseEmptyDivs is deprecated, use googletag.setConfig({collapseDiv: ...}) instead.
https://goo.gle/gpt-message#170 @ https://securepubads.g.doubleclick.net/pagead/managed/js/gpt/m202605260101/pubads_impl.js:18
[    7732ms] [WARNING] [GPT] Slot.setTargeting is deprecated, use Slot.setConfig({targeting: ...}) instead.
https://goo.gle/gpt-message#171 @ https://securepubads.g.doubleclick.net/pagead/managed/js/gpt/m202605260101/pubads_impl.js:18
[    8592ms] [WARNING] Third-party cookie will be blocked. Learn more in the Issues tab. @ https://www.ebay.com/sch/i.html?_nkw=MT7981+wifi6+router+openwrt&LH_ItemCondition=3000:0
[    8593ms] [WARNING] Third-party cookie will be blocked. Learn more in the Issues tab. @ https://www.ebay.com/sch/i.html?_nkw=MT7981+wifi6+router+openwrt&LH_ItemCondition=3000:0
[   10016ms] [WARNING] Third-party cookie will be blocked. Learn more in the Issues tab. @ https://www.ebay.com/sch/i.html?_nkw=MT7981+wifi6+router+openwrt&LH_ItemCondition=3000:0
[   10016ms] [WARNING] Third-party cookie will be blocked. Learn more in the Issues tab. @ https://www.ebay.com/sch/i.html?_nkw=MT7981+wifi6+router+openwrt&LH_ItemCondition=3000:0
[   10016ms] [WARNING] Third-party cookie will be blocked. Learn more in the Issues tab. @ https://www.ebay.com/sch/i.html?_nkw=MT7981+wifi6+router+openwrt&LH_ItemCondition=3000:0
[   10016ms] [WARNING] Third-party cookie will be blocked. Learn more in the Issues tab. @ https://www.ebay.com/sch/i.html?_nkw=MT7981+wifi6+router+openwrt&LH_ItemCondition=3000:0
[   10018ms] [WARNING] Third-party cookie will be blocked. Learn more in the Issues tab. @ https://www.ebay.com/sch/i.html?_nkw=MT7981+wifi6+router+openwrt&LH_ItemCondition=3000:0
[   10018ms] [WARNING] Third-party cookie will be blocked. Learn more in the Issues tab. @ https://www.ebay.com/sch/i.html?_nkw=MT7981+wifi6+router+openwrt&LH_ItemCondition=3000:0
[   10018ms] [WARNING] Third-party cookie will be blocked. Learn more in the Issues tab. @ https://www.ebay.com/sch/i.html?_nkw=MT7981+wifi6+router+openwrt&LH_ItemCondition=3000:0
[   10018ms] [WARNING] Third-party cookie will be blocked. Learn more in the Issues tab. @ https://www.ebay.com/sch/i.html?_nkw=MT7981+wifi6+router+openwrt&LH_ItemCondition=3000:0
[   10018ms] [WARNING] Third-party cookie will be blocked. Learn more in the Issues tab. @ https://www.ebay.com/sch/i.html?_nkw=MT7981+wifi6+router+openwrt&LH_ItemCondition=3000:0
[   10018ms] [WARNING] Third-party cookie will be blocked. Learn more in the Issues tab. @ https://www.ebay.com/sch/i.html?_nkw=MT7981+wifi6+router+openwrt&LH_ItemCondition=3000:0
[   10026ms] [WARNING] Third-party cookie will be blocked. Learn more in the Issues tab. @ https://www.ebay.com/sch/i.html?_nkw=MT7981+wifi6+router+openwrt&LH_ItemCondition=3000:0
[   10026ms] [WARNING] Third-party cookie will be blocked. Learn more in the Issues tab. @ https://www.ebay.com/sch/i.html?_nkw=MT7981+wifi6+router+openwrt&LH_ItemCondition=3000:0
[   10026ms] [WARNING] Third-party cookie will be blocked. Learn more in the Issues tab. @ https://www.ebay.com/sch/i.html?_nkw=MT7981+wifi6+router+openwrt&LH_ItemCondition=3000:0
[   10026ms] [WARNING] Third-party cookie will be blocked. Learn more in the Issues tab. @ https://www.ebay.com/sch/i.html?_nkw=MT7981+wifi6+router+openwrt&LH_ItemCondition=3000:0
[   10028ms] [WARNING] Third-party cookie will be blocked. Learn more in the Issues tab. @ https://www.ebay.com/sch/i.html?_nkw=MT7981+wifi6+router+openwrt&LH_ItemCondition=3000:0
[   10028ms] [WARNING] Third-party cookie will be blocked. Learn more in the Issues tab. @ https://www.ebay.com/sch/i.html?_nkw=MT7981+wifi6+router+openwrt&LH_ItemCondition=3000:0
[   10028ms] [WARNING] Third-party cookie will be blocked. Learn more in the Issues tab. @ https://www.ebay.com/sch/i.html?_nkw=MT7981+wifi6+router+openwrt&LH_ItemCondition=3000:0
[   10028ms] [WARNING] Third-party cookie will be blocked. Learn more in the Issues tab. @ https://www.ebay.com/sch/i.html?_nkw=MT7981+wifi6+router+openwrt&LH_ItemCondition=3000:0
[   10037ms] [WARNING] Third-party cookie will be blocked. Learn more in the Issues tab. @ https://www.ebay.com/sch/i.html?_nkw=MT7981+wifi6+router+openwrt&LH_ItemCondition=3000:0
[   10038ms] [WARNING] Third-party cookie will be blocked. Learn more in the Issues tab. @ https://www.ebay.com/sch/i.html?_nkw=MT7981+wifi6+router+openwrt&LH_ItemCondition=3000:0
[   10039ms] [WARNING] Third-party cookie will be blocked. Learn more in the Issues tab. @ https://www.ebay.com/sch/i.html?_nkw=MT7981+wifi6+router+openwrt&LH_ItemCondition=3000:0
[   10040ms] [WARNING] Third-party cookie will be blocked. Learn more in the Issues tab. @ https://www.ebay.com/sch/i.html?_nkw=MT7981+wifi6+router+openwrt&LH_ItemCondition=3000:0
[   10041ms] [WARNING] Third-party cookie will be blocked. Learn more in the Issues tab. @ https://www.ebay.com/sch/i.html?_nkw=MT7981+wifi6+router+openwrt&LH_ItemCondition=3000:0
[   10042ms] [WARNING] Third-party cookie will be blocked. Learn more in the Issues tab. @ https://www.ebay.com/sch/i.html?_nkw=MT7981+wifi6+router+openwrt&LH_ItemCondition=3000:0
[   10042ms] [WARNING] Third-party cookie will be blocked. Learn more in the Issues tab. @ https://www.ebay.com/sch/i.html?_nkw=MT7981+wifi6+router+openwrt&LH_ItemCondition=3000:0
[   10042ms] [WARNING] Third-party cookie will be blocked. Learn more in the Issues tab. @ https://www.ebay.com/sch/i.html?_nkw=MT7981+wifi6+router+openwrt&LH_ItemCondition=3000:0
[   10963ms] [WARNING] Unrecognized feature: 'attribution-reporting'. @ https://connect.facebook.net/en_US/fbevents.js:383
[   11969ms] [WARNING] Third-party cookie will be blocked. Learn more in the Issues tab. @ https://www.ebay.com/sch/i.html?_nkw=MT7981+wifi6+router+openwrt&LH_ItemCondition=3000:0
[   11969ms] [WARNING] Third-party cookie will be blocked. Learn more in the Issues tab. @ https://www.ebay.com/sch/i.html?_nkw=MT7981+wifi6+router+openwrt&LH_ItemCondition=3000:0
[   11969ms] [WARNING] Third-party cookie will be blocked. Learn more in the Issues tab. @ https://www.ebay.com/sch/i.html?_nkw=MT7981+wifi6+router+openwrt&LH_ItemCondition=3000:0
[   11969ms] [WARNING] Third-party cookie will be blocked. Learn more in the Issues tab. @ https://www.ebay.com/sch/i.html?_nkw=MT7981+wifi6+router+openwrt&LH_ItemCondition=3000:0
[   11969ms] [WARNING] Third-party cookie will be blocked. Learn more in the Issues tab. @ https://www.ebay.com/sch/i.html?_nkw=MT7981+wifi6+router+openwrt&LH_ItemCondition=3000:0
[   11969ms] [WARNING] Third-party cookie will be blocked. Learn more in the Issues tab. @ https://www.ebay.com/sch/i.html?_nkw=MT7981+wifi6+router+openwrt&LH_ItemCondition=3000:0
[   11974ms] [WARNING] Third-party cookie will be blocked. Learn more in the Issues tab. @ https://www.ebay.com/sch/i.html?_nkw=MT7981+wifi6+router+openwrt&LH_ItemCondition=3000:0
[   11974ms] [WARNING] Third-party cookie will be blocked. Learn more in the Issues tab. @ https://www.ebay.com/sch/i.html?_nkw=MT7981+wifi6+router+openwrt&LH_ItemCondition=3000:0
[   11974ms] [WARNING] Third-party cookie will be blocked. Learn more in the Issues tab. @ https://www.ebay.com/sch/i.html?_nkw=MT7981+wifi6+router+openwrt&LH_ItemCondition=3000:0
[   11974ms] [WARNING] Third-party cookie will be blocked. Learn more in the Issues tab. @ https://www.ebay.com/sch/i.html?_nkw=MT7981+wifi6+router+openwrt&LH_ItemCondition=3000:0
[   11974ms] [WARNING] Third-party cookie will be blocked. Learn more in the Issues tab. @ https://www.ebay.com/sch/i.html?_nkw=MT7981+wifi6+router+openwrt&LH_ItemCondition=3000:0
[   11974ms] [WARNING] Third-party cookie will be blocked. Learn more in the Issues tab. @ https://www.ebay.com/sch/i.html?_nkw=MT7981+wifi6+router+openwrt&LH_ItemCondition=3000:0
[   11976ms] [WARNING] Third-party cookie will be blocked. Learn more in the Issues tab. @ https://www.ebay.com/sch/i.html?_nkw=MT7981+wifi6+router+openwrt&LH_ItemCondition=3000:0
[   11976ms] [WARNING] Third-party cookie will be blocked. Learn more in the Issues tab. @ https://www.ebay.com/sch/i.html?_nkw=MT7981+wifi6+router+openwrt&LH_ItemCondition=3000:0
[   11976ms] [WARNING] Third-party cookie will be blocked. Learn more in the Issues tab. @ https://www.ebay.com/sch/i.html?_nkw=MT7981+wifi6+router+openwrt&LH_ItemCondition=3000:0
[   11976ms] [WARNING] Third-party cookie will be blocked. Learn more in the Issues tab. @ https://www.ebay.com/sch/i.html?_nkw=MT7981+wifi6+router+openwrt&LH_ItemCondition=3000:0
[   11976ms] [WARNING] Third-party cookie will be blocked. Learn more in the Issues tab. @ https://www.ebay.com/sch/i.html?_nkw=MT7981+wifi6+router+openwrt&LH_ItemCondition=3000:0
[   11976ms] [WARNING] Third-party cookie will be blocked. Learn more in the Issues tab. @ https://www.ebay.com/sch/i.html?_nkw=MT7981+wifi6+router+openwrt&LH_ItemCondition=3000:0
[   12043ms] [WARNING] Third-party cookie will be blocked. Learn more in the Issues tab. @ https://www.ebay.com/sch/i.html?_nkw=MT7981+wifi6+router+openwrt&LH_ItemCondition=3000:0
[   12043ms] [WARNING] Third-party cookie will be blocked. Learn more in the Issues tab. @ https://www.ebay.com/sch/i.html?_nkw=MT7981+wifi6+router+openwrt&LH_ItemCondition=3000:0
[   12043ms] [WARNING] Third-party cookie will be blocked. Learn more in the Issues tab. @ https://www.ebay.com/sch/i.html?_nkw=MT7981+wifi6+router+openwrt&LH_ItemCondition=3000:0
[   12043ms] [WARNING] Third-party cookie will be blocked. Learn more in the Issues tab. @ https://www.ebay.com/sch/i.html?_nkw=MT7981+wifi6+router+openwrt&LH_ItemCondition=3000:0
[   12043ms] [WARNING] Third-party cookie will be blocked. Learn more in the Issues tab. @ https://www.ebay.com/sch/i.html?_nkw=MT7981+wifi6+router+openwrt&LH_ItemCondition=3000:0
[   12044ms] [WARNING] Third-party cookie will be blocked. Learn more in the Issues tab. @ https://www.ebay.com/sch/i.html?_nkw=MT7981+wifi6+router+openwrt&LH_ItemCondition=3000:0
[   12045ms] [WARNING] Third-party cookie will be blocked. Learn more in the Issues tab. @ https://www.ebay.com/sch/i.html?_nkw=MT7981+wifi6+router+openwrt&LH_ItemCondition=3000:0
[   12046ms] [WARNING] Third-party cookie will be blocked. Learn more in the Issues tab. @ https://www.ebay.com/sch/i.html?_nkw=MT7981+wifi6+router+openwrt&LH_ItemCondition=3000:0
[   12046ms] [WARNING] Third-party cookie will be blocked. Learn more in the Issues tab. @ https://www.ebay.com/sch/i.html?_nkw=MT7981+wifi6+router+openwrt&LH_ItemCondition=3000:0
[   12046ms] [WARNING] Third-party cookie will be blocked. Learn more in the Issues tab. @ https://www.ebay.com/sch/i.html?_nkw=MT7981+wifi6+router+openwrt&LH_ItemCondition=3000:0
[   12284ms] [WARNING] Third-party cookie will be blocked. Learn more in the Issues tab. @ https://www.ebay.com/sch/i.html?_nkw=MT7981+wifi6+router+openwrt&LH_ItemCondition=3000:0
[   12284ms] [WARNING] Third-party cookie will be blocked. Learn more in the Issues tab. @ https://www.ebay.com/sch/i.html?_nkw=MT7981+wifi6+router+openwrt&LH_ItemCondition=3000:0
[   12284ms] [WARNING] Third-party cookie will be blocked. Learn more in the Issues tab. @ https://www.ebay.com/sch/i.html?_nkw=MT7981+wifi6+router+openwrt&LH_ItemCondition=3000:0
[   12525ms] [WARNING] Third-party cookie will be blocked. Learn more in the Issues tab. @ https://www.ebay.com/sch/i.html?_nkw=MT7981+wifi6+router+openwrt&LH_ItemCondition=3000:0
[   12671ms] [WARNING] Third-party cookie will be blocked. Learn more in the Issues tab. @ https://www.ebay.com/sch/i.html?_nkw=MT7981+wifi6+router+openwrt&LH_ItemCondition=3000:0
[   12671ms] [WARNING] Third-party cookie will be blocked. Learn more in the Issues tab. @ https://www.ebay.com/sch/i.html?_nkw=MT7981+wifi6+router+openwrt&LH_ItemCondition=3000:0
[   12686ms] [WARNING] Third-party cookie will be blocked. Learn more in the Issues tab. @ https://www.ebay.com/sch/i.html?_nkw=MT7981+wifi6+router+openwrt&LH_ItemCondition=3000:0
[   12686ms] [WARNING] Third-party cookie will be blocked. Learn more in the Issues tab. @ https://www.ebay.com/sch/i.html?_nkw=MT7981+wifi6+router+openwrt&LH_ItemCondition=3000:0
[   13056ms] [WARNING] Third-party cookie will be blocked. Learn more in the Issues tab. @ https://www.ebay.com/sch/i.html?_nkw=MT7981+wifi6+router+openwrt&LH_ItemCondition=3000:0
[   13058ms] [WARNING] Third-party cookie will be blocked. Learn more in the Issues tab. @ https://www.ebay.com/sch/i.html?_nkw=MT7981+wifi6+router+openwrt&LH_ItemCondition=3000:0
[   13125ms] [WARNING] Third-party cookie will be blocked. Learn more in the Issues tab. @ https://www.ebay.com/sch/i.html?_nkw=MT7981+wifi6+router+openwrt&LH_ItemCondition=3000:0
[   13623ms] [WARNING] Third-party cookie will be blocked. Learn more in the Issues tab. @ https://www.ebay.com/sch/i.html?_nkw=MT7981+wifi6+router+openwrt&LH_ItemCondition=3000:0
[   13623ms] [WARNING] Third-party cookie will be blocked. Learn more in the Issues tab. @ https://www.ebay.com/sch/i.html?_nkw=MT7981+wifi6+router+openwrt&LH_ItemCondition=3000:0
[   13892ms] [WARNING] Third-party cookie will be blocked. Learn more in the Issues tab. @ https://www.ebay.com/sch/i.html?_nkw=MT7981+wifi6+router+openwrt&LH_ItemCondition=3000:0
[   13892ms] [WARNING] Third-party cookie will be blocked. Learn more in the Issues tab. @ https://www.ebay.com/sch/i.html?_nkw=MT7981+wifi6+router+openwrt&LH_ItemCondition=3000:0
[   13972ms] [WARNING] Third-party cookie will be blocked. Learn more in the Issues tab. @ https://www.ebay.com/sch/i.html?_nkw=MT7981+wifi6+router+openwrt&LH_ItemCondition=3000:0
[   13972ms] [WARNING] Third-party cookie will be blocked. Learn more in the Issues tab. @ https://www.ebay.com/sch/i.html?_nkw=MT7981+wifi6+router+openwrt&LH_ItemCondition=3000:0
[   13972ms] [WARNING] Third-party cookie will be blocked. Learn more in the Issues tab. @ https://www.ebay.com/sch/i.html?_nkw=MT7981+wifi6+router+openwrt&LH_ItemCondition=3000:0
[   13972ms] [WARNING] Third-party cookie will be blocked. Learn more in the Issues tab. @ https://www.ebay.com/sch/i.html?_nkw=MT7981+wifi6+router+openwrt&LH_ItemCondition=3000:0
[   13972ms] [WARNING] Third-party cookie will be blocked. Learn more in the Issues tab. @ https://www.ebay.com/sch/i.html?_nkw=MT7981+wifi6+router+openwrt&LH_ItemCondition=3000:0
[   13973ms] [WARNING] Third-party cookie will be blocked. Learn more in the Issues tab. @ https://www.ebay.com/sch/i.html?_nkw=MT7981+wifi6+router+openwrt&LH_ItemCondition=3000:0
[   13973ms] [WARNING] Third-party cookie will be blocked. Learn more in the Issues tab. @ https://www.ebay.com/sch/i.html?_nkw=MT7981+wifi6+router+openwrt&LH_ItemCondition=3000:0
[   13973ms] [WARNING] Third-party cookie will be blocked. Learn more in the Issues tab. @ https://www.ebay.com/sch/i.html?_nkw=MT7981+wifi6+router+openwrt&LH_ItemCondition=3000:0
[   13973ms] [WARNING] Third-party cookie will be blocked. Learn more in the Issues tab. @ https://www.ebay.com/sch/i.html?_nkw=MT7981+wifi6+router+openwrt&LH_ItemCondition=3000:0
[   13973ms] [WARNING] Third-party cookie will be blocked. Learn more in the Issues tab. @ https://www.ebay.com/sch/i.html?_nkw=MT7981+wifi6+router+openwrt&LH_ItemCondition=3000:0
[   13973ms] [WARNING] Third-party cookie will be blocked. Learn more in the Issues tab. @ https://www.ebay.com/sch/i.html?_nkw=MT7981+wifi6+router+openwrt&LH_ItemCondition=3000:0
[   13973ms] [WARNING] Third-party cookie will be blocked. Learn more in the Issues tab. @ https://www.ebay.com/sch/i.html?_nkw=MT7981+wifi6+router+openwrt&LH_ItemCondition=3000:0
[   13974ms] [WARNING] Third-party cookie will be blocked. Learn more in the Issues tab. @ https://www.ebay.com/sch/i.html?_nkw=MT7981+wifi6+router+openwrt&LH_ItemCondition=3000:0
[   13974ms] [WARNING] Third-party cookie will be blocked. Learn more in the Issues tab. @ https://www.ebay.com/sch/i.html?_nkw=MT7981+wifi6+router+openwrt&LH_ItemCondition=3000:0
[   13974ms] [WARNING] Third-party cookie will be blocked. Learn more in the Issues tab. @ https://www.ebay.com/sch/i.html?_nkw=MT7981+wifi6+router+openwrt&LH_ItemCondition=3000:0
[   13974ms] [WARNING] Third-party cookie will be blocked. Learn more in the Issues tab. @ https://www.ebay.com/sch/i.html?_nkw=MT7981+wifi6+router+openwrt&LH_ItemCondition=3000:0
[   13974ms] [WARNING] Third-party cookie will be blocked. Learn more in the Issues tab. @ https://www.ebay.com/sch/i.html?_nkw=MT7981+wifi6+router+openwrt&LH_ItemCondition=3000:0
[   14014ms] [WARNING] Third-party cookie will be blocked. Learn more in the Issues tab. @ https://www.ebay.com/sch/i.html?_nkw=MT7981+wifi6+router+openwrt&LH_ItemCondition=3000:0
[   14014ms] [WARNING] Third-party cookie will be blocked. Learn more in the Issues tab. @ https://www.ebay.com/sch/i.html?_nkw=MT7981+wifi6+router+openwrt&LH_ItemCondition=3000:0
[   14179ms] [WARNING] Third-party cookie will be blocked. Learn more in the Issues tab. @ https://www.ebay.com/sch/i.html?_nkw=MT7981+wifi6+router+openwrt&LH_ItemCondition=3000:0
[   14179ms] [WARNING] Third-party cookie will be blocked. Learn more in the Issues tab. @ https://www.ebay.com/sch/i.html?_nkw=MT7981+wifi6+router+openwrt&LH_ItemCondition=3000:0
[   14179ms] [WARNING] Third-party cookie will be blocked. Learn more in the Issues tab. @ https://www.ebay.com/sch/i.html?_nkw=MT7981+wifi6+router+openwrt&LH_ItemCondition=3000:0
[   14180ms] [WARNING] Third-party cookie will be blocked. Learn more in the Issues tab. @ https://www.ebay.com/sch/i.html?_nkw=MT7981+wifi6+router+openwrt&LH_ItemCondition=3000:0
[   14180ms] [WARNING] Third-party cookie will be blocked. Learn more in the Issues tab. @ https://www.ebay.com/sch/i.html?_nkw=MT7981+wifi6+router+openwrt&LH_ItemCondition=3000:0
[   14193ms] [WARNING] Third-party cookie will be blocked. Learn more in the Issues tab. @ https://www.ebay.com/sch/i.html?_nkw=MT7981+wifi6+router+openwrt&LH_ItemCondition=3000:0
[   14197ms] [WARNING] Third-party cookie will be blocked. Learn more in the Issues tab. @ https://www.ebay.com/sch/i.html?_nkw=MT7981+wifi6+router+openwrt&LH_ItemCondition=3000:0
[   14197ms] [WARNING] Third-party cookie will be blocked. Learn more in the Issues tab. @ https://www.ebay.com/sch/i.html?_nkw=MT7981+wifi6+router+openwrt&LH_ItemCondition=3000:0
[   14198ms] [WARNING] Third-party cookie will be blocked. Learn more in the Issues tab. @ https://www.ebay.com/sch/i.html?_nkw=MT7981+wifi6+router+openwrt&LH_ItemCondition=3000:0
[   14198ms] [WARNING] Third-party cookie will be blocked. Learn more in the Issues tab. @ https://www.ebay.com/sch/i.html?_nkw=MT7981+wifi6+router+openwrt&LH_ItemCondition=3000:0
[   14198ms] [WARNING] Third-party cookie will be blocked. Learn more in the Issues tab. @ https://www.ebay.com/sch/i.html?_nkw=MT7981+wifi6+router+openwrt&LH_ItemCondition=3000:0
[   14198ms] [WARNING] Third-party cookie will be blocked. Learn more in the Issues tab. @ https://www.ebay.com/sch/i.html?_nkw=MT7981+wifi6+router+openwrt&LH_ItemCondition=3000:0
[   14221ms] [WARNING] Third-party cookie will be blocked. Learn more in the Issues tab. @ https://www.ebay.com/sch/i.html?_nkw=MT7981+wifi6+router+openwrt&LH_ItemCondition=3000:0
[   14221ms] [WARNING] Third-party cookie will be blocked. Learn more in the Issues tab. @ https://www.ebay.com/sch/i.html?_nkw=MT7981+wifi6+router+openwrt&LH_ItemCondition=3000:0
[   14221ms] [WARNING] Third-party cookie will be blocked. Learn more in the Issues tab. @ https://www.ebay.com/sch/i.html?_nkw=MT7981+wifi6+router+openwrt&LH_ItemCondition=3000:0
[   14221ms] [WARNING] Third-party cookie will be blocked. Learn more in the Issues tab. @ https://www.ebay.com/sch/i.html?_nkw=MT7981+wifi6+router+openwrt&LH_ItemCondition=3000:0
[   14221ms] [WARNING] Third-party cookie will be blocked. Learn more in the Issues tab. @ https://www.ebay.com/sch/i.html?_nkw=MT7981+wifi6+router+openwrt&LH_ItemCondition=3000:0
[   14222ms] [WARNING] Third-party cookie will be blocked. Learn more in the Issues tab. @ https://www.ebay.com/sch/i.html?_nkw=MT7981+wifi6+router+openwrt&LH_ItemCondition=3000:0
[   14222ms] [WARNING] Third-party cookie will be blocked. Learn more in the Issues tab. @ https://www.ebay.com/sch/i.html?_nkw=MT7981+wifi6+router+openwrt&LH_ItemCondition=3000:0
[   14222ms] [WARNING] Third-party cookie will be blocked. Learn more in the Issues tab. @ https://www.ebay.com/sch/i.html?_nkw=MT7981+wifi6+router+openwrt&LH_ItemCondition=3000:0
[   14222ms] [WARNING] Third-party cookie will be blocked. Learn more in the Issues tab. @ https://www.ebay.com/sch/i.html?_nkw=MT7981+wifi6+router+openwrt&LH_ItemCondition=3000:0
[   14222ms] [WARNING] Third-party cookie will be blocked. Learn more in the Issues tab. @ https://www.ebay.com/sch/i.html?_nkw=MT7981+wifi6+router+openwrt&LH_ItemCondition=3000:0
[   14626ms] [WARNING] Third-party cookie will be blocked. Learn more in the Issues tab. @ https://www.ebay.com/sch/i.html?_nkw=MT7981+wifi6+router+openwrt&LH_ItemCondition=3000:0
[   14626ms] [WARNING] Third-party cookie will be blocked. Learn more in the Issues tab. @ https://www.ebay.com/sch/i.html?_nkw=MT7981+wifi6+router+openwrt&LH_ItemCondition=3000:0
[   14626ms] [WARNING] Third-party cookie will be blocked. Learn more in the Issues tab. @ https://www.ebay.com/sch/i.html?_nkw=MT7981+wifi6+router+openwrt&LH_ItemCondition=3000:0
[   14626ms] [WARNING] Third-party cookie will be blocked. Learn more in the Issues tab. @ https://www.ebay.com/sch/i.html?_nkw=MT7981+wifi6+router+openwrt&LH_ItemCondition=3000:0
[   14626ms] [WARNING] Third-party cookie will be blocked. Learn more in the Issues tab. @ https://www.ebay.com/sch/i.html?_nkw=MT7981+wifi6+router+openwrt&LH_ItemCondition=3000:0
[   14626ms] [WARNING] Third-party cookie will be blocked. Learn more in the Issues tab. @ https://www.ebay.com/sch/i.html?_nkw=MT7981+wifi6+router+openwrt&LH_ItemCondition=3000:0
[   14626ms] [WARNING] Third-party cookie will be blocked. Learn more in the Issues tab. @ https://www.ebay.com/sch/i.html?_nkw=MT7981+wifi6+router+openwrt&LH_ItemCondition=3000:0
[   14626ms] [WARNING] Third-party cookie will be blocked. Learn more in the Issues tab. @ https://www.ebay.com/sch/i.html?_nkw=MT7981+wifi6+router+openwrt&LH_ItemCondition=3000:0
[   14626ms] [WARNING] Third-party cookie will be blocked. Learn more in the Issues tab. @ https://www.ebay.com/sch/i.html?_nkw=MT7981+wifi6+router+openwrt&LH_ItemCondition=3000:0
[   14626ms] [WARNING] Third-party cookie will be blocked. Learn more in the Issues tab. @ https://www.ebay.com/sch/i.html?_nkw=MT7981+wifi6+router+openwrt&LH_ItemCondition=3000:0
[   14627ms] [WARNING] Third-party cookie will be blocked. Learn more in the Issues tab. @ https://www.ebay.com/sch/i.html?_nkw=MT7981+wifi6+router+openwrt&LH_ItemCondition=3000:0
[   14627ms] [WARNING] Third-party cookie will be blocked. Learn more in the Issues tab. @ https://www.ebay.com/sch/i.html?_nkw=MT7981+wifi6+router+openwrt&LH_ItemCondition=3000:0
[   14627ms] [WARNING] Third-party cookie will be blocked. Learn more in the Issues tab. @ https://www.ebay.com/sch/i.html?_nkw=MT7981+wifi6+router+openwrt&LH_ItemCondition=3000:0
[   14628ms] [WARNING] Third-party cookie will be blocked. Learn more in the Issues tab. @ https://www.ebay.com/sch/i.html?_nkw=MT7981+wifi6+router+openwrt&LH_ItemCondition=3000:0
[   14628ms] [WARNING] Third-party cookie will be blocked. Learn more in the Issues tab. @ https://www.ebay.com/sch/i.html?_nkw=MT7981+wifi6+router+openwrt&LH_ItemCondition=3000:0
[   14706ms] [WARNING] Third-party cookie will be blocked. Learn more in the Issues tab. @ https://www.ebay.com/sch/i.html?_nkw=MT7981+wifi6+router+openwrt&LH_ItemCondition=3000:0
[   14706ms] [WARNING] Third-party cookie will be blocked. Learn more in the Issues tab. @ https://www.ebay.com/sch/i.html?_nkw=MT7981+wifi6+router+openwrt&LH_ItemCondition=3000:0
[   14707ms] [WARNING] Third-party cookie will be blocked. Learn more in the Issues tab. @ https://www.ebay.com/sch/i.html?_nkw=MT7981+wifi6+router+openwrt&LH_ItemCondition=3000:0
[   14707ms] [WARNING] Third-party cookie will be blocked. Learn more in the Issues tab. @ https://www.ebay.com/sch/i.html?_nkw=MT7981+wifi6+router+openwrt&LH_ItemCondition=3000:0
[   14707ms] [WARNING] Third-party cookie will be blocked. Learn more in the Issues tab. @ https://www.ebay.com/sch/i.html?_nkw=MT7981+wifi6+router+openwrt&LH_ItemCondition=3000:0
[   14975ms] [WARNING] Third-party cookie will be blocked. Learn more in the Issues tab. @ https://www.ebay.com/sch/i.html?_nkw=MT7981+wifi6+router+openwrt&LH_ItemCondition=3000:0
[   14975ms] [WARNING] Third-party cookie will be blocked. Learn more in the Issues tab. @ https://www.ebay.com/sch/i.html?_nkw=MT7981+wifi6+router+openwrt&LH_ItemCondition=3000:0
[   14975ms] [WARNING] Third-party cookie will be blocked. Learn more in the Issues tab. @ https://www.ebay.com/sch/i.html?_nkw=MT7981+wifi6+router+openwrt&LH_ItemCondition=3000:0
[   14975ms] [WARNING] Third-party cookie will be blocked. Learn more in the Issues tab. @ https://www.ebay.com/sch/i.html?_nkw=MT7981+wifi6+router+openwrt&LH_ItemCondition=3000:0
[   14975ms] [WARNING] Third-party cookie will be blocked. Learn more in the Issues tab. @ https://www.ebay.com/sch/i.html?_nkw=MT7981+wifi6+router+openwrt&LH_ItemCondition=3000:0
[   14975ms] [WARNING] Third-party cookie will be blocked. Learn more in the Issues tab. @ https://www.ebay.com/sch/i.html?_nkw=MT7981+wifi6+router+openwrt&LH_ItemCondition=3000:0
[   14984ms] [WARNING] Third-party cookie will be blocked. Learn more in the Issues tab. @ https://www.ebay.com/sch/i.html?_nkw=MT7981+wifi6+router+openwrt&LH_ItemCondition=3000:0
[   14984ms] [WARNING] Third-party cookie will be blocked. Learn more in the Issues tab. @ https://www.ebay.com/sch/i.html?_nkw=MT7981+wifi6+router+openwrt&LH_ItemCondition=3000:0
[   14984ms] [WARNING] Third-party cookie will be blocked. Learn more in the Issues tab. @ https://www.ebay.com/sch/i.html?_nkw=MT7981+wifi6+router+openwrt&LH_ItemCondition=3000:0
[   14984ms] [WARNING] Third-party cookie will be blocked. Learn more in the Issues tab. @ https://www.ebay.com/sch/i.html?_nkw=MT7981+wifi6+router+openwrt&LH_ItemCondition=3000:0
[   14985ms] [WARNING] Third-party cookie will be blocked. Learn more in the Issues tab. @ https://www.ebay.com/sch/i.html?_nkw=MT7981+wifi6+router+openwrt&LH_ItemCondition=3000:0
[   14985ms] [WARNING] Third-party cookie will be blocked. Learn more in the Issues tab. @ https://www.ebay.com/sch/i.html?_nkw=MT7981+wifi6+router+openwrt&LH_ItemCondition=3000:0
[   21915ms] [WARNING] Third-party cookie will be blocked. Learn more in the Issues tab. @ https://www.ebay.com/sch/i.html?_nkw=MT7981+wifi6+router+openwrt&LH_ItemCondition=3000:0
[   39915ms] [WARNING] Third-party cookie will be blocked. Learn more in the Issues tab. @ https://www.ebay.com/sch/i.html?_nkw=MT7981+wifi6+router+openwrt&LH_ItemCondition=3000:0
[   39915ms] [WARNING] Third-party cookie will be blocked. Learn more in the Issues tab. @ https://www.ebay.com/sch/i.html?_nkw=MT7981+wifi6+router+openwrt&LH_ItemCondition=3000:0
[   39928ms] [WARNING] Third-party cookie will be blocked. Learn more in the Issues tab. @ https://www.ebay.com/sch/i.html?_nkw=MT7981+wifi6+router+openwrt&LH_ItemCondition=3000:0
[   39929ms] [WARNING] Third-party cookie will be blocked. Learn more in the Issues tab. @ https://www.ebay.com/sch/i.html?_nkw=MT7981+wifi6+router+openwrt&LH_ItemCondition=3000:0
[   39934ms] [WARNING] Third-party cookie will be blocked. Learn more in the Issues tab. @ https://www.ebay.com/sch/i.html?_nkw=MT7981+wifi6+router+openwrt&LH_ItemCondition=3000:0
[   39934ms] [WARNING] Third-party cookie will be blocked. Learn more in the Issues tab. @ https://www.ebay.com/sch/i.html?_nkw=MT7981+wifi6+router+openwrt&LH_ItemCondition=3000:0
[   67112ms] [WARNING] Third-party cookie will be blocked. Learn more in the Issues tab. @ https://www.ebay.com/sch/i.html?_nkw=MT7981+wifi6+router+openwrt&LH_ItemCondition=3000:0
[   67112ms] [WARNING] Third-party cookie will be blocked. Learn more in the Issues tab. @ https://www.ebay.com/sch/i.html?_nkw=MT7981+wifi6+router+openwrt&LH_ItemCondition=3000:0
[   67112ms] [WARNING] Third-party cookie will be blocked. Learn more in the Issues tab. @ https://www.ebay.com/sch/i.html?_nkw=MT7981+wifi6+router+openwrt&LH_ItemCondition=3000:0
[   67112ms] [WARNING] Third-party cookie will be blocked. Learn more in the Issues tab. @ https://www.ebay.com/sch/i.html?_nkw=MT7981+wifi6+router+openwrt&LH_ItemCondition=3000:0
[   69435ms] [WARNING] Third-party cookie will be blocked. Learn more in the Issues tab. @ https://www.ebay.com/sch/i.html?_nkw=MT7981+wifi6+router+openwrt&LH_ItemCondition=3000:0
[   69436ms] [WARNING] Third-party cookie will be blocked. Learn more in the Issues tab. @ https://www.ebay.com/sch/i.html?_nkw=MT7981+wifi6+router+openwrt&LH_ItemCondition=3000:0
[   69445ms] [WARNING] Third-party cookie will be blocked. Learn more in the Issues tab. @ https://www.ebay.com/sch/i.html?_nkw=MT7981+wifi6+router+openwrt&LH_ItemCondition=3000:0
[   69445ms] [WARNING] Third-party cookie will be blocked. Learn more in the Issues tab. @ https://www.ebay.com/sch/i.html?_nkw=MT7981+wifi6+router+openwrt&LH_ItemCondition=3000:0
[   69457ms] [WARNING] Third-party cookie will be blocked. Learn more in the Issues tab. @ https://www.ebay.com/sch/i.html?_nkw=MT7981+wifi6+router+openwrt&LH_ItemCondition=3000:0
[   69457ms] [WARNING] Third-party cookie will be blocked. Learn more in the Issues tab. @ https://www.ebay.com/sch/i.html?_nkw=MT7981+wifi6+router+openwrt&LH_ItemCondition=3000:0
