[    4165ms] [WARNING] Header: trk missing @ https://ir.ebaystatic.com/rs/c/globalheaderweb/index_lcNW.02410537.js:0
[    4417ms] [LOG] joinUs() at %ce%cb%ca%cy%c! font-weight:bold;color:#e53238; font-weight:bold;color:#0064d2 font-weight:bold;color:#f5af02 font-weight:bold;color:#86b817 color:black @ https://ir.ebaystatic.com/rs/c/srpnweb/common-DEJgr_P0.js:1
[    5178ms] [WARNING] Header: trk missing @ https://ir.ebaystatic.com/rs/c/globalheaderweb/index_lcNW.02410537.js:0
[    5183ms] [WARNING] Header: trk missing @ https://ir.ebaystatic.com/rs/c/globalheaderweb/index_lcNW.02410537.js:0
[    5316ms] [WARNING] Header: trk missing @ https://ir.ebaystatic.com/rs/c/globalheaderweb/index_lcNW.02410537.js:0
[    5323ms] [WARNING] The PerformanceObserver does not support buffered flag with the entryTypes argument. @ https://ir.ebaystatic.com/rs/c/srpnweb/vendor-8nOrQJTy.js:0
[    6138ms] [LOG] done @ https://www.ebay.com/sch/i.html?_nkw=Xiaomi+AX6000+MT7986+wifi6+router:4
[    7254ms] [WARNING] Third-party cookie will be blocked. Learn more in the Issues tab. @ https://www.ebay.com/sch/i.html?_nkw=Xiaomi+AX6000+MT7986+wifi6+router:0
[    7254ms] [WARNING] Third-party cookie will be blocked. Learn more in the Issues tab. @ https://www.ebay.com/sch/i.html?_nkw=Xiaomi+AX6000+MT7986+wifi6+router:0
[    9551ms] [WARNING] [GPT] PubAdsService.collapseEmptyDivs is deprecated, use googletag.setConfig({collapseDiv: ...}) instead.
https://goo.gle/gpt-message#170 @ https://securepubads.g.doubleclick.net/pagead/managed/js/gpt/m202605260101/pubads_impl.js:18
[    9557ms] [WARNING] [GPT] Slot.setTargeting is deprecated, use Slot.setConfig({targeting: ...}) instead.
https://goo.gle/gpt-message#171 @ https://securepubads.g.doubleclick.net/pagead/managed/js/gpt/m202605260101/pubads_impl.js:18
[   10898ms] [WARNING] Third-party cookie will be blocked. Learn more in the Issues tab. @ https://www.ebay.com/sch/i.html?_nkw=Xiaomi+AX6000+MT7986+wifi6+router:0
[   11115ms] [WARNING] Third-party cookie will be blocked. Learn more in the Issues tab. @ https://www.ebay.com/sch/i.html?_nkw=Xiaomi+AX6000+MT7986+wifi6+router:0
[   11115ms] [WARNING] Third-party cookie will be blocked. Learn more in the Issues tab. @ https://www.ebay.com/sch/i.html?_nkw=Xiaomi+AX6000+MT7986+wifi6+router:0
[   11412ms] [WARNING] Third-party cookie will be blocked. Learn more in the Issues tab. @ https://www.ebay.com/sch/i.html?_nkw=Xiaomi+AX6000+MT7986+wifi6+router:0
[   11412ms] [WARNING] Third-party cookie will be blocked. Learn more in the Issues tab. @ https://www.ebay.com/sch/i.html?_nkw=Xiaomi+AX6000+MT7986+wifi6+router:0
[   11575ms] [WARNING] Third-party cookie will be blocked. Learn more in the Issues tab. @ https://www.ebay.com/sch/i.html?_nkw=Xiaomi+AX6000+MT7986+wifi6+router:0
[   11586ms] [WARNING] Third-party cookie will be blocked. Learn more in the Issues tab. @ https://www.ebay.com/sch/i.html?_nkw=Xiaomi+AX6000+MT7986+wifi6+router:0
[   11772ms] [WARNING] Third-party cookie will be blocked. Learn more in the Issues tab. @ https://www.ebay.com/sch/i.html?_nkw=Xiaomi+AX6000+MT7986+wifi6+router:0
[   11772ms] [WARNING] Third-party cookie will be blocked. Learn more in the Issues tab. @ https://www.ebay.com/sch/i.html?_nkw=Xiaomi+AX6000+MT7986+wifi6+router:0
[   11800ms] [WARNING] Third-party cookie will be blocked. Learn more in the Issues tab. @ https://www.ebay.com/sch/i.html?_nkw=Xiaomi+AX6000+MT7986+wifi6+router:0
[   11800ms] [WARNING] Third-party cookie will be blocked. Learn more in the Issues tab. @ https://www.ebay.com/sch/i.html?_nkw=Xiaomi+AX6000+MT7986+wifi6+router:0
[   12232ms] [WARNING] Third-party cookie will be blocked. Learn more in the Issues tab. @ https://www.ebay.com/sch/i.html?_nkw=Xiaomi+AX6000+MT7986+wifi6+router:0
[   12232ms] [WARNING] Third-party cookie will be blocked. Learn more in the Issues tab. @ https://www.ebay.com/sch/i.html?_nkw=Xiaomi+AX6000+MT7986+wifi6+router:0
[   12398ms] [WARNING] Unrecognized feature: 'attribution-reporting'. @ https://connect.facebook.net/en_US/fbevents.js:383
[   12899ms] [WARNING] Third-party cookie will be blocked. Learn more in the Issues tab. @ https://www.ebay.com/sch/i.html?_nkw=Xiaomi+AX6000+MT7986+wifi6+router:0
[   13003ms] [WARNING] Third-party cookie will be blocked. Learn more in the Issues tab. @ https://www.ebay.com/sch/i.html?_nkw=Xiaomi+AX6000+MT7986+wifi6+router:0
[   13003ms] [WARNING] Third-party cookie will be blocked. Learn more in the Issues tab. @ https://www.ebay.com/sch/i.html?_nkw=Xiaomi+AX6000+MT7986+wifi6+router:0
[   13003ms] [WARNING] Third-party cookie will be blocked. Learn more in the Issues tab. @ https://www.ebay.com/sch/i.html?_nkw=Xiaomi+AX6000+MT7986+wifi6+router:0
[   13445ms] [WARNING] Third-party cookie will be blocked. Learn more in the Issues tab. @ https://www.ebay.com/sch/i.html?_nkw=Xiaomi+AX6000+MT7986+wifi6+router:0
[   13445ms] [WARNING] Third-party cookie will be blocked. Learn more in the Issues tab. @ https://www.ebay.com/sch/i.html?_nkw=Xiaomi+AX6000+MT7986+wifi6+router:0
[   13445ms] [WARNING] Third-party cookie will be blocked. Learn more in the Issues tab. @ https://www.ebay.com/sch/i.html?_nkw=Xiaomi+AX6000+MT7986+wifi6+router:0
[   13445ms] [WARNING] Third-party cookie will be blocked. Learn more in the Issues tab. @ https://www.ebay.com/sch/i.html?_nkw=Xiaomi+AX6000+MT7986+wifi6+router:0
[   13445ms] [WARNING] Third-party cookie will be blocked. Learn more in the Issues tab. @ https://www.ebay.com/sch/i.html?_nkw=Xiaomi+AX6000+MT7986+wifi6+router:0
[   13445ms] [WARNING] Third-party cookie will be blocked. Learn more in the Issues tab. @ https://www.ebay.com/sch/i.html?_nkw=Xiaomi+AX6000+MT7986+wifi6+router:0
[   13451ms] [WARNING] Third-party cookie will be blocked. Learn more in the Issues tab. @ https://www.ebay.com/sch/i.html?_nkw=Xiaomi+AX6000+MT7986+wifi6+router:0
[   13452ms] [WARNING] Third-party cookie will be blocked. Learn more in the Issues tab. @ https://www.ebay.com/sch/i.html?_nkw=Xiaomi+AX6000+MT7986+wifi6+router:0
[   13452ms] [WARNING] Third-party cookie will be blocked. Learn more in the Issues tab. @ https://www.ebay.com/sch/i.html?_nkw=Xiaomi+AX6000+MT7986+wifi6+router:0
[   13452ms] [WARNING] Third-party cookie will be blocked. Learn more in the Issues tab. @ https://www.ebay.com/sch/i.html?_nkw=Xiaomi+AX6000+MT7986+wifi6+router:0
[   13452ms] [WARNING] Third-party cookie will be blocked. Learn more in the Issues tab. @ https://www.ebay.com/sch/i.html?_nkw=Xiaomi+AX6000+MT7986+wifi6+router:0
[   13452ms] [WARNING] Third-party cookie will be blocked. Learn more in the Issues tab. @ https://www.ebay.com/sch/i.html?_nkw=Xiaomi+AX6000+MT7986+wifi6+router:0
[   13642ms] [WARNING] Third-party cookie will be blocked. Learn more in the Issues tab. @ https://www.ebay.com/sch/i.html?_nkw=Xiaomi+AX6000+MT7986+wifi6+router:0
[   13642ms] [WARNING] Third-party cookie will be blocked. Learn more in the Issues tab. @ https://www.ebay.com/sch/i.html?_nkw=Xiaomi+AX6000+MT7986+wifi6+router:0
[   13643ms] [WARNING] Third-party cookie will be blocked. Learn more in the Issues tab. @ https://www.ebay.com/sch/i.html?_nkw=Xiaomi+AX6000+MT7986+wifi6+router:0
[   13643ms] [WARNING] Third-party cookie will be blocked. Learn more in the Issues tab. @ https://www.ebay.com/sch/i.html?_nkw=Xiaomi+AX6000+MT7986+wifi6+router:0
[   13659ms] [WARNING] Third-party cookie will be blocked. Learn more in the Issues tab. @ https://www.ebay.com/sch/i.html?_nkw=Xiaomi+AX6000+MT7986+wifi6+router:0
[   13660ms] [WARNING] Third-party cookie will be blocked. Learn more in the Issues tab. @ https://www.ebay.com/sch/i.html?_nkw=Xiaomi+AX6000+MT7986+wifi6+router:0
[   13731ms] [WARNING] Third-party cookie will be blocked. Learn more in the Issues tab. @ https://www.ebay.com/sch/i.html?_nkw=Xiaomi+AX6000+MT7986+wifi6+router:0
[   13810ms] [WARNING] Third-party cookie will be blocked. Learn more in the Issues tab. @ https://www.ebay.com/sch/i.html?_nkw=Xiaomi+AX6000+MT7986+wifi6+router:0
[   13810ms] [WARNING] Third-party cookie will be blocked. Learn more in the Issues tab. @ https://www.ebay.com/sch/i.html?_nkw=Xiaomi+AX6000+MT7986+wifi6+router:0
[   13810ms] [WARNING] Third-party cookie will be blocked. Learn more in the Issues tab. @ https://www.ebay.com/sch/i.html?_nkw=Xiaomi+AX6000+MT7986+wifi6+router:0
[   13810ms] [WARNING] Third-party cookie will be blocked. Learn more in the Issues tab. @ https://www.ebay.com/sch/i.html?_nkw=Xiaomi+AX6000+MT7986+wifi6+router:0
[   13810ms] [WARNING] Third-party cookie will be blocked. Learn more in the Issues tab. @ https://www.ebay.com/sch/i.html?_nkw=Xiaomi+AX6000+MT7986+wifi6+router:0
[   13810ms] [WARNING] Third-party cookie will be blocked. Learn more in the Issues tab. @ https://www.ebay.com/sch/i.html?_nkw=Xiaomi+AX6000+MT7986+wifi6+router:0
[   13812ms] [WARNING] Third-party cookie will be blocked. Learn more in the Issues tab. @ https://www.ebay.com/sch/i.html?_nkw=Xiaomi+AX6000+MT7986+wifi6+router:0
[   13812ms] [WARNING] Third-party cookie will be blocked. Learn more in the Issues tab. @ https://www.ebay.com/sch/i.html?_nkw=Xiaomi+AX6000+MT7986+wifi6+router:0
[   13812ms] [WARNING] Third-party cookie will be blocked. Learn more in the Issues tab. @ https://www.ebay.com/sch/i.html?_nkw=Xiaomi+AX6000+MT7986+wifi6+router:0
[   13812ms] [WARNING] Third-party cookie will be blocked. Learn more in the Issues tab. @ https://www.ebay.com/sch/i.html?_nkw=Xiaomi+AX6000+MT7986+wifi6+router:0
[   13812ms] [WARNING] Third-party cookie will be blocked. Learn more in the Issues tab. @ https://www.ebay.com/sch/i.html?_nkw=Xiaomi+AX6000+MT7986+wifi6+router:0
[   13813ms] [WARNING] Third-party cookie will be blocked. Learn more in the Issues tab. @ https://www.ebay.com/sch/i.html?_nkw=Xiaomi+AX6000+MT7986+wifi6+router:0
[   13813ms] [WARNING] Third-party cookie will be blocked. Learn more in the Issues tab. @ https://www.ebay.com/sch/i.html?_nkw=Xiaomi+AX6000+MT7986+wifi6+router:0
[   13814ms] [WARNING] Third-party cookie will be blocked. Learn more in the Issues tab. @ https://www.ebay.com/sch/i.html?_nkw=Xiaomi+AX6000+MT7986+wifi6+router:0
[   13814ms] [WARNING] Third-party cookie will be blocked. Learn more in the Issues tab. @ https://www.ebay.com/sch/i.html?_nkw=Xiaomi+AX6000+MT7986+wifi6+router:0
[   13815ms] [WARNING] Third-party cookie will be blocked. Learn more in the Issues tab. @ https://www.ebay.com/sch/i.html?_nkw=Xiaomi+AX6000+MT7986+wifi6+router:0
[   14248ms] [WARNING] Third-party cookie will be blocked. Learn more in the Issues tab. @ https://www.ebay.com/sch/i.html?_nkw=Xiaomi+AX6000+MT7986+wifi6+router:0
[   14248ms] [WARNING] Third-party cookie will be blocked. Learn more in the Issues tab. @ https://www.ebay.com/sch/i.html?_nkw=Xiaomi+AX6000+MT7986+wifi6+router:0
[   14248ms] [WARNING] Third-party cookie will be blocked. Learn more in the Issues tab. @ https://www.ebay.com/sch/i.html?_nkw=Xiaomi+AX6000+MT7986+wifi6+router:0
[   14248ms] [WARNING] Third-party cookie will be blocked. Learn more in the Issues tab. @ https://www.ebay.com/sch/i.html?_nkw=Xiaomi+AX6000+MT7986+wifi6+router:0
[   14249ms] [WARNING] Third-party cookie will be blocked. Learn more in the Issues tab. @ https://www.ebay.com/sch/i.html?_nkw=Xiaomi+AX6000+MT7986+wifi6+router:0
[   14249ms] [WARNING] Third-party cookie will be blocked. Learn more in the Issues tab. @ https://www.ebay.com/sch/i.html?_nkw=Xiaomi+AX6000+MT7986+wifi6+router:0
[   14249ms] [WARNING] Third-party cookie will be blocked. Learn more in the Issues tab. @ https://www.ebay.com/sch/i.html?_nkw=Xiaomi+AX6000+MT7986+wifi6+router:0
[   14249ms] [WARNING] Third-party cookie will be blocked. Learn more in the Issues tab. @ https://www.ebay.com/sch/i.html?_nkw=Xiaomi+AX6000+MT7986+wifi6+router:0
[   14249ms] [WARNING] Third-party cookie will be blocked. Learn more in the Issues tab. @ https://www.ebay.com/sch/i.html?_nkw=Xiaomi+AX6000+MT7986+wifi6+router:0
[   14249ms] [WARNING] Third-party cookie will be blocked. Learn more in the Issues tab. @ https://www.ebay.com/sch/i.html?_nkw=Xiaomi+AX6000+MT7986+wifi6+router:0
[   14295ms] [WARNING] Third-party cookie will be blocked. Learn more in the Issues tab. @ https://www.ebay.com/sch/i.html?_nkw=Xiaomi+AX6000+MT7986+wifi6+router:0
[   14295ms] [WARNING] Third-party cookie will be blocked. Learn more in the Issues tab. @ https://www.ebay.com/sch/i.html?_nkw=Xiaomi+AX6000+MT7986+wifi6+router:0
[   14295ms] [WARNING] Third-party cookie will be blocked. Learn more in the Issues tab. @ https://www.ebay.com/sch/i.html?_nkw=Xiaomi+AX6000+MT7986+wifi6+router:0
[   14295ms] [WARNING] Third-party cookie will be blocked. Learn more in the Issues tab. @ https://www.ebay.com/sch/i.html?_nkw=Xiaomi+AX6000+MT7986+wifi6+router:0
[   14295ms] [WARNING] Third-party cookie will be blocked. Learn more in the Issues tab. @ https://www.ebay.com/sch/i.html?_nkw=Xiaomi+AX6000+MT7986+wifi6+router:0
[   14296ms] [WARNING] Third-party cookie will be blocked. Learn more in the Issues tab. @ https://www.ebay.com/sch/i.html?_nkw=Xiaomi+AX6000+MT7986+wifi6+router:0
[   14342ms] [WARNING] Third-party cookie will be blocked. Learn more in the Issues tab. @ https://www.ebay.com/sch/i.html?_nkw=Xiaomi+AX6000+MT7986+wifi6+router:0
[   14342ms] [WARNING] Third-party cookie will be blocked. Learn more in the Issues tab. @ https://www.ebay.com/sch/i.html?_nkw=Xiaomi+AX6000+MT7986+wifi6+router:0
[   14342ms] [WARNING] Third-party cookie will be blocked. Learn more in the Issues tab. @ https://www.ebay.com/sch/i.html?_nkw=Xiaomi+AX6000+MT7986+wifi6+router:0
[   14342ms] [WARNING] Third-party cookie will be blocked. Learn more in the Issues tab. @ https://www.ebay.com/sch/i.html?_nkw=Xiaomi+AX6000+MT7986+wifi6+router:0
[   14342ms] [WARNING] Third-party cookie will be blocked. Learn more in the Issues tab. @ https://www.ebay.com/sch/i.html?_nkw=Xiaomi+AX6000+MT7986+wifi6+router:0
[   14342ms] [WARNING] Third-party cookie will be blocked. Learn more in the Issues tab. @ https://www.ebay.com/sch/i.html?_nkw=Xiaomi+AX6000+MT7986+wifi6+router:0
[   14368ms] [WARNING] Third-party cookie will be blocked. Learn more in the Issues tab. @ https://www.ebay.com/sch/i.html?_nkw=Xiaomi+AX6000+MT7986+wifi6+router:0
[   14368ms] [WARNING] Third-party cookie will be blocked. Learn more in the Issues tab. @ https://www.ebay.com/sch/i.html?_nkw=Xiaomi+AX6000+MT7986+wifi6+router:0
[   14368ms] [WARNING] Third-party cookie will be blocked. Learn more in the Issues tab. @ https://www.ebay.com/sch/i.html?_nkw=Xiaomi+AX6000+MT7986+wifi6+router:0
[   14368ms] [WARNING] Third-party cookie will be blocked. Learn more in the Issues tab. @ https://www.ebay.com/sch/i.html?_nkw=Xiaomi+AX6000+MT7986+wifi6+router:0
[   14368ms] [WARNING] Third-party cookie will be blocked. Learn more in the Issues tab. @ https://www.ebay.com/sch/i.html?_nkw=Xiaomi+AX6000+MT7986+wifi6+router:0
[   14369ms] [WARNING] Third-party cookie will be blocked. Learn more in the Issues tab. @ https://www.ebay.com/sch/i.html?_nkw=Xiaomi+AX6000+MT7986+wifi6+router:0
[   14369ms] [WARNING] Third-party cookie will be blocked. Learn more in the Issues tab. @ https://www.ebay.com/sch/i.html?_nkw=Xiaomi+AX6000+MT7986+wifi6+router:0
[   14369ms] [WARNING] Third-party cookie will be blocked. Learn more in the Issues tab. @ https://www.ebay.com/sch/i.html?_nkw=Xiaomi+AX6000+MT7986+wifi6+router:0
[   14369ms] [WARNING] Third-party cookie will be blocked. Learn more in the Issues tab. @ https://www.ebay.com/sch/i.html?_nkw=Xiaomi+AX6000+MT7986+wifi6+router:0
[   14369ms] [WARNING] Third-party cookie will be blocked. Learn more in the Issues tab. @ https://www.ebay.com/sch/i.html?_nkw=Xiaomi+AX6000+MT7986+wifi6+router:0
[   14412ms] [WARNING] Third-party cookie will be blocked. Learn more in the Issues tab. @ https://www.ebay.com/sch/i.html?_nkw=Xiaomi+AX6000+MT7986+wifi6+router:0
[   14413ms] [WARNING] Third-party cookie will be blocked. Learn more in the Issues tab. @ https://www.ebay.com/sch/i.html?_nkw=Xiaomi+AX6000+MT7986+wifi6+router:0
[   14413ms] [WARNING] Third-party cookie will be blocked. Learn more in the Issues tab. @ https://www.ebay.com/sch/i.html?_nkw=Xiaomi+AX6000+MT7986+wifi6+router:0
[   14413ms] [WARNING] Third-party cookie will be blocked. Learn more in the Issues tab. @ https://www.ebay.com/sch/i.html?_nkw=Xiaomi+AX6000+MT7986+wifi6+router:0
[   14413ms] [WARNING] Third-party cookie will be blocked. Learn more in the Issues tab. @ https://www.ebay.com/sch/i.html?_nkw=Xiaomi+AX6000+MT7986+wifi6+router:0
[   14549ms] [WARNING] Third-party cookie will be blocked. Learn more in the Issues tab. @ https://www.ebay.com/sch/i.html?_nkw=Xiaomi+AX6000+MT7986+wifi6+router:0
[   14549ms] [WARNING] Third-party cookie will be blocked. Learn more in the Issues tab. @ https://www.ebay.com/sch/i.html?_nkw=Xiaomi+AX6000+MT7986+wifi6+router:0
[   14885ms] [WARNING] Third-party cookie will be blocked. Learn more in the Issues tab. @ https://www.ebay.com/sch/i.html?_nkw=Xiaomi+AX6000+MT7986+wifi6+router:0
[   14885ms] [WARNING] Third-party cookie will be blocked. Learn more in the Issues tab. @ https://www.ebay.com/sch/i.html?_nkw=Xiaomi+AX6000+MT7986+wifi6+router:0
[   14885ms] [WARNING] Third-party cookie will be blocked. Learn more in the Issues tab. @ https://www.ebay.com/sch/i.html?_nkw=Xiaomi+AX6000+MT7986+wifi6+router:0
[   14885ms] [WARNING] Third-party cookie will be blocked. Learn more in the Issues tab. @ https://www.ebay.com/sch/i.html?_nkw=Xiaomi+AX6000+MT7986+wifi6+router:0
[   14885ms] [WARNING] Third-party cookie will be blocked. Learn more in the Issues tab. @ https://www.ebay.com/sch/i.html?_nkw=Xiaomi+AX6000+MT7986+wifi6+router:0
[   14885ms] [WARNING] Third-party cookie will be blocked. Learn more in the Issues tab. @ https://www.ebay.com/sch/i.html?_nkw=Xiaomi+AX6000+MT7986+wifi6+router:0
[   14971ms] [WARNING] Third-party cookie will be blocked. Learn more in the Issues tab. @ https://www.ebay.com/sch/i.html?_nkw=Xiaomi+AX6000+MT7986+wifi6+router:0
[   14972ms] [WARNING] Third-party cookie will be blocked. Learn more in the Issues tab. @ https://www.ebay.com/sch/i.html?_nkw=Xiaomi+AX6000+MT7986+wifi6+router:0
[   15130ms] [WARNING] Third-party cookie will be blocked. Learn more in the Issues tab. @ https://www.ebay.com/sch/i.html?_nkw=Xiaomi+AX6000+MT7986+wifi6+router:0
[   15130ms] [WARNING] Third-party cookie will be blocked. Learn more in the Issues tab. @ https://www.ebay.com/sch/i.html?_nkw=Xiaomi+AX6000+MT7986+wifi6+router:0
[   15131ms] [WARNING] Third-party cookie will be blocked. Learn more in the Issues tab. @ https://www.ebay.com/sch/i.html?_nkw=Xiaomi+AX6000+MT7986+wifi6+router:0
[   15131ms] [WARNING] Third-party cookie will be blocked. Learn more in the Issues tab. @ https://www.ebay.com/sch/i.html?_nkw=Xiaomi+AX6000+MT7986+wifi6+router:0
[   15131ms] [WARNING] Third-party cookie will be blocked. Learn more in the Issues tab. @ https://www.ebay.com/sch/i.html?_nkw=Xiaomi+AX6000+MT7986+wifi6+router:0
[   15131ms] [WARNING] Third-party cookie will be blocked. Learn more in the Issues tab. @ https://www.ebay.com/sch/i.html?_nkw=Xiaomi+AX6000+MT7986+wifi6+router:0
[   15218ms] [WARNING] Third-party cookie will be blocked. Learn more in the Issues tab. @ https://www.ebay.com/sch/i.html?_nkw=Xiaomi+AX6000+MT7986+wifi6+router:0
[   15218ms] [WARNING] Third-party cookie will be blocked. Learn more in the Issues tab. @ https://www.ebay.com/sch/i.html?_nkw=Xiaomi+AX6000+MT7986+wifi6+router:0
[   15254ms] [WARNING] Third-party cookie will be blocked. Learn more in the Issues tab. @ https://www.ebay.com/sch/i.html?_nkw=Xiaomi+AX6000+MT7986+wifi6+router:0
[   15254ms] [WARNING] Third-party cookie will be blocked. Learn more in the Issues tab. @ https://www.ebay.com/sch/i.html?_nkw=Xiaomi+AX6000+MT7986+wifi6+router:0
[   15254ms] [WARNING] Third-party cookie will be blocked. Learn more in the Issues tab. @ https://www.ebay.com/sch/i.html?_nkw=Xiaomi+AX6000+MT7986+wifi6+router:0
[   15254ms] [WARNING] Third-party cookie will be blocked. Learn more in the Issues tab. @ https://www.ebay.com/sch/i.html?_nkw=Xiaomi+AX6000+MT7986+wifi6+router:0
[   15255ms] [WARNING] Third-party cookie will be blocked. Learn more in the Issues tab. @ https://www.ebay.com/sch/i.html?_nkw=Xiaomi+AX6000+MT7986+wifi6+router:0
[   15321ms] [WARNING] Third-party cookie will be blocked. Learn more in the Issues tab. @ https://www.ebay.com/sch/i.html?_nkw=Xiaomi+AX6000+MT7986+wifi6+router:0
[   15321ms] [WARNING] Third-party cookie will be blocked. Learn more in the Issues tab. @ https://www.ebay.com/sch/i.html?_nkw=Xiaomi+AX6000+MT7986+wifi6+router:0
[   15321ms] [WARNING] Third-party cookie will be blocked. Learn more in the Issues tab. @ https://www.ebay.com/sch/i.html?_nkw=Xiaomi+AX6000+MT7986+wifi6+router:0
[   15321ms] [WARNING] Third-party cookie will be blocked. Learn more in the Issues tab. @ https://www.ebay.com/sch/i.html?_nkw=Xiaomi+AX6000+MT7986+wifi6+router:0
[   15321ms] [WARNING] Third-party cookie will be blocked. Learn more in the Issues tab. @ https://www.ebay.com/sch/i.html?_nkw=Xiaomi+AX6000+MT7986+wifi6+router:0
[   15321ms] [WARNING] Third-party cookie will be blocked. Learn more in the Issues tab. @ https://www.ebay.com/sch/i.html?_nkw=Xiaomi+AX6000+MT7986+wifi6+router:0
[   15415ms] [WARNING] Third-party cookie will be blocked. Learn more in the Issues tab. @ https://www.ebay.com/sch/i.html?_nkw=Xiaomi+AX6000+MT7986+wifi6+router:0
[   15415ms] [WARNING] Third-party cookie will be blocked. Learn more in the Issues tab. @ https://www.ebay.com/sch/i.html?_nkw=Xiaomi+AX6000+MT7986+wifi6+router:0
[   15415ms] [WARNING] Third-party cookie will be blocked. Learn more in the Issues tab. @ https://www.ebay.com/sch/i.html?_nkw=Xiaomi+AX6000+MT7986+wifi6+router:0
[   15415ms] [WARNING] Third-party cookie will be blocked. Learn more in the Issues tab. @ https://www.ebay.com/sch/i.html?_nkw=Xiaomi+AX6000+MT7986+wifi6+router:0
[   15415ms] [WARNING] Third-party cookie will be blocked. Learn more in the Issues tab. @ https://www.ebay.com/sch/i.html?_nkw=Xiaomi+AX6000+MT7986+wifi6+router:0
[   15623ms] [WARNING] Third-party cookie will be blocked. Learn more in the Issues tab. @ https://www.ebay.com/sch/i.html?_nkw=Xiaomi+AX6000+MT7986+wifi6+router:0
[   15623ms] [WARNING] Third-party cookie will be blocked. Learn more in the Issues tab. @ https://www.ebay.com/sch/i.html?_nkw=Xiaomi+AX6000+MT7986+wifi6+router:0
[   15623ms] [WARNING] Third-party cookie will be blocked. Learn more in the Issues tab. @ https://www.ebay.com/sch/i.html?_nkw=Xiaomi+AX6000+MT7986+wifi6+router:0
[   15623ms] [WARNING] Third-party cookie will be blocked. Learn more in the Issues tab. @ https://www.ebay.com/sch/i.html?_nkw=Xiaomi+AX6000+MT7986+wifi6+router:0
[   15624ms] [WARNING] Third-party cookie will be blocked. Learn more in the Issues tab. @ https://www.ebay.com/sch/i.html?_nkw=Xiaomi+AX6000+MT7986+wifi6+router:0
[   15624ms] [WARNING] Third-party cookie will be blocked. Learn more in the Issues tab. @ https://www.ebay.com/sch/i.html?_nkw=Xiaomi+AX6000+MT7986+wifi6+router:0
[   23179ms] [WARNING] Third-party cookie will be blocked. Learn more in the Issues tab. @ https://www.ebay.com/sch/i.html?_nkw=Xiaomi+AX6000+MT7986+wifi6+router:0
[   38847ms] [WARNING] Third-party cookie will be blocked. Learn more in the Issues tab. @ https://www.ebay.com/sch/i.html?_nkw=Xiaomi+AX6000+MT7986+wifi6+router:0
[   38848ms] [WARNING] Third-party cookie will be blocked. Learn more in the Issues tab. @ https://www.ebay.com/sch/i.html?_nkw=Xiaomi+AX6000+MT7986+wifi6+router:0
[   38911ms] [WARNING] Third-party cookie will be blocked. Learn more in the Issues tab. @ https://www.ebay.com/sch/i.html?_nkw=Xiaomi+AX6000+MT7986+wifi6+router:0
[   38912ms] [WARNING] Third-party cookie will be blocked. Learn more in the Issues tab. @ https://www.ebay.com/sch/i.html?_nkw=Xiaomi+AX6000+MT7986+wifi6+router:0
[   38932ms] [WARNING] Third-party cookie will be blocked. Learn more in the Issues tab. @ https://www.ebay.com/sch/i.html?_nkw=Xiaomi+AX6000+MT7986+wifi6+router:0
[   38933ms] [WARNING] Third-party cookie will be blocked. Learn more in the Issues tab. @ https://www.ebay.com/sch/i.html?_nkw=Xiaomi+AX6000+MT7986+wifi6+router:0
[   68862ms] [WARNING] Third-party cookie will be blocked. Learn more in the Issues tab. @ https://www.ebay.com/sch/i.html?_nkw=Xiaomi+AX6000+MT7986+wifi6+router:0
[   68862ms] [WARNING] Third-party cookie will be blocked. Learn more in the Issues tab. @ https://www.ebay.com/sch/i.html?_nkw=Xiaomi+AX6000+MT7986+wifi6+router:0
[   68862ms] [WARNING] Third-party cookie will be blocked. Learn more in the Issues tab. @ https://www.ebay.com/sch/i.html?_nkw=Xiaomi+AX6000+MT7986+wifi6+router:0
[   68862ms] [WARNING] Third-party cookie will be blocked. Learn more in the Issues tab. @ https://www.ebay.com/sch/i.html?_nkw=Xiaomi+AX6000+MT7986+wifi6+router:0
[   68945ms] [WARNING] Third-party cookie will be blocked. Learn more in the Issues tab. @ https://www.ebay.com/sch/i.html?_nkw=Xiaomi+AX6000+MT7986+wifi6+router:0
[   68945ms] [WARNING] Third-party cookie will be blocked. Learn more in the Issues tab. @ https://www.ebay.com/sch/i.html?_nkw=Xiaomi+AX6000+MT7986+wifi6+router:0
[   68946ms] [WARNING] Third-party cookie will be blocked. Learn more in the Issues tab. @ https://www.ebay.com/sch/i.html?_nkw=Xiaomi+AX6000+MT7986+wifi6+router:0
[   68946ms] [WARNING] Third-party cookie will be blocked. Learn more in the Issues tab. @ https://www.ebay.com/sch/i.html?_nkw=Xiaomi+AX6000+MT7986+wifi6+router:0
[   69364ms] [WARNING] Third-party cookie will be blocked. Learn more in the Issues tab. @ https://www.ebay.com/sch/i.html?_nkw=Xiaomi+AX6000+MT7986+wifi6+router:0
[   69364ms] [WARNING] Third-party cookie will be blocked. Learn more in the Issues tab. @ https://www.ebay.com/sch/i.html?_nkw=Xiaomi+AX6000+MT7986+wifi6+router:0
[   69365ms] [WARNING] Third-party cookie will be blocked. Learn more in the Issues tab. @ https://www.ebay.com/sch/i.html?_nkw=Xiaomi+AX6000+MT7986+wifi6+router:0
[   69365ms] [WARNING] Third-party cookie will be blocked. Learn more in the Issues tab. @ https://www.ebay.com/sch/i.html?_nkw=Xiaomi+AX6000+MT7986+wifi6+router:0
[   98883ms] [WARNING] Third-party cookie will be blocked. Learn more in the Issues tab. @ https://www.ebay.com/sch/i.html?_nkw=Xiaomi+AX6000+MT7986+wifi6+router:0
[   98884ms] [WARNING] Third-party cookie will be blocked. Learn more in the Issues tab. @ https://www.ebay.com/sch/i.html?_nkw=Xiaomi+AX6000+MT7986+wifi6+router:0
[   98967ms] [WARNING] Third-party cookie will be blocked. Learn more in the Issues tab. @ https://www.ebay.com/sch/i.html?_nkw=Xiaomi+AX6000+MT7986+wifi6+router:0
[   98967ms] [WARNING] Third-party cookie will be blocked. Learn more in the Issues tab. @ https://www.ebay.com/sch/i.html?_nkw=Xiaomi+AX6000+MT7986+wifi6+router:0
[   99522ms] [WARNING] Third-party cookie will be blocked. Learn more in the Issues tab. @ https://www.ebay.com/sch/i.html?_nkw=Xiaomi+AX6000+MT7986+wifi6+router:0
[   99523ms] [WARNING] Third-party cookie will be blocked. Learn more in the Issues tab. @ https://www.ebay.com/sch/i.html?_nkw=Xiaomi+AX6000+MT7986+wifi6+router:0
