[    3284ms] [WARNING] Header: trk missing @ https://ir.ebaystatic.com/rs/c/globalheaderweb/index_lcNW.02410537.js:0
[    3454ms] [LOG] joinUs() at %ce%cb%ca%cy%c! font-weight:bold;color:#e53238; font-weight:bold;color:#0064d2 font-weight:bold;color:#f5af02 font-weight:bold;color:#86b817 color:black @ https://ir.ebaystatic.com/rs/c/srpnweb/common-DEJgr_P0.js:1
[    3827ms] [WARNING] Header: trk missing @ https://ir.ebaystatic.com/rs/c/globalheaderweb/index_lcNW.02410537.js:0
[    3828ms] [WARNING] Header: trk missing @ https://ir.ebaystatic.com/rs/c/globalheaderweb/index_lcNW.02410537.js:0
[    3885ms] [WARNING] Header: trk missing @ https://ir.ebaystatic.com/rs/c/globalheaderweb/index_lcNW.02410537.js:0
[    5525ms] [WARNING] Third-party cookie will be blocked. Learn more in the Issues tab. @ https://www.ebay.co.uk/sch/i.html?_nkw=Redmi+AX6000+MT7986+router:0
[    5525ms] [WARNING] Third-party cookie will be blocked. Learn more in the Issues tab. @ https://www.ebay.co.uk/sch/i.html?_nkw=Redmi+AX6000+MT7986+router:0
[    5525ms] [WARNING] Third-party cookie will be blocked. Learn more in the Issues tab. @ https://www.ebay.co.uk/sch/i.html?_nkw=Redmi+AX6000+MT7986+router:0
[    5525ms] [WARNING] Third-party cookie will be blocked. Learn more in the Issues tab. @ https://www.ebay.co.uk/sch/i.html?_nkw=Redmi+AX6000+MT7986+router:0
[    5748ms] [LOG] done @ https://www.ebay.co.uk/sch/i.html?_nkw=Redmi+AX6000+MT7986+router:4
[    5955ms] [WARNING] Third-party cookie will be blocked. Learn more in the Issues tab. @ https://www.ebay.co.uk/sch/i.html?_nkw=Redmi+AX6000+MT7986+router:0
[    5956ms] [WARNING] Third-party cookie will be blocked. Learn more in the Issues tab. @ https://www.ebay.co.uk/sch/i.html?_nkw=Redmi+AX6000+MT7986+router:0
[    5956ms] [WARNING] Third-party cookie will be blocked. Learn more in the Issues tab. @ https://www.ebay.co.uk/sch/i.html?_nkw=Redmi+AX6000+MT7986+router:0
[    5956ms] [WARNING] Third-party cookie will be blocked. Learn more in the Issues tab. @ https://www.ebay.co.uk/sch/i.html?_nkw=Redmi+AX6000+MT7986+router:0
[    6282ms] [WARNING] [GPT] PubAdsService.collapseEmptyDivs is deprecated, use googletag.setConfig({collapseDiv: ...}) instead.
https://goo.gle/gpt-message#170 @ https://securepubads.g.doubleclick.net/pagead/managed/js/gpt/m202605260101/pubads_impl.js:18
[    6293ms] [WARNING] [GPT] Slot.setTargeting is deprecated, use Slot.setConfig({targeting: ...}) instead.
https://goo.gle/gpt-message#171 @ https://securepubads.g.doubleclick.net/pagead/managed/js/gpt/m202605260101/pubads_impl.js:18
[    6708ms] [WARNING] Third-party cookie will be blocked. Learn more in the Issues tab. @ https://www.ebay.co.uk/sch/i.html?_nkw=Redmi+AX6000+MT7986+router:0
[    6708ms] [WARNING] Third-party cookie will be blocked. Learn more in the Issues tab. @ https://www.ebay.co.uk/sch/i.html?_nkw=Redmi+AX6000+MT7986+router:0
[    7966ms] [WARNING] Third-party cookie will be blocked. Learn more in the Issues tab. @ https://www.ebay.co.uk/sch/i.html?_nkw=Redmi+AX6000+MT7986+router:0
[    7966ms] [WARNING] Third-party cookie will be blocked. Learn more in the Issues tab. @ https://www.ebay.co.uk/sch/i.html?_nkw=Redmi+AX6000+MT7986+router:0
[    8057ms] [WARNING] Third-party cookie will be blocked. Learn more in the Issues tab. @ https://www.ebay.co.uk/sch/i.html?_nkw=Redmi+AX6000+MT7986+router:0
[    8057ms] [WARNING] Third-party cookie will be blocked. Learn more in the Issues tab. @ https://www.ebay.co.uk/sch/i.html?_nkw=Redmi+AX6000+MT7986+router:0
[    8123ms] [WARNING] Third-party cookie will be blocked. Learn more in the Issues tab. @ https://www.ebay.co.uk/sch/i.html?_nkw=Redmi+AX6000+MT7986+router:0
[    8182ms] [WARNING] Third-party cookie will be blocked. Learn more in the Issues tab. @ https://www.ebay.co.uk/sch/i.html?_nkw=Redmi+AX6000+MT7986+router:0
[    8182ms] [WARNING] Third-party cookie will be blocked. Learn more in the Issues tab. @ https://www.ebay.co.uk/sch/i.html?_nkw=Redmi+AX6000+MT7986+router:0
[    8568ms] [WARNING] Third-party cookie will be blocked. Learn more in the Issues tab. @ https://www.ebay.co.uk/sch/i.html?_nkw=Redmi+AX6000+MT7986+router:0
[    8568ms] [WARNING] Third-party cookie will be blocked. Learn more in the Issues tab. @ https://www.ebay.co.uk/sch/i.html?_nkw=Redmi+AX6000+MT7986+router:0
[    8605ms] [WARNING] Third-party cookie will be blocked. Learn more in the Issues tab. @ https://www.ebay.co.uk/sch/i.html?_nkw=Redmi+AX6000+MT7986+router:0
[    8606ms] [WARNING] Third-party cookie will be blocked. Learn more in the Issues tab. @ https://www.ebay.co.uk/sch/i.html?_nkw=Redmi+AX6000+MT7986+router:0
[    8629ms] [WARNING] Third-party cookie will be blocked. Learn more in the Issues tab. @ https://www.ebay.co.uk/sch/i.html?_nkw=Redmi+AX6000+MT7986+router:0
[    8629ms] [WARNING] Third-party cookie will be blocked. Learn more in the Issues tab. @ https://www.ebay.co.uk/sch/i.html?_nkw=Redmi+AX6000+MT7986+router:0
[    8850ms] [WARNING] Third-party cookie will be blocked. Learn more in the Issues tab. @ https://www.ebay.co.uk/sch/i.html?_nkw=Redmi+AX6000+MT7986+router:0
[    8850ms] [WARNING] Third-party cookie will be blocked. Learn more in the Issues tab. @ https://www.ebay.co.uk/sch/i.html?_nkw=Redmi+AX6000+MT7986+router:0
[    9463ms] [WARNING] Unrecognized feature: 'attribution-reporting'. @ https://connect.facebook.net/en_US/fbevents.js:383
[    9816ms] [WARNING] Third-party cookie will be blocked. Learn more in the Issues tab. @ https://www.ebay.co.uk/sch/i.html?_nkw=Redmi+AX6000+MT7986+router:0
[    9911ms] [WARNING] Third-party cookie will be blocked. Learn more in the Issues tab. @ https://www.ebay.co.uk/sch/i.html?_nkw=Redmi+AX6000+MT7986+router:0
[    9911ms] [WARNING] Third-party cookie will be blocked. Learn more in the Issues tab. @ https://www.ebay.co.uk/sch/i.html?_nkw=Redmi+AX6000+MT7986+router:0
[    9912ms] [WARNING] Third-party cookie will be blocked. Learn more in the Issues tab. @ https://www.ebay.co.uk/sch/i.html?_nkw=Redmi+AX6000+MT7986+router:0
[    9912ms] [WARNING] Third-party cookie will be blocked. Learn more in the Issues tab. @ https://www.ebay.co.uk/sch/i.html?_nkw=Redmi+AX6000+MT7986+router:0
[    9912ms] [WARNING] Third-party cookie will be blocked. Learn more in the Issues tab. @ https://www.ebay.co.uk/sch/i.html?_nkw=Redmi+AX6000+MT7986+router:0
[    9912ms] [WARNING] Third-party cookie will be blocked. Learn more in the Issues tab. @ https://www.ebay.co.uk/sch/i.html?_nkw=Redmi+AX6000+MT7986+router:0
[    9912ms] [WARNING] Third-party cookie will be blocked. Learn more in the Issues tab. @ https://www.ebay.co.uk/sch/i.html?_nkw=Redmi+AX6000+MT7986+router:0
[    9912ms] [WARNING] Third-party cookie will be blocked. Learn more in the Issues tab. @ https://www.ebay.co.uk/sch/i.html?_nkw=Redmi+AX6000+MT7986+router:0
[    9912ms] [WARNING] Third-party cookie will be blocked. Learn more in the Issues tab. @ https://www.ebay.co.uk/sch/i.html?_nkw=Redmi+AX6000+MT7986+router:0
[   10016ms] [WARNING] Third-party cookie will be blocked. Learn more in the Issues tab. @ https://www.ebay.co.uk/sch/i.html?_nkw=Redmi+AX6000+MT7986+router:0
[   10016ms] [WARNING] Third-party cookie will be blocked. Learn more in the Issues tab. @ https://www.ebay.co.uk/sch/i.html?_nkw=Redmi+AX6000+MT7986+router:0
[   10113ms] [WARNING] Third-party cookie will be blocked. Learn more in the Issues tab. @ https://www.ebay.co.uk/sch/i.html?_nkw=Redmi+AX6000+MT7986+router:0
[   10113ms] [WARNING] Third-party cookie will be blocked. Learn more in the Issues tab. @ https://www.ebay.co.uk/sch/i.html?_nkw=Redmi+AX6000+MT7986+router:0
[   10113ms] [WARNING] Third-party cookie will be blocked. Learn more in the Issues tab. @ https://www.ebay.co.uk/sch/i.html?_nkw=Redmi+AX6000+MT7986+router:0
[   10113ms] [WARNING] Third-party cookie will be blocked. Learn more in the Issues tab. @ https://www.ebay.co.uk/sch/i.html?_nkw=Redmi+AX6000+MT7986+router:0
[   10113ms] [WARNING] Third-party cookie will be blocked. Learn more in the Issues tab. @ https://www.ebay.co.uk/sch/i.html?_nkw=Redmi+AX6000+MT7986+router:0
[   10113ms] [WARNING] Third-party cookie will be blocked. Learn more in the Issues tab. @ https://www.ebay.co.uk/sch/i.html?_nkw=Redmi+AX6000+MT7986+router:0
[   10122ms] [WARNING] Third-party cookie will be blocked. Learn more in the Issues tab. @ https://www.ebay.co.uk/sch/i.html?_nkw=Redmi+AX6000+MT7986+router:0
[   10122ms] [WARNING] Third-party cookie will be blocked. Learn more in the Issues tab. @ https://www.ebay.co.uk/sch/i.html?_nkw=Redmi+AX6000+MT7986+router:0
[   10122ms] [WARNING] Third-party cookie will be blocked. Learn more in the Issues tab. @ https://www.ebay.co.uk/sch/i.html?_nkw=Redmi+AX6000+MT7986+router:0
[   10122ms] [WARNING] Third-party cookie will be blocked. Learn more in the Issues tab. @ https://www.ebay.co.uk/sch/i.html?_nkw=Redmi+AX6000+MT7986+router:0
[   10122ms] [WARNING] Third-party cookie will be blocked. Learn more in the Issues tab. @ https://www.ebay.co.uk/sch/i.html?_nkw=Redmi+AX6000+MT7986+router:0
[   10122ms] [WARNING] Third-party cookie will be blocked. Learn more in the Issues tab. @ https://www.ebay.co.uk/sch/i.html?_nkw=Redmi+AX6000+MT7986+router:0
[   10126ms] [WARNING] Third-party cookie will be blocked. Learn more in the Issues tab. @ https://www.ebay.co.uk/sch/i.html?_nkw=Redmi+AX6000+MT7986+router:0
[   10126ms] [WARNING] Third-party cookie will be blocked. Learn more in the Issues tab. @ https://www.ebay.co.uk/sch/i.html?_nkw=Redmi+AX6000+MT7986+router:0
[   10126ms] [WARNING] Third-party cookie will be blocked. Learn more in the Issues tab. @ https://www.ebay.co.uk/sch/i.html?_nkw=Redmi+AX6000+MT7986+router:0
[   10126ms] [WARNING] Third-party cookie will be blocked. Learn more in the Issues tab. @ https://www.ebay.co.uk/sch/i.html?_nkw=Redmi+AX6000+MT7986+router:0
[   10126ms] [WARNING] Third-party cookie will be blocked. Learn more in the Issues tab. @ https://www.ebay.co.uk/sch/i.html?_nkw=Redmi+AX6000+MT7986+router:0
[   10126ms] [WARNING] Third-party cookie will be blocked. Learn more in the Issues tab. @ https://www.ebay.co.uk/sch/i.html?_nkw=Redmi+AX6000+MT7986+router:0
[   10127ms] [WARNING] Third-party cookie will be blocked. Learn more in the Issues tab. @ https://www.ebay.co.uk/sch/i.html?_nkw=Redmi+AX6000+MT7986+router:0
[   10127ms] [WARNING] Third-party cookie will be blocked. Learn more in the Issues tab. @ https://www.ebay.co.uk/sch/i.html?_nkw=Redmi+AX6000+MT7986+router:0
[   10127ms] [WARNING] Third-party cookie will be blocked. Learn more in the Issues tab. @ https://www.ebay.co.uk/sch/i.html?_nkw=Redmi+AX6000+MT7986+router:0
[   10127ms] [WARNING] Third-party cookie will be blocked. Learn more in the Issues tab. @ https://www.ebay.co.uk/sch/i.html?_nkw=Redmi+AX6000+MT7986+router:0
[   10127ms] [WARNING] Third-party cookie will be blocked. Learn more in the Issues tab. @ https://www.ebay.co.uk/sch/i.html?_nkw=Redmi+AX6000+MT7986+router:0
[   10128ms] [WARNING] Third-party cookie will be blocked. Learn more in the Issues tab. @ https://www.ebay.co.uk/sch/i.html?_nkw=Redmi+AX6000+MT7986+router:0
[   10128ms] [WARNING] Third-party cookie will be blocked. Learn more in the Issues tab. @ https://www.ebay.co.uk/sch/i.html?_nkw=Redmi+AX6000+MT7986+router:0
[   10128ms] [WARNING] Third-party cookie will be blocked. Learn more in the Issues tab. @ https://www.ebay.co.uk/sch/i.html?_nkw=Redmi+AX6000+MT7986+router:0
[   10128ms] [WARNING] Third-party cookie will be blocked. Learn more in the Issues tab. @ https://www.ebay.co.uk/sch/i.html?_nkw=Redmi+AX6000+MT7986+router:0
[   10128ms] [WARNING] Third-party cookie will be blocked. Learn more in the Issues tab. @ https://www.ebay.co.uk/sch/i.html?_nkw=Redmi+AX6000+MT7986+router:0
[   10197ms] [WARNING] Third-party cookie will be blocked. Learn more in the Issues tab. @ https://www.ebay.co.uk/sch/i.html?_nkw=Redmi+AX6000+MT7986+router:0
[   10197ms] [WARNING] Third-party cookie will be blocked. Learn more in the Issues tab. @ https://www.ebay.co.uk/sch/i.html?_nkw=Redmi+AX6000+MT7986+router:0
[   10348ms] [WARNING] Third-party cookie will be blocked. Learn more in the Issues tab. @ https://www.ebay.co.uk/sch/i.html?_nkw=Redmi+AX6000+MT7986+router:0
[   10377ms] [WARNING] Third-party cookie will be blocked. Learn more in the Issues tab. @ https://www.ebay.co.uk/sch/i.html?_nkw=Redmi+AX6000+MT7986+router:0
[   10377ms] [WARNING] Third-party cookie will be blocked. Learn more in the Issues tab. @ https://www.ebay.co.uk/sch/i.html?_nkw=Redmi+AX6000+MT7986+router:0
[   10858ms] [WARNING] Third-party cookie will be blocked. Learn more in the Issues tab. @ https://www.ebay.co.uk/sch/i.html?_nkw=Redmi+AX6000+MT7986+router:0
[   10858ms] [WARNING] Third-party cookie will be blocked. Learn more in the Issues tab. @ https://www.ebay.co.uk/sch/i.html?_nkw=Redmi+AX6000+MT7986+router:0
[   10858ms] [WARNING] Third-party cookie will be blocked. Learn more in the Issues tab. @ https://www.ebay.co.uk/sch/i.html?_nkw=Redmi+AX6000+MT7986+router:0
[   10858ms] [WARNING] Third-party cookie will be blocked. Learn more in the Issues tab. @ https://www.ebay.co.uk/sch/i.html?_nkw=Redmi+AX6000+MT7986+router:0
[   10858ms] [WARNING] Third-party cookie will be blocked. Learn more in the Issues tab. @ https://www.ebay.co.uk/sch/i.html?_nkw=Redmi+AX6000+MT7986+router:0
[   10858ms] [WARNING] Third-party cookie will be blocked. Learn more in the Issues tab. @ https://www.ebay.co.uk/sch/i.html?_nkw=Redmi+AX6000+MT7986+router:0
[   10860ms] [WARNING] Third-party cookie will be blocked. Learn more in the Issues tab. @ https://www.ebay.co.uk/sch/i.html?_nkw=Redmi+AX6000+MT7986+router:0
[   10860ms] [WARNING] Third-party cookie will be blocked. Learn more in the Issues tab. @ https://www.ebay.co.uk/sch/i.html?_nkw=Redmi+AX6000+MT7986+router:0
[   10861ms] [WARNING] Third-party cookie will be blocked. Learn more in the Issues tab. @ https://www.ebay.co.uk/sch/i.html?_nkw=Redmi+AX6000+MT7986+router:0
[   10861ms] [WARNING] Third-party cookie will be blocked. Learn more in the Issues tab. @ https://www.ebay.co.uk/sch/i.html?_nkw=Redmi+AX6000+MT7986+router:0
[   11003ms] [WARNING] Third-party cookie will be blocked. Learn more in the Issues tab. @ https://www.ebay.co.uk/sch/i.html?_nkw=Redmi+AX6000+MT7986+router:0
[   11003ms] [WARNING] Third-party cookie will be blocked. Learn more in the Issues tab. @ https://www.ebay.co.uk/sch/i.html?_nkw=Redmi+AX6000+MT7986+router:0
[   11071ms] [WARNING] Third-party cookie will be blocked. Learn more in the Issues tab. @ https://www.ebay.co.uk/sch/i.html?_nkw=Redmi+AX6000+MT7986+router:0
[   11071ms] [WARNING] Third-party cookie will be blocked. Learn more in the Issues tab. @ https://www.ebay.co.uk/sch/i.html?_nkw=Redmi+AX6000+MT7986+router:0
[   11071ms] [WARNING] Third-party cookie will be blocked. Learn more in the Issues tab. @ https://www.ebay.co.uk/sch/i.html?_nkw=Redmi+AX6000+MT7986+router:0
[   11071ms] [WARNING] Third-party cookie will be blocked. Learn more in the Issues tab. @ https://www.ebay.co.uk/sch/i.html?_nkw=Redmi+AX6000+MT7986+router:0
[   11071ms] [WARNING] Third-party cookie will be blocked. Learn more in the Issues tab. @ https://www.ebay.co.uk/sch/i.html?_nkw=Redmi+AX6000+MT7986+router:0
[   11071ms] [WARNING] Third-party cookie will be blocked. Learn more in the Issues tab. @ https://www.ebay.co.uk/sch/i.html?_nkw=Redmi+AX6000+MT7986+router:0
[   11072ms] [WARNING] Third-party cookie will be blocked. Learn more in the Issues tab. @ https://www.ebay.co.uk/sch/i.html?_nkw=Redmi+AX6000+MT7986+router:0
[   11072ms] [WARNING] Third-party cookie will be blocked. Learn more in the Issues tab. @ https://www.ebay.co.uk/sch/i.html?_nkw=Redmi+AX6000+MT7986+router:0
[   11072ms] [WARNING] Third-party cookie will be blocked. Learn more in the Issues tab. @ https://www.ebay.co.uk/sch/i.html?_nkw=Redmi+AX6000+MT7986+router:0
[   11072ms] [WARNING] Third-party cookie will be blocked. Learn more in the Issues tab. @ https://www.ebay.co.uk/sch/i.html?_nkw=Redmi+AX6000+MT7986+router:0
[   11072ms] [WARNING] Third-party cookie will be blocked. Learn more in the Issues tab. @ https://www.ebay.co.uk/sch/i.html?_nkw=Redmi+AX6000+MT7986+router:0
[   11072ms] [WARNING] Third-party cookie will be blocked. Learn more in the Issues tab. @ https://www.ebay.co.uk/sch/i.html?_nkw=Redmi+AX6000+MT7986+router:0
[   11084ms] [WARNING] Third-party cookie will be blocked. Learn more in the Issues tab. @ https://www.ebay.co.uk/sch/i.html?_nkw=Redmi+AX6000+MT7986+router:0
[   11084ms] [WARNING] Third-party cookie will be blocked. Learn more in the Issues tab. @ https://www.ebay.co.uk/sch/i.html?_nkw=Redmi+AX6000+MT7986+router:0
[   11084ms] [WARNING] Third-party cookie will be blocked. Learn more in the Issues tab. @ https://www.ebay.co.uk/sch/i.html?_nkw=Redmi+AX6000+MT7986+router:0
[   11084ms] [WARNING] Third-party cookie will be blocked. Learn more in the Issues tab. @ https://www.ebay.co.uk/sch/i.html?_nkw=Redmi+AX6000+MT7986+router:0
[   11084ms] [WARNING] Third-party cookie will be blocked. Learn more in the Issues tab. @ https://www.ebay.co.uk/sch/i.html?_nkw=Redmi+AX6000+MT7986+router:0
[   11088ms] [WARNING] Third-party cookie will be blocked. Learn more in the Issues tab. @ https://www.ebay.co.uk/sch/i.html?_nkw=Redmi+AX6000+MT7986+router:0
[   11088ms] [WARNING] Third-party cookie will be blocked. Learn more in the Issues tab. @ https://www.ebay.co.uk/sch/i.html?_nkw=Redmi+AX6000+MT7986+router:0
[   11088ms] [WARNING] Third-party cookie will be blocked. Learn more in the Issues tab. @ https://www.ebay.co.uk/sch/i.html?_nkw=Redmi+AX6000+MT7986+router:0
[   11088ms] [WARNING] Third-party cookie will be blocked. Learn more in the Issues tab. @ https://www.ebay.co.uk/sch/i.html?_nkw=Redmi+AX6000+MT7986+router:0
[   11088ms] [WARNING] Third-party cookie will be blocked. Learn more in the Issues tab. @ https://www.ebay.co.uk/sch/i.html?_nkw=Redmi+AX6000+MT7986+router:0
[   11103ms] [WARNING] Third-party cookie will be blocked. Learn more in the Issues tab. @ https://www.ebay.co.uk/sch/i.html?_nkw=Redmi+AX6000+MT7986+router:0
[   11103ms] [WARNING] Third-party cookie will be blocked. Learn more in the Issues tab. @ https://www.ebay.co.uk/sch/i.html?_nkw=Redmi+AX6000+MT7986+router:0
[   11103ms] [WARNING] Third-party cookie will be blocked. Learn more in the Issues tab. @ https://www.ebay.co.uk/sch/i.html?_nkw=Redmi+AX6000+MT7986+router:0
[   11103ms] [WARNING] Third-party cookie will be blocked. Learn more in the Issues tab. @ https://www.ebay.co.uk/sch/i.html?_nkw=Redmi+AX6000+MT7986+router:0
[   11103ms] [WARNING] Third-party cookie will be blocked. Learn more in the Issues tab. @ https://www.ebay.co.uk/sch/i.html?_nkw=Redmi+AX6000+MT7986+router:0
[   11493ms] [WARNING] Third-party cookie will be blocked. Learn more in the Issues tab. @ https://www.ebay.co.uk/sch/i.html?_nkw=Redmi+AX6000+MT7986+router:0
[   11493ms] [WARNING] Third-party cookie will be blocked. Learn more in the Issues tab. @ https://www.ebay.co.uk/sch/i.html?_nkw=Redmi+AX6000+MT7986+router:0
[   11584ms] [WARNING] Third-party cookie will be blocked. Learn more in the Issues tab. @ https://www.ebay.co.uk/sch/i.html?_nkw=Redmi+AX6000+MT7986+router:0
[   11584ms] [WARNING] Third-party cookie will be blocked. Learn more in the Issues tab. @ https://www.ebay.co.uk/sch/i.html?_nkw=Redmi+AX6000+MT7986+router:0
[   11597ms] [WARNING] Third-party cookie will be blocked. Learn more in the Issues tab. @ https://www.ebay.co.uk/sch/i.html?_nkw=Redmi+AX6000+MT7986+router:0
[   11597ms] [WARNING] Third-party cookie will be blocked. Learn more in the Issues tab. @ https://www.ebay.co.uk/sch/i.html?_nkw=Redmi+AX6000+MT7986+router:0
[   11597ms] [WARNING] Third-party cookie will be blocked. Learn more in the Issues tab. @ https://www.ebay.co.uk/sch/i.html?_nkw=Redmi+AX6000+MT7986+router:0
[   11597ms] [WARNING] Third-party cookie will be blocked. Learn more in the Issues tab. @ https://www.ebay.co.uk/sch/i.html?_nkw=Redmi+AX6000+MT7986+router:0
[   11597ms] [WARNING] Third-party cookie will be blocked. Learn more in the Issues tab. @ https://www.ebay.co.uk/sch/i.html?_nkw=Redmi+AX6000+MT7986+router:0
[   11598ms] [WARNING] Third-party cookie will be blocked. Learn more in the Issues tab. @ https://www.ebay.co.uk/sch/i.html?_nkw=Redmi+AX6000+MT7986+router:0
[   11610ms] [WARNING] Third-party cookie will be blocked. Learn more in the Issues tab. @ https://www.ebay.co.uk/sch/i.html?_nkw=Redmi+AX6000+MT7986+router:0
[   11610ms] [WARNING] Third-party cookie will be blocked. Learn more in the Issues tab. @ https://www.ebay.co.uk/sch/i.html?_nkw=Redmi+AX6000+MT7986+router:0
[   11610ms] [WARNING] Third-party cookie will be blocked. Learn more in the Issues tab. @ https://www.ebay.co.uk/sch/i.html?_nkw=Redmi+AX6000+MT7986+router:0
[   11610ms] [WARNING] Third-party cookie will be blocked. Learn more in the Issues tab. @ https://www.ebay.co.uk/sch/i.html?_nkw=Redmi+AX6000+MT7986+router:0
[   11610ms] [WARNING] Third-party cookie will be blocked. Learn more in the Issues tab. @ https://www.ebay.co.uk/sch/i.html?_nkw=Redmi+AX6000+MT7986+router:0
[   11610ms] [WARNING] Third-party cookie will be blocked. Learn more in the Issues tab. @ https://www.ebay.co.uk/sch/i.html?_nkw=Redmi+AX6000+MT7986+router:0
[   11938ms] [WARNING] Third-party cookie will be blocked. Learn more in the Issues tab. @ https://www.ebay.co.uk/sch/i.html?_nkw=Redmi+AX6000+MT7986+router:0
[   11938ms] [WARNING] Third-party cookie will be blocked. Learn more in the Issues tab. @ https://www.ebay.co.uk/sch/i.html?_nkw=Redmi+AX6000+MT7986+router:0
[   11939ms] [WARNING] Third-party cookie will be blocked. Learn more in the Issues tab. @ https://www.ebay.co.uk/sch/i.html?_nkw=Redmi+AX6000+MT7986+router:0
[   11939ms] [WARNING] Third-party cookie will be blocked. Learn more in the Issues tab. @ https://www.ebay.co.uk/sch/i.html?_nkw=Redmi+AX6000+MT7986+router:0
[   11939ms] [WARNING] Third-party cookie will be blocked. Learn more in the Issues tab. @ https://www.ebay.co.uk/sch/i.html?_nkw=Redmi+AX6000+MT7986+router:0
[   11939ms] [WARNING] Third-party cookie will be blocked. Learn more in the Issues tab. @ https://www.ebay.co.uk/sch/i.html?_nkw=Redmi+AX6000+MT7986+router:0
[   11945ms] [WARNING] Third-party cookie will be blocked. Learn more in the Issues tab. @ https://www.ebay.co.uk/sch/i.html?_nkw=Redmi+AX6000+MT7986+router:0
[   11946ms] [WARNING] Third-party cookie will be blocked. Learn more in the Issues tab. @ https://www.ebay.co.uk/sch/i.html?_nkw=Redmi+AX6000+MT7986+router:0
[   11946ms] [WARNING] Third-party cookie will be blocked. Learn more in the Issues tab. @ https://www.ebay.co.uk/sch/i.html?_nkw=Redmi+AX6000+MT7986+router:0
[   11946ms] [WARNING] Third-party cookie will be blocked. Learn more in the Issues tab. @ https://www.ebay.co.uk/sch/i.html?_nkw=Redmi+AX6000+MT7986+router:0
[   11946ms] [WARNING] Third-party cookie will be blocked. Learn more in the Issues tab. @ https://www.ebay.co.uk/sch/i.html?_nkw=Redmi+AX6000+MT7986+router:0
[   11946ms] [WARNING] Third-party cookie will be blocked. Learn more in the Issues tab. @ https://www.ebay.co.uk/sch/i.html?_nkw=Redmi+AX6000+MT7986+router:0
[   12028ms] [WARNING] Third-party cookie will be blocked. Learn more in the Issues tab. @ https://www.ebay.co.uk/sch/i.html?_nkw=Redmi+AX6000+MT7986+router:0
[   12029ms] [WARNING] Third-party cookie will be blocked. Learn more in the Issues tab. @ https://www.ebay.co.uk/sch/i.html?_nkw=Redmi+AX6000+MT7986+router:0
[   12029ms] [WARNING] Third-party cookie will be blocked. Learn more in the Issues tab. @ https://www.ebay.co.uk/sch/i.html?_nkw=Redmi+AX6000+MT7986+router:0
[   12029ms] [WARNING] Third-party cookie will be blocked. Learn more in the Issues tab. @ https://www.ebay.co.uk/sch/i.html?_nkw=Redmi+AX6000+MT7986+router:0
[   12034ms] [WARNING] Third-party cookie will be blocked. Learn more in the Issues tab. @ https://www.ebay.co.uk/sch/i.html?_nkw=Redmi+AX6000+MT7986+router:0
[   12146ms] [WARNING] Third-party cookie will be blocked. Learn more in the Issues tab. @ https://www.ebay.co.uk/sch/i.html?_nkw=Redmi+AX6000+MT7986+router:0
[   12146ms] [WARNING] Third-party cookie will be blocked. Learn more in the Issues tab. @ https://www.ebay.co.uk/sch/i.html?_nkw=Redmi+AX6000+MT7986+router:0
[   12146ms] [WARNING] Third-party cookie will be blocked. Learn more in the Issues tab. @ https://www.ebay.co.uk/sch/i.html?_nkw=Redmi+AX6000+MT7986+router:0
[   12146ms] [WARNING] Third-party cookie will be blocked. Learn more in the Issues tab. @ https://www.ebay.co.uk/sch/i.html?_nkw=Redmi+AX6000+MT7986+router:0
[   12146ms] [WARNING] Third-party cookie will be blocked. Learn more in the Issues tab. @ https://www.ebay.co.uk/sch/i.html?_nkw=Redmi+AX6000+MT7986+router:0
[   21398ms] [WARNING] Third-party cookie will be blocked. Learn more in the Issues tab. @ https://www.ebay.co.uk/sch/i.html?_nkw=Redmi+AX6000+MT7986+router:0
[   21398ms] [WARNING] Third-party cookie will be blocked. Learn more in the Issues tab. @ https://www.ebay.co.uk/sch/i.html?_nkw=Redmi+AX6000+MT7986+router:0
[   22153ms] [WARNING] Third-party cookie will be blocked. Learn more in the Issues tab. @ https://www.ebay.co.uk/sch/i.html?_nkw=Redmi+AX6000+MT7986+router:0
[   22153ms] [WARNING] Third-party cookie will be blocked. Learn more in the Issues tab. @ https://www.ebay.co.uk/sch/i.html?_nkw=Redmi+AX6000+MT7986+router:0
[   22153ms] [WARNING] Third-party cookie will be blocked. Learn more in the Issues tab. @ https://www.ebay.co.uk/sch/i.html?_nkw=Redmi+AX6000+MT7986+router:0
[   22153ms] [WARNING] Third-party cookie will be blocked. Learn more in the Issues tab. @ https://www.ebay.co.uk/sch/i.html?_nkw=Redmi+AX6000+MT7986+router:0
[   22153ms] [WARNING] Third-party cookie will be blocked. Learn more in the Issues tab. @ https://www.ebay.co.uk/sch/i.html?_nkw=Redmi+AX6000+MT7986+router:0
[   22182ms] [WARNING] Third-party cookie will be blocked. Learn more in the Issues tab. @ https://www.ebay.co.uk/sch/i.html?_nkw=Redmi+AX6000+MT7986+router:0
[   22182ms] [WARNING] Third-party cookie will be blocked. Learn more in the Issues tab. @ https://www.ebay.co.uk/sch/i.html?_nkw=Redmi+AX6000+MT7986+router:0
[   22182ms] [WARNING] Third-party cookie will be blocked. Learn more in the Issues tab. @ https://www.ebay.co.uk/sch/i.html?_nkw=Redmi+AX6000+MT7986+router:0
[   22182ms] [WARNING] Third-party cookie will be blocked. Learn more in the Issues tab. @ https://www.ebay.co.uk/sch/i.html?_nkw=Redmi+AX6000+MT7986+router:0
[   22182ms] [WARNING] Third-party cookie will be blocked. Learn more in the Issues tab. @ https://www.ebay.co.uk/sch/i.html?_nkw=Redmi+AX6000+MT7986+router:0
[   22182ms] [WARNING] Third-party cookie will be blocked. Learn more in the Issues tab. @ https://www.ebay.co.uk/sch/i.html?_nkw=Redmi+AX6000+MT7986+router:0
[   22182ms] [WARNING] Third-party cookie will be blocked. Learn more in the Issues tab. @ https://www.ebay.co.uk/sch/i.html?_nkw=Redmi+AX6000+MT7986+router:0
[   22182ms] [WARNING] Third-party cookie will be blocked. Learn more in the Issues tab. @ https://www.ebay.co.uk/sch/i.html?_nkw=Redmi+AX6000+MT7986+router:0
[   22182ms] [WARNING] Third-party cookie will be blocked. Learn more in the Issues tab. @ https://www.ebay.co.uk/sch/i.html?_nkw=Redmi+AX6000+MT7986+router:0
[   22182ms] [WARNING] Third-party cookie will be blocked. Learn more in the Issues tab. @ https://www.ebay.co.uk/sch/i.html?_nkw=Redmi+AX6000+MT7986+router:0
[   22301ms] [WARNING] Third-party cookie will be blocked. Learn more in the Issues tab. @ https://www.ebay.co.uk/sch/i.html?_nkw=Redmi+AX6000+MT7986+router:0
[   22301ms] [WARNING] Third-party cookie will be blocked. Learn more in the Issues tab. @ https://www.ebay.co.uk/sch/i.html?_nkw=Redmi+AX6000+MT7986+router:0
[   22302ms] [WARNING] Third-party cookie will be blocked. Learn more in the Issues tab. @ https://www.ebay.co.uk/sch/i.html?_nkw=Redmi+AX6000+MT7986+router:0
[   22413ms] [WARNING] Third-party cookie will be blocked. Learn more in the Issues tab. @ https://www.ebay.co.uk/sch/i.html?_nkw=Redmi+AX6000+MT7986+router:0
[   22413ms] [WARNING] Third-party cookie will be blocked. Learn more in the Issues tab. @ https://www.ebay.co.uk/sch/i.html?_nkw=Redmi+AX6000+MT7986+router:0
[   22413ms] [WARNING] Third-party cookie will be blocked. Learn more in the Issues tab. @ https://www.ebay.co.uk/sch/i.html?_nkw=Redmi+AX6000+MT7986+router:0
[   22829ms] [WARNING] Third-party cookie will be blocked. Learn more in the Issues tab. @ https://www.ebay.co.uk/sch/i.html?_nkw=Redmi+AX6000+MT7986+router:0
[   22829ms] [WARNING] Third-party cookie will be blocked. Learn more in the Issues tab. @ https://www.ebay.co.uk/sch/i.html?_nkw=Redmi+AX6000+MT7986+router:0
[   22829ms] [WARNING] Third-party cookie will be blocked. Learn more in the Issues tab. @ https://www.ebay.co.uk/sch/i.html?_nkw=Redmi+AX6000+MT7986+router:0
[   22830ms] [WARNING] Third-party cookie will be blocked. Learn more in the Issues tab. @ https://www.ebay.co.uk/sch/i.html?_nkw=Redmi+AX6000+MT7986+router:0
[   22830ms] [WARNING] Third-party cookie will be blocked. Learn more in the Issues tab. @ https://www.ebay.co.uk/sch/i.html?_nkw=Redmi+AX6000+MT7986+router:0
[   22832ms] [WARNING] Third-party cookie will be blocked. Learn more in the Issues tab. @ https://www.ebay.co.uk/sch/i.html?_nkw=Redmi+AX6000+MT7986+router:0
[   22833ms] [WARNING] Third-party cookie will be blocked. Learn more in the Issues tab. @ https://www.ebay.co.uk/sch/i.html?_nkw=Redmi+AX6000+MT7986+router:0
[   23169ms] [WARNING] Third-party cookie will be blocked. Learn more in the Issues tab. @ https://www.ebay.co.uk/sch/i.html?_nkw=Redmi+AX6000+MT7986+router:0
[   23170ms] [WARNING] Third-party cookie will be blocked. Learn more in the Issues tab. @ https://www.ebay.co.uk/sch/i.html?_nkw=Redmi+AX6000+MT7986+router:0
[   23170ms] [WARNING] Third-party cookie will be blocked. Learn more in the Issues tab. @ https://www.ebay.co.uk/sch/i.html?_nkw=Redmi+AX6000+MT7986+router:0
[   23170ms] [WARNING] Third-party cookie will be blocked. Learn more in the Issues tab. @ https://www.ebay.co.uk/sch/i.html?_nkw=Redmi+AX6000+MT7986+router:0
[   23170ms] [WARNING] Third-party cookie will be blocked. Learn more in the Issues tab. @ https://www.ebay.co.uk/sch/i.html?_nkw=Redmi+AX6000+MT7986+router:0
[   23170ms] [WARNING] Third-party cookie will be blocked. Learn more in the Issues tab. @ https://www.ebay.co.uk/sch/i.html?_nkw=Redmi+AX6000+MT7986+router:0
[   23424ms] [WARNING] Third-party cookie will be blocked. Learn more in the Issues tab. @ https://www.ebay.co.uk/sch/i.html?_nkw=Redmi+AX6000+MT7986+router:0
[   23424ms] [WARNING] Third-party cookie will be blocked. Learn more in the Issues tab. @ https://www.ebay.co.uk/sch/i.html?_nkw=Redmi+AX6000+MT7986+router:0
[   23425ms] [WARNING] Third-party cookie will be blocked. Learn more in the Issues tab. @ https://www.ebay.co.uk/sch/i.html?_nkw=Redmi+AX6000+MT7986+router:0
[   23425ms] [WARNING] Third-party cookie will be blocked. Learn more in the Issues tab. @ https://www.ebay.co.uk/sch/i.html?_nkw=Redmi+AX6000+MT7986+router:0
[   23606ms] [WARNING] Third-party cookie will be blocked. Learn more in the Issues tab. @ https://www.ebay.co.uk/sch/i.html?_nkw=Redmi+AX6000+MT7986+router:0
[   23606ms] [WARNING] Third-party cookie will be blocked. Learn more in the Issues tab. @ https://www.ebay.co.uk/sch/i.html?_nkw=Redmi+AX6000+MT7986+router:0
[   23606ms] [WARNING] Third-party cookie will be blocked. Learn more in the Issues tab. @ https://www.ebay.co.uk/sch/i.html?_nkw=Redmi+AX6000+MT7986+router:0
[   23606ms] [WARNING] Third-party cookie will be blocked. Learn more in the Issues tab. @ https://www.ebay.co.uk/sch/i.html?_nkw=Redmi+AX6000+MT7986+router:0
[   23606ms] [WARNING] Third-party cookie will be blocked. Learn more in the Issues tab. @ https://www.ebay.co.uk/sch/i.html?_nkw=Redmi+AX6000+MT7986+router:0
[   23607ms] [WARNING] Third-party cookie will be blocked. Learn more in the Issues tab. @ https://www.ebay.co.uk/sch/i.html?_nkw=Redmi+AX6000+MT7986+router:0
[   23727ms] [WARNING] Third-party cookie will be blocked. Learn more in the Issues tab. @ https://www.ebay.co.uk/sch/i.html?_nkw=Redmi+AX6000+MT7986+router:0
[   23728ms] [WARNING] Third-party cookie will be blocked. Learn more in the Issues tab. @ https://www.ebay.co.uk/sch/i.html?_nkw=Redmi+AX6000+MT7986+router:0
[   23728ms] [WARNING] Third-party cookie will be blocked. Learn more in the Issues tab. @ https://www.ebay.co.uk/sch/i.html?_nkw=Redmi+AX6000+MT7986+router:0
[   23728ms] [WARNING] Third-party cookie will be blocked. Learn more in the Issues tab. @ https://www.ebay.co.uk/sch/i.html?_nkw=Redmi+AX6000+MT7986+router:0
[   23728ms] [WARNING] Third-party cookie will be blocked. Learn more in the Issues tab. @ https://www.ebay.co.uk/sch/i.html?_nkw=Redmi+AX6000+MT7986+router:0
[   23733ms] [ERROR] Ad was removed because its network usage exceeded the limit. See https://www.chromestatus.com/feature/4800491902992384?utm_source=devtools @ https://www.ebay.co.uk/sch/i.html?_nkw=Redmi+AX6000+MT7986+router:0
[   23734ms] [ERROR] Ad was removed because its network usage exceeded the limit. See https://www.chromestatus.com/feature/4800491902992384?utm_source=devtools @ about:blank:0
[   23768ms] [WARNING] Third-party cookie will be blocked. Learn more in the Issues tab. @ https://www.ebay.co.uk/sch/i.html?_nkw=Redmi+AX6000+MT7986+router:0
[   23768ms] [WARNING] Third-party cookie will be blocked. Learn more in the Issues tab. @ https://www.ebay.co.uk/sch/i.html?_nkw=Redmi+AX6000+MT7986+router:0
[   23768ms] [WARNING] Third-party cookie will be blocked. Learn more in the Issues tab. @ https://www.ebay.co.uk/sch/i.html?_nkw=Redmi+AX6000+MT7986+router:0
[   23769ms] [WARNING] Third-party cookie will be blocked. Learn more in the Issues tab. @ https://www.ebay.co.uk/sch/i.html?_nkw=Redmi+AX6000+MT7986+router:0
[   23769ms] [WARNING] Third-party cookie will be blocked. Learn more in the Issues tab. @ https://www.ebay.co.uk/sch/i.html?_nkw=Redmi+AX6000+MT7986+router:0
[   23769ms] [WARNING] Third-party cookie will be blocked. Learn more in the Issues tab. @ https://www.ebay.co.uk/sch/i.html?_nkw=Redmi+AX6000+MT7986+router:0
[   23769ms] [WARNING] Third-party cookie will be blocked. Learn more in the Issues tab. @ https://www.ebay.co.uk/sch/i.html?_nkw=Redmi+AX6000+MT7986+router:0
[   23769ms] [WARNING] Third-party cookie will be blocked. Learn more in the Issues tab. @ https://www.ebay.co.uk/sch/i.html?_nkw=Redmi+AX6000+MT7986+router:0
[   23770ms] [WARNING] Third-party cookie will be blocked. Learn more in the Issues tab. @ https://www.ebay.co.uk/sch/i.html?_nkw=Redmi+AX6000+MT7986+router:0
[   23770ms] [WARNING] Third-party cookie will be blocked. Learn more in the Issues tab. @ https://www.ebay.co.uk/sch/i.html?_nkw=Redmi+AX6000+MT7986+router:0
[   23770ms] [WARNING] Third-party cookie will be blocked. Learn more in the Issues tab. @ https://www.ebay.co.uk/sch/i.html?_nkw=Redmi+AX6000+MT7986+router:0
[   23771ms] [WARNING] Third-party cookie will be blocked. Learn more in the Issues tab. @ https://www.ebay.co.uk/sch/i.html?_nkw=Redmi+AX6000+MT7986+router:0
[   23772ms] [WARNING] Third-party cookie will be blocked. Learn more in the Issues tab. @ https://www.ebay.co.uk/sch/i.html?_nkw=Redmi+AX6000+MT7986+router:0
[   23772ms] [WARNING] Third-party cookie will be blocked. Learn more in the Issues tab. @ https://www.ebay.co.uk/sch/i.html?_nkw=Redmi+AX6000+MT7986+router:0
[   23772ms] [WARNING] Third-party cookie will be blocked. Learn more in the Issues tab. @ https://www.ebay.co.uk/sch/i.html?_nkw=Redmi+AX6000+MT7986+router:0
[   23772ms] [WARNING] Third-party cookie will be blocked. Learn more in the Issues tab. @ https://www.ebay.co.uk/sch/i.html?_nkw=Redmi+AX6000+MT7986+router:0
[   23772ms] [WARNING] Third-party cookie will be blocked. Learn more in the Issues tab. @ https://www.ebay.co.uk/sch/i.html?_nkw=Redmi+AX6000+MT7986+router:0
[   23772ms] [WARNING] Third-party cookie will be blocked. Learn more in the Issues tab. @ https://www.ebay.co.uk/sch/i.html?_nkw=Redmi+AX6000+MT7986+router:0
[   23773ms] [WARNING] Third-party cookie will be blocked. Learn more in the Issues tab. @ https://www.ebay.co.uk/sch/i.html?_nkw=Redmi+AX6000+MT7986+router:0
[   23773ms] [WARNING] Third-party cookie will be blocked. Learn more in the Issues tab. @ https://www.ebay.co.uk/sch/i.html?_nkw=Redmi+AX6000+MT7986+router:0
[   23773ms] [WARNING] Third-party cookie will be blocked. Learn more in the Issues tab. @ https://www.ebay.co.uk/sch/i.html?_nkw=Redmi+AX6000+MT7986+router:0
[   23773ms] [WARNING] Third-party cookie will be blocked. Learn more in the Issues tab. @ https://www.ebay.co.uk/sch/i.html?_nkw=Redmi+AX6000+MT7986+router:0
[   23773ms] [WARNING] Third-party cookie will be blocked. Learn more in the Issues tab. @ https://www.ebay.co.uk/sch/i.html?_nkw=Redmi+AX6000+MT7986+router:0
[   23773ms] [WARNING] Third-party cookie will be blocked. Learn more in the Issues tab. @ https://www.ebay.co.uk/sch/i.html?_nkw=Redmi+AX6000+MT7986+router:0
[   23774ms] [WARNING] Third-party cookie will be blocked. Learn more in the Issues tab. @ https://www.ebay.co.uk/sch/i.html?_nkw=Redmi+AX6000+MT7986+router:0
[   23774ms] [WARNING] Third-party cookie will be blocked. Learn more in the Issues tab. @ https://www.ebay.co.uk/sch/i.html?_nkw=Redmi+AX6000+MT7986+router:0
[   23775ms] [WARNING] Third-party cookie will be blocked. Learn more in the Issues tab. @ https://www.ebay.co.uk/sch/i.html?_nkw=Redmi+AX6000+MT7986+router:0
[   23775ms] [WARNING] Third-party cookie will be blocked. Learn more in the Issues tab. @ https://www.ebay.co.uk/sch/i.html?_nkw=Redmi+AX6000+MT7986+router:0
[   24015ms] TypeError: Cannot read properties of null (reading 'postMessage')
    at o (chrome-extension://bpoadfkcbjbfhfodiogcnhhhpibjhbnh/content_main.js:4683:13317)
[   36800ms] [WARNING] [GPT] Invalid arguments: SizeMappingBuilder.addSize(undefined, [[160, 600]]).
https://goo.gle/gpt-message#96 @ https://securepubads.g.doubleclick.net/pagead/managed/js/gpt/m202605260101/pubads_impl.js:18
[   36800ms] [WARNING] [GPT] Invalid arguments: SizeMappingBuilder.addSize(undefined, [[300, 600], [300, 250], [160, 600]]).
https://goo.gle/gpt-message#96 @ https://securepubads.g.doubleclick.net/pagead/managed/js/gpt/m202605260101/pubads_impl.js:18
[   36800ms] [WARNING] [GPT] Size mapping is null because invalid mappings were added: [[null,[[160,600]]],[null,[[300,600],[300,250],[160,600]]]].
https://goo.gle/gpt-message#34 @ https://securepubads.g.doubleclick.net/pagead/managed/js/gpt/m202605260101/pubads_impl.js:18
[   36801ms] [WARNING] [GPT] Invalid arguments: Slot.defineSizeMapping('Size mapping must be an array').
https://goo.gle/gpt-message#96 @ https://securepubads.g.doubleclick.net/pagead/managed/js/gpt/m202605260101/pubads_impl.js:18
[   37745ms] [WARNING] Third-party cookie will be blocked. Learn more in the Issues tab. @ https://www.ebay.co.uk/sch/i.html?_nkw=Redmi+AX6000+MT7986+router:0
[   37745ms] [WARNING] Third-party cookie will be blocked. Learn more in the Issues tab. @ https://www.ebay.co.uk/sch/i.html?_nkw=Redmi+AX6000+MT7986+router:0
