[    5709ms] [LOG] joinUs() at %ce%cb%ca%cy%c! font-weight:bold;color:#e53238; font-weight:bold;color:#0064d2 font-weight:bold;color:#f5af02 font-weight:bold;color:#86b817 color:black @ https://ir.ebaystatic.com/rs/c/srpnweb/common-DEJgr_P0.js:1
[    6738ms] [WARNING] Header: trk missing @ https://ir.ebaystatic.com/rs/c/globalheaderweb/index_lcNW.02410537.js:0
[    7839ms] [LOG] done @ https://www.ebay.co.uk/sch/i.html?_nkw=Xiaomi+AX6000+router+wifi6:478
[    8293ms] [WARNING] Unrecognized feature: 'attribution-reporting'. @ https://connect.facebook.net/en_US/fbevents.js:383
[    8735ms] [WARNING] Third-party cookie will be blocked. Learn more in the Issues tab. @ https://www.ebay.co.uk/sch/i.html?_nkw=Xiaomi+AX6000+router+wifi6:0
[    8735ms] [WARNING] Third-party cookie will be blocked. Learn more in the Issues tab. @ https://www.ebay.co.uk/sch/i.html?_nkw=Xiaomi+AX6000+router+wifi6:0
[    8806ms] [WARNING] Third-party cookie will be blocked. Learn more in the Issues tab. @ https://www.ebay.co.uk/sch/i.html?_nkw=Xiaomi+AX6000+router+wifi6:0
[    8806ms] [WARNING] Third-party cookie will be blocked. Learn more in the Issues tab. @ https://www.ebay.co.uk/sch/i.html?_nkw=Xiaomi+AX6000+router+wifi6:0
[    8806ms] [WARNING] Third-party cookie will be blocked. Learn more in the Issues tab. @ https://www.ebay.co.uk/sch/i.html?_nkw=Xiaomi+AX6000+router+wifi6:0
[    8846ms] [WARNING] Third-party cookie will be blocked. Learn more in the Issues tab. @ https://www.ebay.co.uk/sch/i.html?_nkw=Xiaomi+AX6000+router+wifi6:0
[    8998ms] [WARNING] Third-party cookie will be blocked. Learn more in the Issues tab. @ https://www.ebay.co.uk/sch/i.html?_nkw=Xiaomi+AX6000+router+wifi6:0
[    9209ms] [WARNING] Third-party cookie will be blocked. Learn more in the Issues tab. @ https://www.ebay.co.uk/sch/i.html?_nkw=Xiaomi+AX6000+router+wifi6:0
[    9210ms] [WARNING] Third-party cookie will be blocked. Learn more in the Issues tab. @ https://www.ebay.co.uk/sch/i.html?_nkw=Xiaomi+AX6000+router+wifi6:0
[    9335ms] [WARNING] Third-party cookie will be blocked. Learn more in the Issues tab. @ https://www.ebay.co.uk/sch/i.html?_nkw=Xiaomi+AX6000+router+wifi6:0
[    9335ms] [WARNING] Third-party cookie will be blocked. Learn more in the Issues tab. @ https://www.ebay.co.uk/sch/i.html?_nkw=Xiaomi+AX6000+router+wifi6:0
[    9335ms] [WARNING] Third-party cookie will be blocked. Learn more in the Issues tab. @ https://www.ebay.co.uk/sch/i.html?_nkw=Xiaomi+AX6000+router+wifi6:0
[    9335ms] [WARNING] Third-party cookie will be blocked. Learn more in the Issues tab. @ https://www.ebay.co.uk/sch/i.html?_nkw=Xiaomi+AX6000+router+wifi6:0
[    9335ms] [WARNING] Third-party cookie will be blocked. Learn more in the Issues tab. @ https://www.ebay.co.uk/sch/i.html?_nkw=Xiaomi+AX6000+router+wifi6:0
[    9335ms] [WARNING] Third-party cookie will be blocked. Learn more in the Issues tab. @ https://www.ebay.co.uk/sch/i.html?_nkw=Xiaomi+AX6000+router+wifi6:0
[    9339ms] [WARNING] Third-party cookie will be blocked. Learn more in the Issues tab. @ https://www.ebay.co.uk/sch/i.html?_nkw=Xiaomi+AX6000+router+wifi6:0
[    9339ms] [WARNING] Third-party cookie will be blocked. Learn more in the Issues tab. @ https://www.ebay.co.uk/sch/i.html?_nkw=Xiaomi+AX6000+router+wifi6:0
[    9340ms] [WARNING] Third-party cookie will be blocked. Learn more in the Issues tab. @ https://www.ebay.co.uk/sch/i.html?_nkw=Xiaomi+AX6000+router+wifi6:0
[    9340ms] [WARNING] Third-party cookie will be blocked. Learn more in the Issues tab. @ https://www.ebay.co.uk/sch/i.html?_nkw=Xiaomi+AX6000+router+wifi6:0
[    9340ms] [WARNING] Third-party cookie will be blocked. Learn more in the Issues tab. @ https://www.ebay.co.uk/sch/i.html?_nkw=Xiaomi+AX6000+router+wifi6:0
[    9340ms] [WARNING] Third-party cookie will be blocked. Learn more in the Issues tab. @ https://www.ebay.co.uk/sch/i.html?_nkw=Xiaomi+AX6000+router+wifi6:0
[    9344ms] [WARNING] Third-party cookie will be blocked. Learn more in the Issues tab. @ https://www.ebay.co.uk/sch/i.html?_nkw=Xiaomi+AX6000+router+wifi6:0
[    9344ms] [WARNING] Third-party cookie will be blocked. Learn more in the Issues tab. @ https://www.ebay.co.uk/sch/i.html?_nkw=Xiaomi+AX6000+router+wifi6:0
[    9344ms] [WARNING] Third-party cookie will be blocked. Learn more in the Issues tab. @ https://www.ebay.co.uk/sch/i.html?_nkw=Xiaomi+AX6000+router+wifi6:0
[    9344ms] [WARNING] Third-party cookie will be blocked. Learn more in the Issues tab. @ https://www.ebay.co.uk/sch/i.html?_nkw=Xiaomi+AX6000+router+wifi6:0
[    9344ms] [WARNING] Third-party cookie will be blocked. Learn more in the Issues tab. @ https://www.ebay.co.uk/sch/i.html?_nkw=Xiaomi+AX6000+router+wifi6:0
[    9344ms] [WARNING] Third-party cookie will be blocked. Learn more in the Issues tab. @ https://www.ebay.co.uk/sch/i.html?_nkw=Xiaomi+AX6000+router+wifi6:0
[    9365ms] [WARNING] Third-party cookie will be blocked. Learn more in the Issues tab. @ https://www.ebay.co.uk/sch/i.html?_nkw=Xiaomi+AX6000+router+wifi6:0
[    9365ms] [WARNING] Third-party cookie will be blocked. Learn more in the Issues tab. @ https://www.ebay.co.uk/sch/i.html?_nkw=Xiaomi+AX6000+router+wifi6:0
[    9365ms] [WARNING] Third-party cookie will be blocked. Learn more in the Issues tab. @ https://www.ebay.co.uk/sch/i.html?_nkw=Xiaomi+AX6000+router+wifi6:0
[    9365ms] [WARNING] Third-party cookie will be blocked. Learn more in the Issues tab. @ https://www.ebay.co.uk/sch/i.html?_nkw=Xiaomi+AX6000+router+wifi6:0
[    9365ms] [WARNING] Third-party cookie will be blocked. Learn more in the Issues tab. @ https://www.ebay.co.uk/sch/i.html?_nkw=Xiaomi+AX6000+router+wifi6:0
[    9366ms] [WARNING] Third-party cookie will be blocked. Learn more in the Issues tab. @ https://www.ebay.co.uk/sch/i.html?_nkw=Xiaomi+AX6000+router+wifi6:0
[    9366ms] [WARNING] Third-party cookie will be blocked. Learn more in the Issues tab. @ https://www.ebay.co.uk/sch/i.html?_nkw=Xiaomi+AX6000+router+wifi6:0
[    9367ms] [WARNING] Third-party cookie will be blocked. Learn more in the Issues tab. @ https://www.ebay.co.uk/sch/i.html?_nkw=Xiaomi+AX6000+router+wifi6:0
[    9367ms] [WARNING] Third-party cookie will be blocked. Learn more in the Issues tab. @ https://www.ebay.co.uk/sch/i.html?_nkw=Xiaomi+AX6000+router+wifi6:0
[    9367ms] [WARNING] Third-party cookie will be blocked. Learn more in the Issues tab. @ https://www.ebay.co.uk/sch/i.html?_nkw=Xiaomi+AX6000+router+wifi6:0
[    9585ms] [WARNING] Third-party cookie will be blocked. Learn more in the Issues tab. @ https://www.ebay.co.uk/sch/i.html?_nkw=Xiaomi+AX6000+router+wifi6:0
[    9595ms] [WARNING] Third-party cookie will be blocked. Learn more in the Issues tab. @ https://www.ebay.co.uk/sch/i.html?_nkw=Xiaomi+AX6000+router+wifi6:0
[    9601ms] [WARNING] Third-party cookie will be blocked. Learn more in the Issues tab. @ https://www.ebay.co.uk/sch/i.html?_nkw=Xiaomi+AX6000+router+wifi6:0
[   10003ms] [WARNING] Third-party cookie will be blocked. Learn more in the Issues tab. @ https://www.ebay.co.uk/sch/i.html?_nkw=Xiaomi+AX6000+router+wifi6:0
[   10003ms] [WARNING] Third-party cookie will be blocked. Learn more in the Issues tab. @ https://www.ebay.co.uk/sch/i.html?_nkw=Xiaomi+AX6000+router+wifi6:0
[   10004ms] [WARNING] Third-party cookie will be blocked. Learn more in the Issues tab. @ https://www.ebay.co.uk/sch/i.html?_nkw=Xiaomi+AX6000+router+wifi6:0
[   10004ms] [WARNING] Third-party cookie will be blocked. Learn more in the Issues tab. @ https://www.ebay.co.uk/sch/i.html?_nkw=Xiaomi+AX6000+router+wifi6:0
[   10248ms] [WARNING] Third-party cookie will be blocked. Learn more in the Issues tab. @ https://www.ebay.co.uk/sch/i.html?_nkw=Xiaomi+AX6000+router+wifi6:0
[   10248ms] [WARNING] Third-party cookie will be blocked. Learn more in the Issues tab. @ https://www.ebay.co.uk/sch/i.html?_nkw=Xiaomi+AX6000+router+wifi6:0
[   10250ms] [WARNING] Third-party cookie will be blocked. Learn more in the Issues tab. @ https://www.ebay.co.uk/sch/i.html?_nkw=Xiaomi+AX6000+router+wifi6:0
[   10250ms] [WARNING] Third-party cookie will be blocked. Learn more in the Issues tab. @ https://www.ebay.co.uk/sch/i.html?_nkw=Xiaomi+AX6000+router+wifi6:0
[   10250ms] [WARNING] Third-party cookie will be blocked. Learn more in the Issues tab. @ https://www.ebay.co.uk/sch/i.html?_nkw=Xiaomi+AX6000+router+wifi6:0
[   10250ms] [WARNING] Third-party cookie will be blocked. Learn more in the Issues tab. @ https://www.ebay.co.uk/sch/i.html?_nkw=Xiaomi+AX6000+router+wifi6:0
[   10251ms] [WARNING] Third-party cookie will be blocked. Learn more in the Issues tab. @ https://www.ebay.co.uk/sch/i.html?_nkw=Xiaomi+AX6000+router+wifi6:0
[   10251ms] [WARNING] Third-party cookie will be blocked. Learn more in the Issues tab. @ https://www.ebay.co.uk/sch/i.html?_nkw=Xiaomi+AX6000+router+wifi6:0
[   10263ms] [WARNING] Third-party cookie will be blocked. Learn more in the Issues tab. @ https://www.ebay.co.uk/sch/i.html?_nkw=Xiaomi+AX6000+router+wifi6:0
[   10263ms] [WARNING] Third-party cookie will be blocked. Learn more in the Issues tab. @ https://www.ebay.co.uk/sch/i.html?_nkw=Xiaomi+AX6000+router+wifi6:0
[   10263ms] [WARNING] Third-party cookie will be blocked. Learn more in the Issues tab. @ https://www.ebay.co.uk/sch/i.html?_nkw=Xiaomi+AX6000+router+wifi6:0
[   10263ms] [WARNING] Third-party cookie will be blocked. Learn more in the Issues tab. @ https://www.ebay.co.uk/sch/i.html?_nkw=Xiaomi+AX6000+router+wifi6:0
[   10263ms] [WARNING] Third-party cookie will be blocked. Learn more in the Issues tab. @ https://www.ebay.co.uk/sch/i.html?_nkw=Xiaomi+AX6000+router+wifi6:0
[   10264ms] [WARNING] Third-party cookie will be blocked. Learn more in the Issues tab. @ https://www.ebay.co.uk/sch/i.html?_nkw=Xiaomi+AX6000+router+wifi6:0
[   10264ms] [WARNING] Third-party cookie will be blocked. Learn more in the Issues tab. @ https://www.ebay.co.uk/sch/i.html?_nkw=Xiaomi+AX6000+router+wifi6:0
[   10583ms] [WARNING] Third-party cookie will be blocked. Learn more in the Issues tab. @ https://www.ebay.co.uk/sch/i.html?_nkw=Xiaomi+AX6000+router+wifi6:0
[   10583ms] [WARNING] Third-party cookie will be blocked. Learn more in the Issues tab. @ https://www.ebay.co.uk/sch/i.html?_nkw=Xiaomi+AX6000+router+wifi6:0
[   10583ms] [WARNING] Third-party cookie will be blocked. Learn more in the Issues tab. @ https://www.ebay.co.uk/sch/i.html?_nkw=Xiaomi+AX6000+router+wifi6:0
[   10583ms] [WARNING] Third-party cookie will be blocked. Learn more in the Issues tab. @ https://www.ebay.co.uk/sch/i.html?_nkw=Xiaomi+AX6000+router+wifi6:0
[   10583ms] [WARNING] Third-party cookie will be blocked. Learn more in the Issues tab. @ https://www.ebay.co.uk/sch/i.html?_nkw=Xiaomi+AX6000+router+wifi6:0
[   10583ms] [WARNING] Third-party cookie will be blocked. Learn more in the Issues tab. @ https://www.ebay.co.uk/sch/i.html?_nkw=Xiaomi+AX6000+router+wifi6:0
[   10588ms] [WARNING] Third-party cookie will be blocked. Learn more in the Issues tab. @ https://www.ebay.co.uk/sch/i.html?_nkw=Xiaomi+AX6000+router+wifi6:0
[   10588ms] [WARNING] Third-party cookie will be blocked. Learn more in the Issues tab. @ https://www.ebay.co.uk/sch/i.html?_nkw=Xiaomi+AX6000+router+wifi6:0
[   10588ms] [WARNING] Third-party cookie will be blocked. Learn more in the Issues tab. @ https://www.ebay.co.uk/sch/i.html?_nkw=Xiaomi+AX6000+router+wifi6:0
[   10589ms] [WARNING] Third-party cookie will be blocked. Learn more in the Issues tab. @ https://www.ebay.co.uk/sch/i.html?_nkw=Xiaomi+AX6000+router+wifi6:0
[   10589ms] [WARNING] Third-party cookie will be blocked. Learn more in the Issues tab. @ https://www.ebay.co.uk/sch/i.html?_nkw=Xiaomi+AX6000+router+wifi6:0
[   10589ms] [WARNING] Third-party cookie will be blocked. Learn more in the Issues tab. @ https://www.ebay.co.uk/sch/i.html?_nkw=Xiaomi+AX6000+router+wifi6:0
[   10655ms] [WARNING] Third-party cookie will be blocked. Learn more in the Issues tab. @ https://www.ebay.co.uk/sch/i.html?_nkw=Xiaomi+AX6000+router+wifi6:0
[   10655ms] [WARNING] Third-party cookie will be blocked. Learn more in the Issues tab. @ https://www.ebay.co.uk/sch/i.html?_nkw=Xiaomi+AX6000+router+wifi6:0
[   10655ms] [WARNING] Third-party cookie will be blocked. Learn more in the Issues tab. @ https://www.ebay.co.uk/sch/i.html?_nkw=Xiaomi+AX6000+router+wifi6:0
[   10655ms] [WARNING] Third-party cookie will be blocked. Learn more in the Issues tab. @ https://www.ebay.co.uk/sch/i.html?_nkw=Xiaomi+AX6000+router+wifi6:0
[   10655ms] [WARNING] Third-party cookie will be blocked. Learn more in the Issues tab. @ https://www.ebay.co.uk/sch/i.html?_nkw=Xiaomi+AX6000+router+wifi6:0
[   10660ms] [WARNING] Third-party cookie will be blocked. Learn more in the Issues tab. @ https://www.ebay.co.uk/sch/i.html?_nkw=Xiaomi+AX6000+router+wifi6:0
[   10662ms] [WARNING] Third-party cookie will be blocked. Learn more in the Issues tab. @ https://www.ebay.co.uk/sch/i.html?_nkw=Xiaomi+AX6000+router+wifi6:0
[   10662ms] [WARNING] Third-party cookie will be blocked. Learn more in the Issues tab. @ https://www.ebay.co.uk/sch/i.html?_nkw=Xiaomi+AX6000+router+wifi6:0
[   10663ms] [WARNING] Third-party cookie will be blocked. Learn more in the Issues tab. @ https://www.ebay.co.uk/sch/i.html?_nkw=Xiaomi+AX6000+router+wifi6:0
[   10663ms] [WARNING] Third-party cookie will be blocked. Learn more in the Issues tab. @ https://www.ebay.co.uk/sch/i.html?_nkw=Xiaomi+AX6000+router+wifi6:0
[   11022ms] [WARNING] Third-party cookie will be blocked. Learn more in the Issues tab. @ https://www.ebay.co.uk/sch/i.html?_nkw=Xiaomi+AX6000+router+wifi6:0
[   11022ms] [WARNING] Third-party cookie will be blocked. Learn more in the Issues tab. @ https://www.ebay.co.uk/sch/i.html?_nkw=Xiaomi+AX6000+router+wifi6:0
[   11046ms] [WARNING] Third-party cookie will be blocked. Learn more in the Issues tab. @ https://www.ebay.co.uk/sch/i.html?_nkw=Xiaomi+AX6000+router+wifi6:0
[   11046ms] [WARNING] Third-party cookie will be blocked. Learn more in the Issues tab. @ https://www.ebay.co.uk/sch/i.html?_nkw=Xiaomi+AX6000+router+wifi6:0
[   11087ms] [WARNING] Third-party cookie will be blocked. Learn more in the Issues tab. @ https://www.ebay.co.uk/sch/i.html?_nkw=Xiaomi+AX6000+router+wifi6:0
[   11087ms] [WARNING] Third-party cookie will be blocked. Learn more in the Issues tab. @ https://www.ebay.co.uk/sch/i.html?_nkw=Xiaomi+AX6000+router+wifi6:0
[   11087ms] [WARNING] Third-party cookie will be blocked. Learn more in the Issues tab. @ https://www.ebay.co.uk/sch/i.html?_nkw=Xiaomi+AX6000+router+wifi6:0
[   11087ms] [WARNING] Third-party cookie will be blocked. Learn more in the Issues tab. @ https://www.ebay.co.uk/sch/i.html?_nkw=Xiaomi+AX6000+router+wifi6:0
[   11087ms] [WARNING] Third-party cookie will be blocked. Learn more in the Issues tab. @ https://www.ebay.co.uk/sch/i.html?_nkw=Xiaomi+AX6000+router+wifi6:0
[   11087ms] [WARNING] Third-party cookie will be blocked. Learn more in the Issues tab. @ https://www.ebay.co.uk/sch/i.html?_nkw=Xiaomi+AX6000+router+wifi6:0
[   11100ms] [WARNING] Third-party cookie will be blocked. Learn more in the Issues tab. @ https://www.ebay.co.uk/sch/i.html?_nkw=Xiaomi+AX6000+router+wifi6:0
[   11100ms] [WARNING] Third-party cookie will be blocked. Learn more in the Issues tab. @ https://www.ebay.co.uk/sch/i.html?_nkw=Xiaomi+AX6000+router+wifi6:0
[   11100ms] [WARNING] Third-party cookie will be blocked. Learn more in the Issues tab. @ https://www.ebay.co.uk/sch/i.html?_nkw=Xiaomi+AX6000+router+wifi6:0
[   11100ms] [WARNING] Third-party cookie will be blocked. Learn more in the Issues tab. @ https://www.ebay.co.uk/sch/i.html?_nkw=Xiaomi+AX6000+router+wifi6:0
[   11100ms] [WARNING] Third-party cookie will be blocked. Learn more in the Issues tab. @ https://www.ebay.co.uk/sch/i.html?_nkw=Xiaomi+AX6000+router+wifi6:0
[   11100ms] [WARNING] Third-party cookie will be blocked. Learn more in the Issues tab. @ https://www.ebay.co.uk/sch/i.html?_nkw=Xiaomi+AX6000+router+wifi6:0
[   11214ms] [WARNING] Third-party cookie will be blocked. Learn more in the Issues tab. @ https://www.ebay.co.uk/sch/i.html?_nkw=Xiaomi+AX6000+router+wifi6:0
[   11214ms] [WARNING] Third-party cookie will be blocked. Learn more in the Issues tab. @ https://www.ebay.co.uk/sch/i.html?_nkw=Xiaomi+AX6000+router+wifi6:0
[   11214ms] [WARNING] Third-party cookie will be blocked. Learn more in the Issues tab. @ https://www.ebay.co.uk/sch/i.html?_nkw=Xiaomi+AX6000+router+wifi6:0
[   11214ms] [WARNING] Third-party cookie will be blocked. Learn more in the Issues tab. @ https://www.ebay.co.uk/sch/i.html?_nkw=Xiaomi+AX6000+router+wifi6:0
[   11214ms] [WARNING] Third-party cookie will be blocked. Learn more in the Issues tab. @ https://www.ebay.co.uk/sch/i.html?_nkw=Xiaomi+AX6000+router+wifi6:0
[   11283ms] [WARNING] Third-party cookie will be blocked. Learn more in the Issues tab. @ https://www.ebay.co.uk/sch/i.html?_nkw=Xiaomi+AX6000+router+wifi6:0
[   11283ms] [WARNING] Third-party cookie will be blocked. Learn more in the Issues tab. @ https://www.ebay.co.uk/sch/i.html?_nkw=Xiaomi+AX6000+router+wifi6:0
[   11283ms] [WARNING] Third-party cookie will be blocked. Learn more in the Issues tab. @ https://www.ebay.co.uk/sch/i.html?_nkw=Xiaomi+AX6000+router+wifi6:0
[   11283ms] [WARNING] Third-party cookie will be blocked. Learn more in the Issues tab. @ https://www.ebay.co.uk/sch/i.html?_nkw=Xiaomi+AX6000+router+wifi6:0
[   11283ms] [WARNING] Third-party cookie will be blocked. Learn more in the Issues tab. @ https://www.ebay.co.uk/sch/i.html?_nkw=Xiaomi+AX6000+router+wifi6:0
[   11433ms] [WARNING] Third-party cookie will be blocked. Learn more in the Issues tab. @ https://www.ebay.co.uk/sch/i.html?_nkw=Xiaomi+AX6000+router+wifi6:0
[   11433ms] [WARNING] Third-party cookie will be blocked. Learn more in the Issues tab. @ https://www.ebay.co.uk/sch/i.html?_nkw=Xiaomi+AX6000+router+wifi6:0
[   11433ms] [WARNING] Third-party cookie will be blocked. Learn more in the Issues tab. @ https://www.ebay.co.uk/sch/i.html?_nkw=Xiaomi+AX6000+router+wifi6:0
[   11433ms] [WARNING] Third-party cookie will be blocked. Learn more in the Issues tab. @ https://www.ebay.co.uk/sch/i.html?_nkw=Xiaomi+AX6000+router+wifi6:0
[   11433ms] [WARNING] Third-party cookie will be blocked. Learn more in the Issues tab. @ https://www.ebay.co.uk/sch/i.html?_nkw=Xiaomi+AX6000+router+wifi6:0
[   11433ms] [WARNING] Third-party cookie will be blocked. Learn more in the Issues tab. @ https://www.ebay.co.uk/sch/i.html?_nkw=Xiaomi+AX6000+router+wifi6:0
[   11473ms] [WARNING] Third-party cookie will be blocked. Learn more in the Issues tab. @ https://www.ebay.co.uk/sch/i.html?_nkw=Xiaomi+AX6000+router+wifi6:0
[   11474ms] [WARNING] Third-party cookie will be blocked. Learn more in the Issues tab. @ https://www.ebay.co.uk/sch/i.html?_nkw=Xiaomi+AX6000+router+wifi6:0
[   11474ms] [WARNING] Third-party cookie will be blocked. Learn more in the Issues tab. @ https://www.ebay.co.uk/sch/i.html?_nkw=Xiaomi+AX6000+router+wifi6:0
[   11474ms] [WARNING] Third-party cookie will be blocked. Learn more in the Issues tab. @ https://www.ebay.co.uk/sch/i.html?_nkw=Xiaomi+AX6000+router+wifi6:0
[   11474ms] [WARNING] Third-party cookie will be blocked. Learn more in the Issues tab. @ https://www.ebay.co.uk/sch/i.html?_nkw=Xiaomi+AX6000+router+wifi6:0
[   11474ms] [WARNING] Third-party cookie will be blocked. Learn more in the Issues tab. @ https://www.ebay.co.uk/sch/i.html?_nkw=Xiaomi+AX6000+router+wifi6:0
[   19961ms] [WARNING] Third-party cookie will be blocked. Learn more in the Issues tab. @ https://www.ebay.co.uk/sch/i.html?_nkw=Xiaomi+AX6000+router+wifi6:0
[   19961ms] [WARNING] Third-party cookie will be blocked. Learn more in the Issues tab. @ https://www.ebay.co.uk/sch/i.html?_nkw=Xiaomi+AX6000+router+wifi6:0
