[    4958ms] [LOG] joinUs() at %ce%cb%ca%cy%c! font-weight:bold;color:#e53238; font-weight:bold;color:#0064d2 font-weight:bold;color:#f5af02 font-weight:bold;color:#86b817 color:black @ https://ir.ebaystatic.com/rs/c/srpnweb/common-DEJgr_P0.js:1
[    6140ms] [WARNING] Header: trk missing @ https://ir.ebaystatic.com/rs/c/globalheaderweb/index_lcNW.02410537.js:0
[    6191ms] [WARNING] Header: trk missing @ https://ir.ebaystatic.com/rs/c/globalheaderweb/index_lcNW.02410537.js:0
[    6193ms] [WARNING] Header: trk missing @ https://ir.ebaystatic.com/rs/c/globalheaderweb/index_lcNW.02410537.js:0
[    6393ms] [WARNING] Header: trk missing @ https://ir.ebaystatic.com/rs/c/globalheaderweb/index_lcNW.02410537.js:0
[    6484ms] [WARNING] The PerformanceObserver does not support buffered flag with the entryTypes argument. @ https://ir.ebaystatic.com/rs/c/srpnweb/vendor-8nOrQJTy.js:0
[    6928ms] [WARNING] The AudioContext was not allowed to start. It must be resumed (or created) after a user gesture on the page. https://goo.gl/7K7WLu @ https://www.ebay.com/-U8sGbyWrvIp1/pnLRKxY5RtV/6SY/8k3urh9Lub5X/AF8NWHFkaQE/S1gjC2Eo/ORZ3?v=af37d83a-d30c-f8c6-50a1-c3fd1a0317d6:0
[   10352ms] [LOG] done @ https://www.ebay.com/sch/i.html?_nkw=RAX3000M+openwrt+router&LH_ItemCondition=3000:4
[   10458ms] [WARNING] Third-party cookie will be blocked. Learn more in the Issues tab. @ https://www.ebay.com/sch/i.html?_nkw=RAX3000M+openwrt+router&LH_ItemCondition=3000:0
[   10458ms] [WARNING] Third-party cookie will be blocked. Learn more in the Issues tab. @ https://www.ebay.com/sch/i.html?_nkw=RAX3000M+openwrt+router&LH_ItemCondition=3000:0
[   10460ms] [WARNING] Third-party cookie will be blocked. Learn more in the Issues tab. @ https://www.ebay.com/sch/i.html?_nkw=RAX3000M+openwrt+router&LH_ItemCondition=3000:0
[   10460ms] [WARNING] Third-party cookie will be blocked. Learn more in the Issues tab. @ https://www.ebay.com/sch/i.html?_nkw=RAX3000M+openwrt+router&LH_ItemCondition=3000:0
[   10491ms] [WARNING] [GPT] PubAdsService.collapseEmptyDivs is deprecated, use googletag.setConfig({collapseDiv: ...}) instead.
https://goo.gle/gpt-message#170 @ https://securepubads.g.doubleclick.net/pagead/managed/js/gpt/m202605260101/pubads_impl.js:18
[   10499ms] [WARNING] [GPT] Slot.setTargeting is deprecated, use Slot.setConfig({targeting: ...}) instead.
https://goo.gle/gpt-message#171 @ https://securepubads.g.doubleclick.net/pagead/managed/js/gpt/m202605260101/pubads_impl.js:18
[   12814ms] [WARNING] Third-party cookie will be blocked. Learn more in the Issues tab. @ https://www.ebay.com/sch/i.html?_nkw=RAX3000M+openwrt+router&LH_ItemCondition=3000:0
[   12815ms] [WARNING] Third-party cookie will be blocked. Learn more in the Issues tab. @ https://www.ebay.com/sch/i.html?_nkw=RAX3000M+openwrt+router&LH_ItemCondition=3000:0
[   12822ms] [WARNING] Third-party cookie will be blocked. Learn more in the Issues tab. @ https://www.ebay.com/sch/i.html?_nkw=RAX3000M+openwrt+router&LH_ItemCondition=3000:0
[   12822ms] [WARNING] Third-party cookie will be blocked. Learn more in the Issues tab. @ https://www.ebay.com/sch/i.html?_nkw=RAX3000M+openwrt+router&LH_ItemCondition=3000:0
[   12822ms] [WARNING] Third-party cookie will be blocked. Learn more in the Issues tab. @ https://www.ebay.com/sch/i.html?_nkw=RAX3000M+openwrt+router&LH_ItemCondition=3000:0
[   12850ms] [WARNING] Third-party cookie will be blocked. Learn more in the Issues tab. @ https://www.ebay.com/sch/i.html?_nkw=RAX3000M+openwrt+router&LH_ItemCondition=3000:0
[   12854ms] [WARNING] Third-party cookie will be blocked. Learn more in the Issues tab. @ https://www.ebay.com/sch/i.html?_nkw=RAX3000M+openwrt+router&LH_ItemCondition=3000:0
[   12854ms] [WARNING] Third-party cookie will be blocked. Learn more in the Issues tab. @ https://www.ebay.com/sch/i.html?_nkw=RAX3000M+openwrt+router&LH_ItemCondition=3000:0
[   12855ms] [WARNING] Third-party cookie will be blocked. Learn more in the Issues tab. @ https://www.ebay.com/sch/i.html?_nkw=RAX3000M+openwrt+router&LH_ItemCondition=3000:0
[   12855ms] [WARNING] Third-party cookie will be blocked. Learn more in the Issues tab. @ https://www.ebay.com/sch/i.html?_nkw=RAX3000M+openwrt+router&LH_ItemCondition=3000:0
[   12856ms] [WARNING] Third-party cookie will be blocked. Learn more in the Issues tab. @ https://www.ebay.com/sch/i.html?_nkw=RAX3000M+openwrt+router&LH_ItemCondition=3000:0
[   12856ms] [WARNING] Third-party cookie will be blocked. Learn more in the Issues tab. @ https://www.ebay.com/sch/i.html?_nkw=RAX3000M+openwrt+router&LH_ItemCondition=3000:0
[   12857ms] [WARNING] Third-party cookie will be blocked. Learn more in the Issues tab. @ https://www.ebay.com/sch/i.html?_nkw=RAX3000M+openwrt+router&LH_ItemCondition=3000:0
[   12857ms] [WARNING] Third-party cookie will be blocked. Learn more in the Issues tab. @ https://www.ebay.com/sch/i.html?_nkw=RAX3000M+openwrt+router&LH_ItemCondition=3000:0
[   13172ms] [WARNING] Third-party cookie will be blocked. Learn more in the Issues tab. @ https://www.ebay.com/sch/i.html?_nkw=RAX3000M+openwrt+router&LH_ItemCondition=3000:0
[   13172ms] [WARNING] Third-party cookie will be blocked. Learn more in the Issues tab. @ https://www.ebay.com/sch/i.html?_nkw=RAX3000M+openwrt+router&LH_ItemCondition=3000:0
[   13172ms] [WARNING] Third-party cookie will be blocked. Learn more in the Issues tab. @ https://www.ebay.com/sch/i.html?_nkw=RAX3000M+openwrt+router&LH_ItemCondition=3000:0
[   13172ms] [WARNING] Third-party cookie will be blocked. Learn more in the Issues tab. @ https://www.ebay.com/sch/i.html?_nkw=RAX3000M+openwrt+router&LH_ItemCondition=3000:0
[   13174ms] [WARNING] Third-party cookie will be blocked. Learn more in the Issues tab. @ https://www.ebay.com/sch/i.html?_nkw=RAX3000M+openwrt+router&LH_ItemCondition=3000:0
[   13175ms] [WARNING] Third-party cookie will be blocked. Learn more in the Issues tab. @ https://www.ebay.com/sch/i.html?_nkw=RAX3000M+openwrt+router&LH_ItemCondition=3000:0
[   13175ms] [WARNING] Third-party cookie will be blocked. Learn more in the Issues tab. @ https://www.ebay.com/sch/i.html?_nkw=RAX3000M+openwrt+router&LH_ItemCondition=3000:0
[   13175ms] [WARNING] Third-party cookie will be blocked. Learn more in the Issues tab. @ https://www.ebay.com/sch/i.html?_nkw=RAX3000M+openwrt+router&LH_ItemCondition=3000:0
[   13182ms] [WARNING] Third-party cookie will be blocked. Learn more in the Issues tab. @ https://www.ebay.com/sch/i.html?_nkw=RAX3000M+openwrt+router&LH_ItemCondition=3000:0
[   13182ms] [WARNING] Third-party cookie will be blocked. Learn more in the Issues tab. @ https://www.ebay.com/sch/i.html?_nkw=RAX3000M+openwrt+router&LH_ItemCondition=3000:0
[   13182ms] [WARNING] Third-party cookie will be blocked. Learn more in the Issues tab. @ https://www.ebay.com/sch/i.html?_nkw=RAX3000M+openwrt+router&LH_ItemCondition=3000:0
[   13182ms] [WARNING] Third-party cookie will be blocked. Learn more in the Issues tab. @ https://www.ebay.com/sch/i.html?_nkw=RAX3000M+openwrt+router&LH_ItemCondition=3000:0
[   14943ms] [WARNING] Third-party cookie will be blocked. Learn more in the Issues tab. @ https://www.ebay.com/sch/i.html?_nkw=RAX3000M+openwrt+router&LH_ItemCondition=3000:0
[   14944ms] [WARNING] Third-party cookie will be blocked. Learn more in the Issues tab. @ https://www.ebay.com/sch/i.html?_nkw=RAX3000M+openwrt+router&LH_ItemCondition=3000:0
[   14944ms] [WARNING] Third-party cookie will be blocked. Learn more in the Issues tab. @ https://www.ebay.com/sch/i.html?_nkw=RAX3000M+openwrt+router&LH_ItemCondition=3000:0
[   14944ms] [WARNING] Third-party cookie will be blocked. Learn more in the Issues tab. @ https://www.ebay.com/sch/i.html?_nkw=RAX3000M+openwrt+router&LH_ItemCondition=3000:0
[   14944ms] [WARNING] Third-party cookie will be blocked. Learn more in the Issues tab. @ https://www.ebay.com/sch/i.html?_nkw=RAX3000M+openwrt+router&LH_ItemCondition=3000:0
[   14944ms] [WARNING] Third-party cookie will be blocked. Learn more in the Issues tab. @ https://www.ebay.com/sch/i.html?_nkw=RAX3000M+openwrt+router&LH_ItemCondition=3000:0
[   15940ms] [WARNING] Third-party cookie will be blocked. Learn more in the Issues tab. @ https://www.ebay.com/sch/i.html?_nkw=RAX3000M+openwrt+router&LH_ItemCondition=3000:0
[   15940ms] [WARNING] Third-party cookie will be blocked. Learn more in the Issues tab. @ https://www.ebay.com/sch/i.html?_nkw=RAX3000M+openwrt+router&LH_ItemCondition=3000:0
[   16106ms] [WARNING] Third-party cookie will be blocked. Learn more in the Issues tab. @ https://www.ebay.com/sch/i.html?_nkw=RAX3000M+openwrt+router&LH_ItemCondition=3000:0
[   16106ms] [WARNING] Third-party cookie will be blocked. Learn more in the Issues tab. @ https://www.ebay.com/sch/i.html?_nkw=RAX3000M+openwrt+router&LH_ItemCondition=3000:0
[   16106ms] [WARNING] Third-party cookie will be blocked. Learn more in the Issues tab. @ https://www.ebay.com/sch/i.html?_nkw=RAX3000M+openwrt+router&LH_ItemCondition=3000:0
[   17040ms] [WARNING] Unrecognized feature: 'attribution-reporting'. @ https://connect.facebook.net/en_US/fbevents.js:383
[   17080ms] [WARNING] Third-party cookie will be blocked. Learn more in the Issues tab. @ https://www.ebay.com/sch/i.html?_nkw=RAX3000M+openwrt+router&LH_ItemCondition=3000:0
[   17080ms] [WARNING] Third-party cookie will be blocked. Learn more in the Issues tab. @ https://www.ebay.com/sch/i.html?_nkw=RAX3000M+openwrt+router&LH_ItemCondition=3000:0
[   17186ms] [WARNING] Third-party cookie will be blocked. Learn more in the Issues tab. @ https://www.ebay.com/sch/i.html?_nkw=RAX3000M+openwrt+router&LH_ItemCondition=3000:0
[   17186ms] [WARNING] Third-party cookie will be blocked. Learn more in the Issues tab. @ https://www.ebay.com/sch/i.html?_nkw=RAX3000M+openwrt+router&LH_ItemCondition=3000:0
[   17188ms] [WARNING] Third-party cookie will be blocked. Learn more in the Issues tab. @ https://www.ebay.com/sch/i.html?_nkw=RAX3000M+openwrt+router&LH_ItemCondition=3000:0
[   17188ms] [WARNING] Third-party cookie will be blocked. Learn more in the Issues tab. @ https://www.ebay.com/sch/i.html?_nkw=RAX3000M+openwrt+router&LH_ItemCondition=3000:0
[   17303ms] [WARNING] Third-party cookie will be blocked. Learn more in the Issues tab. @ https://www.ebay.com/sch/i.html?_nkw=RAX3000M+openwrt+router&LH_ItemCondition=3000:0
[   17303ms] [WARNING] Third-party cookie will be blocked. Learn more in the Issues tab. @ https://www.ebay.com/sch/i.html?_nkw=RAX3000M+openwrt+router&LH_ItemCondition=3000:0
[   17303ms] [WARNING] Third-party cookie will be blocked. Learn more in the Issues tab. @ https://www.ebay.com/sch/i.html?_nkw=RAX3000M+openwrt+router&LH_ItemCondition=3000:0
[   17303ms] [WARNING] Third-party cookie will be blocked. Learn more in the Issues tab. @ https://www.ebay.com/sch/i.html?_nkw=RAX3000M+openwrt+router&LH_ItemCondition=3000:0
[   17304ms] [WARNING] Third-party cookie will be blocked. Learn more in the Issues tab. @ https://www.ebay.com/sch/i.html?_nkw=RAX3000M+openwrt+router&LH_ItemCondition=3000:0
[   17304ms] [WARNING] Third-party cookie will be blocked. Learn more in the Issues tab. @ https://www.ebay.com/sch/i.html?_nkw=RAX3000M+openwrt+router&LH_ItemCondition=3000:0
[   17308ms] [WARNING] Third-party cookie will be blocked. Learn more in the Issues tab. @ https://www.ebay.com/sch/i.html?_nkw=RAX3000M+openwrt+router&LH_ItemCondition=3000:0
[   17308ms] [WARNING] Third-party cookie will be blocked. Learn more in the Issues tab. @ https://www.ebay.com/sch/i.html?_nkw=RAX3000M+openwrt+router&LH_ItemCondition=3000:0
[   17308ms] [WARNING] Third-party cookie will be blocked. Learn more in the Issues tab. @ https://www.ebay.com/sch/i.html?_nkw=RAX3000M+openwrt+router&LH_ItemCondition=3000:0
[   17308ms] [WARNING] Third-party cookie will be blocked. Learn more in the Issues tab. @ https://www.ebay.com/sch/i.html?_nkw=RAX3000M+openwrt+router&LH_ItemCondition=3000:0
[   17308ms] [WARNING] Third-party cookie will be blocked. Learn more in the Issues tab. @ https://www.ebay.com/sch/i.html?_nkw=RAX3000M+openwrt+router&LH_ItemCondition=3000:0
[   17309ms] [WARNING] Third-party cookie will be blocked. Learn more in the Issues tab. @ https://www.ebay.com/sch/i.html?_nkw=RAX3000M+openwrt+router&LH_ItemCondition=3000:0
[   17312ms] [WARNING] Third-party cookie will be blocked. Learn more in the Issues tab. @ https://www.ebay.com/sch/i.html?_nkw=RAX3000M+openwrt+router&LH_ItemCondition=3000:0
[   17312ms] [WARNING] Third-party cookie will be blocked. Learn more in the Issues tab. @ https://www.ebay.com/sch/i.html?_nkw=RAX3000M+openwrt+router&LH_ItemCondition=3000:0
[   17313ms] [WARNING] Third-party cookie will be blocked. Learn more in the Issues tab. @ https://www.ebay.com/sch/i.html?_nkw=RAX3000M+openwrt+router&LH_ItemCondition=3000:0
[   17313ms] [WARNING] Third-party cookie will be blocked. Learn more in the Issues tab. @ https://www.ebay.com/sch/i.html?_nkw=RAX3000M+openwrt+router&LH_ItemCondition=3000:0
[   17313ms] [WARNING] Third-party cookie will be blocked. Learn more in the Issues tab. @ https://www.ebay.com/sch/i.html?_nkw=RAX3000M+openwrt+router&LH_ItemCondition=3000:0
[   17313ms] [WARNING] Third-party cookie will be blocked. Learn more in the Issues tab. @ https://www.ebay.com/sch/i.html?_nkw=RAX3000M+openwrt+router&LH_ItemCondition=3000:0
[   17325ms] [WARNING] Third-party cookie will be blocked. Learn more in the Issues tab. @ https://www.ebay.com/sch/i.html?_nkw=RAX3000M+openwrt+router&LH_ItemCondition=3000:0
[   17325ms] [WARNING] Third-party cookie will be blocked. Learn more in the Issues tab. @ https://www.ebay.com/sch/i.html?_nkw=RAX3000M+openwrt+router&LH_ItemCondition=3000:0
[   17325ms] [WARNING] Third-party cookie will be blocked. Learn more in the Issues tab. @ https://www.ebay.com/sch/i.html?_nkw=RAX3000M+openwrt+router&LH_ItemCondition=3000:0
[   17326ms] [WARNING] Third-party cookie will be blocked. Learn more in the Issues tab. @ https://www.ebay.com/sch/i.html?_nkw=RAX3000M+openwrt+router&LH_ItemCondition=3000:0
[   17326ms] [WARNING] Third-party cookie will be blocked. Learn more in the Issues tab. @ https://www.ebay.com/sch/i.html?_nkw=RAX3000M+openwrt+router&LH_ItemCondition=3000:0
[   17327ms] [WARNING] Third-party cookie will be blocked. Learn more in the Issues tab. @ https://www.ebay.com/sch/i.html?_nkw=RAX3000M+openwrt+router&LH_ItemCondition=3000:0
[   17327ms] [WARNING] Third-party cookie will be blocked. Learn more in the Issues tab. @ https://www.ebay.com/sch/i.html?_nkw=RAX3000M+openwrt+router&LH_ItemCondition=3000:0
[   17328ms] [WARNING] Third-party cookie will be blocked. Learn more in the Issues tab. @ https://www.ebay.com/sch/i.html?_nkw=RAX3000M+openwrt+router&LH_ItemCondition=3000:0
[   17328ms] [WARNING] Third-party cookie will be blocked. Learn more in the Issues tab. @ https://www.ebay.com/sch/i.html?_nkw=RAX3000M+openwrt+router&LH_ItemCondition=3000:0
[   17328ms] [WARNING] Third-party cookie will be blocked. Learn more in the Issues tab. @ https://www.ebay.com/sch/i.html?_nkw=RAX3000M+openwrt+router&LH_ItemCondition=3000:0
[   17907ms] [WARNING] Third-party cookie will be blocked. Learn more in the Issues tab. @ https://www.ebay.com/sch/i.html?_nkw=RAX3000M+openwrt+router&LH_ItemCondition=3000:0
[   17915ms] [WARNING] Third-party cookie will be blocked. Learn more in the Issues tab. @ https://www.ebay.com/sch/i.html?_nkw=RAX3000M+openwrt+router&LH_ItemCondition=3000:0
[   17971ms] [WARNING] Third-party cookie will be blocked. Learn more in the Issues tab. @ https://www.ebay.com/sch/i.html?_nkw=RAX3000M+openwrt+router&LH_ItemCondition=3000:0
[   18238ms] [WARNING] Third-party cookie will be blocked. Learn more in the Issues tab. @ https://www.ebay.com/sch/i.html?_nkw=RAX3000M+openwrt+router&LH_ItemCondition=3000:0
[   18238ms] [WARNING] Third-party cookie will be blocked. Learn more in the Issues tab. @ https://www.ebay.com/sch/i.html?_nkw=RAX3000M+openwrt+router&LH_ItemCondition=3000:0
[   18322ms] [WARNING] Third-party cookie will be blocked. Learn more in the Issues tab. @ https://www.ebay.com/sch/i.html?_nkw=RAX3000M+openwrt+router&LH_ItemCondition=3000:0
[   18322ms] [WARNING] Third-party cookie will be blocked. Learn more in the Issues tab. @ https://www.ebay.com/sch/i.html?_nkw=RAX3000M+openwrt+router&LH_ItemCondition=3000:0
[   19030ms] [WARNING] Third-party cookie will be blocked. Learn more in the Issues tab. @ https://www.ebay.com/sch/i.html?_nkw=RAX3000M+openwrt+router&LH_ItemCondition=3000:0
[   19030ms] [WARNING] Third-party cookie will be blocked. Learn more in the Issues tab. @ https://www.ebay.com/sch/i.html?_nkw=RAX3000M+openwrt+router&LH_ItemCondition=3000:0
[   19031ms] [WARNING] Third-party cookie will be blocked. Learn more in the Issues tab. @ https://www.ebay.com/sch/i.html?_nkw=RAX3000M+openwrt+router&LH_ItemCondition=3000:0
[   19031ms] [WARNING] Third-party cookie will be blocked. Learn more in the Issues tab. @ https://www.ebay.com/sch/i.html?_nkw=RAX3000M+openwrt+router&LH_ItemCondition=3000:0
[   19031ms] [WARNING] Third-party cookie will be blocked. Learn more in the Issues tab. @ https://www.ebay.com/sch/i.html?_nkw=RAX3000M+openwrt+router&LH_ItemCondition=3000:0
[   19031ms] [WARNING] Third-party cookie will be blocked. Learn more in the Issues tab. @ https://www.ebay.com/sch/i.html?_nkw=RAX3000M+openwrt+router&LH_ItemCondition=3000:0
[   19032ms] [WARNING] Third-party cookie will be blocked. Learn more in the Issues tab. @ https://www.ebay.com/sch/i.html?_nkw=RAX3000M+openwrt+router&LH_ItemCondition=3000:0
[   19032ms] [WARNING] Third-party cookie will be blocked. Learn more in the Issues tab. @ https://www.ebay.com/sch/i.html?_nkw=RAX3000M+openwrt+router&LH_ItemCondition=3000:0
[   19032ms] [WARNING] Third-party cookie will be blocked. Learn more in the Issues tab. @ https://www.ebay.com/sch/i.html?_nkw=RAX3000M+openwrt+router&LH_ItemCondition=3000:0
[   19032ms] [WARNING] Third-party cookie will be blocked. Learn more in the Issues tab. @ https://www.ebay.com/sch/i.html?_nkw=RAX3000M+openwrt+router&LH_ItemCondition=3000:0
[   19032ms] [WARNING] Third-party cookie will be blocked. Learn more in the Issues tab. @ https://www.ebay.com/sch/i.html?_nkw=RAX3000M+openwrt+router&LH_ItemCondition=3000:0
[   19032ms] [WARNING] Third-party cookie will be blocked. Learn more in the Issues tab. @ https://www.ebay.com/sch/i.html?_nkw=RAX3000M+openwrt+router&LH_ItemCondition=3000:0
[   19033ms] [WARNING] Third-party cookie will be blocked. Learn more in the Issues tab. @ https://www.ebay.com/sch/i.html?_nkw=RAX3000M+openwrt+router&LH_ItemCondition=3000:0
[   19033ms] [WARNING] Third-party cookie will be blocked. Learn more in the Issues tab. @ https://www.ebay.com/sch/i.html?_nkw=RAX3000M+openwrt+router&LH_ItemCondition=3000:0
[   19033ms] [WARNING] Third-party cookie will be blocked. Learn more in the Issues tab. @ https://www.ebay.com/sch/i.html?_nkw=RAX3000M+openwrt+router&LH_ItemCondition=3000:0
[   19033ms] [WARNING] Third-party cookie will be blocked. Learn more in the Issues tab. @ https://www.ebay.com/sch/i.html?_nkw=RAX3000M+openwrt+router&LH_ItemCondition=3000:0
[   19033ms] [WARNING] Third-party cookie will be blocked. Learn more in the Issues tab. @ https://www.ebay.com/sch/i.html?_nkw=RAX3000M+openwrt+router&LH_ItemCondition=3000:0
[   19033ms] [WARNING] Third-party cookie will be blocked. Learn more in the Issues tab. @ https://www.ebay.com/sch/i.html?_nkw=RAX3000M+openwrt+router&LH_ItemCondition=3000:0
[   19033ms] [WARNING] Third-party cookie will be blocked. Learn more in the Issues tab. @ https://www.ebay.com/sch/i.html?_nkw=RAX3000M+openwrt+router&LH_ItemCondition=3000:0
[   19067ms] [WARNING] Third-party cookie will be blocked. Learn more in the Issues tab. @ https://www.ebay.com/sch/i.html?_nkw=RAX3000M+openwrt+router&LH_ItemCondition=3000:0
[   19067ms] [WARNING] Third-party cookie will be blocked. Learn more in the Issues tab. @ https://www.ebay.com/sch/i.html?_nkw=RAX3000M+openwrt+router&LH_ItemCondition=3000:0
[   19149ms] [WARNING] Third-party cookie will be blocked. Learn more in the Issues tab. @ https://www.ebay.com/sch/i.html?_nkw=RAX3000M+openwrt+router&LH_ItemCondition=3000:0
[   19149ms] [WARNING] Third-party cookie will be blocked. Learn more in the Issues tab. @ https://www.ebay.com/sch/i.html?_nkw=RAX3000M+openwrt+router&LH_ItemCondition=3000:0
[   19149ms] [WARNING] Third-party cookie will be blocked. Learn more in the Issues tab. @ https://www.ebay.com/sch/i.html?_nkw=RAX3000M+openwrt+router&LH_ItemCondition=3000:0
[   19149ms] [WARNING] Third-party cookie will be blocked. Learn more in the Issues tab. @ https://www.ebay.com/sch/i.html?_nkw=RAX3000M+openwrt+router&LH_ItemCondition=3000:0
[   19149ms] [WARNING] Third-party cookie will be blocked. Learn more in the Issues tab. @ https://www.ebay.com/sch/i.html?_nkw=RAX3000M+openwrt+router&LH_ItemCondition=3000:0
[   19149ms] [WARNING] Third-party cookie will be blocked. Learn more in the Issues tab. @ https://www.ebay.com/sch/i.html?_nkw=RAX3000M+openwrt+router&LH_ItemCondition=3000:0
[   19150ms] [WARNING] Third-party cookie will be blocked. Learn more in the Issues tab. @ https://www.ebay.com/sch/i.html?_nkw=RAX3000M+openwrt+router&LH_ItemCondition=3000:0
[   19150ms] [WARNING] Third-party cookie will be blocked. Learn more in the Issues tab. @ https://www.ebay.com/sch/i.html?_nkw=RAX3000M+openwrt+router&LH_ItemCondition=3000:0
[   19150ms] [WARNING] Third-party cookie will be blocked. Learn more in the Issues tab. @ https://www.ebay.com/sch/i.html?_nkw=RAX3000M+openwrt+router&LH_ItemCondition=3000:0
[   19150ms] [WARNING] Third-party cookie will be blocked. Learn more in the Issues tab. @ https://www.ebay.com/sch/i.html?_nkw=RAX3000M+openwrt+router&LH_ItemCondition=3000:0
[   19150ms] [WARNING] Third-party cookie will be blocked. Learn more in the Issues tab. @ https://www.ebay.com/sch/i.html?_nkw=RAX3000M+openwrt+router&LH_ItemCondition=3000:0
[   19150ms] [WARNING] Third-party cookie will be blocked. Learn more in the Issues tab. @ https://www.ebay.com/sch/i.html?_nkw=RAX3000M+openwrt+router&LH_ItemCondition=3000:0
[   19151ms] [WARNING] Third-party cookie will be blocked. Learn more in the Issues tab. @ https://www.ebay.com/sch/i.html?_nkw=RAX3000M+openwrt+router&LH_ItemCondition=3000:0
[   19151ms] [WARNING] Third-party cookie will be blocked. Learn more in the Issues tab. @ https://www.ebay.com/sch/i.html?_nkw=RAX3000M+openwrt+router&LH_ItemCondition=3000:0
[   19151ms] [WARNING] Third-party cookie will be blocked. Learn more in the Issues tab. @ https://www.ebay.com/sch/i.html?_nkw=RAX3000M+openwrt+router&LH_ItemCondition=3000:0
[   19151ms] [WARNING] Third-party cookie will be blocked. Learn more in the Issues tab. @ https://www.ebay.com/sch/i.html?_nkw=RAX3000M+openwrt+router&LH_ItemCondition=3000:0
[   19151ms] [WARNING] Third-party cookie will be blocked. Learn more in the Issues tab. @ https://www.ebay.com/sch/i.html?_nkw=RAX3000M+openwrt+router&LH_ItemCondition=3000:0
[   19152ms] [WARNING] Third-party cookie will be blocked. Learn more in the Issues tab. @ https://www.ebay.com/sch/i.html?_nkw=RAX3000M+openwrt+router&LH_ItemCondition=3000:0
[   19152ms] [WARNING] Third-party cookie will be blocked. Learn more in the Issues tab. @ https://www.ebay.com/sch/i.html?_nkw=RAX3000M+openwrt+router&LH_ItemCondition=3000:0
[   19152ms] [WARNING] Third-party cookie will be blocked. Learn more in the Issues tab. @ https://www.ebay.com/sch/i.html?_nkw=RAX3000M+openwrt+router&LH_ItemCondition=3000:0
[   19152ms] [WARNING] Third-party cookie will be blocked. Learn more in the Issues tab. @ https://www.ebay.com/sch/i.html?_nkw=RAX3000M+openwrt+router&LH_ItemCondition=3000:0
[   19152ms] [WARNING] Third-party cookie will be blocked. Learn more in the Issues tab. @ https://www.ebay.com/sch/i.html?_nkw=RAX3000M+openwrt+router&LH_ItemCondition=3000:0
[   19320ms] [WARNING] Third-party cookie will be blocked. Learn more in the Issues tab. @ https://www.ebay.com/sch/i.html?_nkw=RAX3000M+openwrt+router&LH_ItemCondition=3000:0
[   19320ms] [WARNING] Third-party cookie will be blocked. Learn more in the Issues tab. @ https://www.ebay.com/sch/i.html?_nkw=RAX3000M+openwrt+router&LH_ItemCondition=3000:0
[   19320ms] [WARNING] Third-party cookie will be blocked. Learn more in the Issues tab. @ https://www.ebay.com/sch/i.html?_nkw=RAX3000M+openwrt+router&LH_ItemCondition=3000:0
[   19320ms] [WARNING] Third-party cookie will be blocked. Learn more in the Issues tab. @ https://www.ebay.com/sch/i.html?_nkw=RAX3000M+openwrt+router&LH_ItemCondition=3000:0
[   19320ms] [WARNING] Third-party cookie will be blocked. Learn more in the Issues tab. @ https://www.ebay.com/sch/i.html?_nkw=RAX3000M+openwrt+router&LH_ItemCondition=3000:0
[   19333ms] [WARNING] Third-party cookie will be blocked. Learn more in the Issues tab. @ https://www.ebay.com/sch/i.html?_nkw=RAX3000M+openwrt+router&LH_ItemCondition=3000:0
[   19333ms] [WARNING] Third-party cookie will be blocked. Learn more in the Issues tab. @ https://www.ebay.com/sch/i.html?_nkw=RAX3000M+openwrt+router&LH_ItemCondition=3000:0
[   19776ms] [WARNING] Third-party cookie will be blocked. Learn more in the Issues tab. @ https://www.ebay.com/sch/i.html?_nkw=RAX3000M+openwrt+router&LH_ItemCondition=3000:0
[   19776ms] [WARNING] Third-party cookie will be blocked. Learn more in the Issues tab. @ https://www.ebay.com/sch/i.html?_nkw=RAX3000M+openwrt+router&LH_ItemCondition=3000:0
[   19777ms] [WARNING] Third-party cookie will be blocked. Learn more in the Issues tab. @ https://www.ebay.com/sch/i.html?_nkw=RAX3000M+openwrt+router&LH_ItemCondition=3000:0
[   19777ms] [WARNING] Third-party cookie will be blocked. Learn more in the Issues tab. @ https://www.ebay.com/sch/i.html?_nkw=RAX3000M+openwrt+router&LH_ItemCondition=3000:0
[   19777ms] [WARNING] Third-party cookie will be blocked. Learn more in the Issues tab. @ https://www.ebay.com/sch/i.html?_nkw=RAX3000M+openwrt+router&LH_ItemCondition=3000:0
[   19777ms] [WARNING] Third-party cookie will be blocked. Learn more in the Issues tab. @ https://www.ebay.com/sch/i.html?_nkw=RAX3000M+openwrt+router&LH_ItemCondition=3000:0
[   19779ms] [WARNING] Third-party cookie will be blocked. Learn more in the Issues tab. @ https://www.ebay.com/sch/i.html?_nkw=RAX3000M+openwrt+router&LH_ItemCondition=3000:0
[   19779ms] [WARNING] Third-party cookie will be blocked. Learn more in the Issues tab. @ https://www.ebay.com/sch/i.html?_nkw=RAX3000M+openwrt+router&LH_ItemCondition=3000:0
[   19779ms] [WARNING] Third-party cookie will be blocked. Learn more in the Issues tab. @ https://www.ebay.com/sch/i.html?_nkw=RAX3000M+openwrt+router&LH_ItemCondition=3000:0
[   19779ms] [WARNING] Third-party cookie will be blocked. Learn more in the Issues tab. @ https://www.ebay.com/sch/i.html?_nkw=RAX3000M+openwrt+router&LH_ItemCondition=3000:0
[   19779ms] [WARNING] Third-party cookie will be blocked. Learn more in the Issues tab. @ https://www.ebay.com/sch/i.html?_nkw=RAX3000M+openwrt+router&LH_ItemCondition=3000:0
[   19779ms] [WARNING] Third-party cookie will be blocked. Learn more in the Issues tab. @ https://www.ebay.com/sch/i.html?_nkw=RAX3000M+openwrt+router&LH_ItemCondition=3000:0
[   20480ms] [WARNING] Third-party cookie will be blocked. Learn more in the Issues tab. @ https://www.ebay.com/sch/i.html?_nkw=RAX3000M+openwrt+router&LH_ItemCondition=3000:0
[   20481ms] [WARNING] Third-party cookie will be blocked. Learn more in the Issues tab. @ https://www.ebay.com/sch/i.html?_nkw=RAX3000M+openwrt+router&LH_ItemCondition=3000:0
[   20481ms] [WARNING] Third-party cookie will be blocked. Learn more in the Issues tab. @ https://www.ebay.com/sch/i.html?_nkw=RAX3000M+openwrt+router&LH_ItemCondition=3000:0
[   20481ms] [WARNING] Third-party cookie will be blocked. Learn more in the Issues tab. @ https://www.ebay.com/sch/i.html?_nkw=RAX3000M+openwrt+router&LH_ItemCondition=3000:0
[   20481ms] [WARNING] Third-party cookie will be blocked. Learn more in the Issues tab. @ https://www.ebay.com/sch/i.html?_nkw=RAX3000M+openwrt+router&LH_ItemCondition=3000:0
[   20533ms] [WARNING] Third-party cookie will be blocked. Learn more in the Issues tab. @ https://www.ebay.com/sch/i.html?_nkw=RAX3000M+openwrt+router&LH_ItemCondition=3000:0
[   20534ms] [WARNING] Third-party cookie will be blocked. Learn more in the Issues tab. @ https://www.ebay.com/sch/i.html?_nkw=RAX3000M+openwrt+router&LH_ItemCondition=3000:0
[   20534ms] [WARNING] Third-party cookie will be blocked. Learn more in the Issues tab. @ https://www.ebay.com/sch/i.html?_nkw=RAX3000M+openwrt+router&LH_ItemCondition=3000:0
[   20534ms] [WARNING] Third-party cookie will be blocked. Learn more in the Issues tab. @ https://www.ebay.com/sch/i.html?_nkw=RAX3000M+openwrt+router&LH_ItemCondition=3000:0
[   20534ms] [WARNING] Third-party cookie will be blocked. Learn more in the Issues tab. @ https://www.ebay.com/sch/i.html?_nkw=RAX3000M+openwrt+router&LH_ItemCondition=3000:0
[   26015ms] [WARNING] Third-party cookie will be blocked. Learn more in the Issues tab. @ https://www.ebay.com/sch/i.html?_nkw=RAX3000M+openwrt+router&LH_ItemCondition=3000:0
[   40641ms] [WARNING] Third-party cookie will be blocked. Learn more in the Issues tab. @ https://www.ebay.com/sch/i.html?_nkw=RAX3000M+openwrt+router&LH_ItemCondition=3000:0
[   40642ms] [WARNING] Third-party cookie will be blocked. Learn more in the Issues tab. @ https://www.ebay.com/sch/i.html?_nkw=RAX3000M+openwrt+router&LH_ItemCondition=3000:0
[   40669ms] [WARNING] Third-party cookie will be blocked. Learn more in the Issues tab. @ https://www.ebay.com/sch/i.html?_nkw=RAX3000M+openwrt+router&LH_ItemCondition=3000:0
[   40670ms] [WARNING] Third-party cookie will be blocked. Learn more in the Issues tab. @ https://www.ebay.com/sch/i.html?_nkw=RAX3000M+openwrt+router&LH_ItemCondition=3000:0
[   40745ms] [WARNING] Third-party cookie will be blocked. Learn more in the Issues tab. @ https://www.ebay.com/sch/i.html?_nkw=RAX3000M+openwrt+router&LH_ItemCondition=3000:0
[   40746ms] [WARNING] Third-party cookie will be blocked. Learn more in the Issues tab. @ https://www.ebay.com/sch/i.html?_nkw=RAX3000M+openwrt+router&LH_ItemCondition=3000:0
[   40868ms] [WARNING] Third-party cookie will be blocked. Learn more in the Issues tab. @ https://www.ebay.com/sch/i.html?_nkw=RAX3000M+openwrt+router&LH_ItemCondition=3000:0
[   40868ms] [WARNING] Third-party cookie will be blocked. Learn more in the Issues tab. @ https://www.ebay.com/sch/i.html?_nkw=RAX3000M+openwrt+router&LH_ItemCondition=3000:0
