[    3155ms] [WARNING] Header: trk missing @ https://ir.ebaystatic.com/rs/c/globalheaderweb/index_lcNW.02410537.js:0
[    3436ms] [LOG] joinUs() at %ce%cb%ca%cy%c! font-weight:bold;color:#e53238; font-weight:bold;color:#0064d2 font-weight:bold;color:#f5af02 font-weight:bold;color:#86b817 color:black @ https://ir.ebaystatic.com/rs/c/srpnweb/common-DEJgr_P0.js:1
[    3869ms] [WARNING] Header: trk missing @ https://ir.ebaystatic.com/rs/c/globalheaderweb/index_lcNW.02410537.js:0
[    3870ms] [WARNING] Header: trk missing @ https://ir.ebaystatic.com/rs/c/globalheaderweb/index_lcNW.02410537.js:0
[    3935ms] [WARNING] Header: trk missing @ https://ir.ebaystatic.com/rs/c/globalheaderweb/index_lcNW.02410537.js:0
[    3941ms] [WARNING] The PerformanceObserver does not support buffered flag with the entryTypes argument. @ https://ir.ebaystatic.com/rs/c/srpnweb/vendor-8nOrQJTy.js:0
[    5749ms] [LOG] done @ https://www.ebay.com/sch/i.html?_nkw=Redmi+AX6000+router&LH_ItemCondition=3000:4
[    6448ms] [WARNING] [GPT] PubAdsService.collapseEmptyDivs is deprecated, use googletag.setConfig({collapseDiv: ...}) instead.
https://goo.gle/gpt-message#170 @ https://securepubads.g.doubleclick.net/pagead/managed/js/gpt/m202605260101/pubads_impl.js:18
[    6454ms] [WARNING] [GPT] Slot.setTargeting is deprecated, use Slot.setConfig({targeting: ...}) instead.
https://goo.gle/gpt-message#171 @ https://securepubads.g.doubleclick.net/pagead/managed/js/gpt/m202605260101/pubads_impl.js:18
[    7454ms] [WARNING] Third-party cookie will be blocked. Learn more in the Issues tab. @ https://www.ebay.com/sch/i.html?_nkw=Redmi+AX6000+router&LH_ItemCondition=3000:0
[    7454ms] [WARNING] Third-party cookie will be blocked. Learn more in the Issues tab. @ https://www.ebay.com/sch/i.html?_nkw=Redmi+AX6000+router&LH_ItemCondition=3000:0
[    7505ms] [WARNING] Third-party cookie will be blocked. Learn more in the Issues tab. @ https://www.ebay.com/sch/i.html?_nkw=Redmi+AX6000+router&LH_ItemCondition=3000:0
[    7505ms] [WARNING] Third-party cookie will be blocked. Learn more in the Issues tab. @ https://www.ebay.com/sch/i.html?_nkw=Redmi+AX6000+router&LH_ItemCondition=3000:0
[    7653ms] [WARNING] Third-party cookie will be blocked. Learn more in the Issues tab. @ https://www.ebay.com/sch/i.html?_nkw=Redmi+AX6000+router&LH_ItemCondition=3000:0
[    7653ms] [WARNING] Third-party cookie will be blocked. Learn more in the Issues tab. @ https://www.ebay.com/sch/i.html?_nkw=Redmi+AX6000+router&LH_ItemCondition=3000:0
[    7879ms] [WARNING] Third-party cookie will be blocked. Learn more in the Issues tab. @ https://www.ebay.com/sch/i.html?_nkw=Redmi+AX6000+router&LH_ItemCondition=3000:0
[    7879ms] [WARNING] Third-party cookie will be blocked. Learn more in the Issues tab. @ https://www.ebay.com/sch/i.html?_nkw=Redmi+AX6000+router&LH_ItemCondition=3000:0
[    8058ms] [WARNING] Third-party cookie will be blocked. Learn more in the Issues tab. @ https://www.ebay.com/sch/i.html?_nkw=Redmi+AX6000+router&LH_ItemCondition=3000:0
[    8058ms] [WARNING] Third-party cookie will be blocked. Learn more in the Issues tab. @ https://www.ebay.com/sch/i.html?_nkw=Redmi+AX6000+router&LH_ItemCondition=3000:0
[    8347ms] [WARNING] Third-party cookie will be blocked. Learn more in the Issues tab. @ https://www.ebay.com/sch/i.html?_nkw=Redmi+AX6000+router&LH_ItemCondition=3000:0
[    8761ms] [WARNING] Third-party cookie will be blocked. Learn more in the Issues tab. @ https://www.ebay.com/sch/i.html?_nkw=Redmi+AX6000+router&LH_ItemCondition=3000:0
[    8761ms] [WARNING] Third-party cookie will be blocked. Learn more in the Issues tab. @ https://www.ebay.com/sch/i.html?_nkw=Redmi+AX6000+router&LH_ItemCondition=3000:0
[    8764ms] [WARNING] Third-party cookie will be blocked. Learn more in the Issues tab. @ https://www.ebay.com/sch/i.html?_nkw=Redmi+AX6000+router&LH_ItemCondition=3000:0
[    8764ms] [WARNING] Third-party cookie will be blocked. Learn more in the Issues tab. @ https://www.ebay.com/sch/i.html?_nkw=Redmi+AX6000+router&LH_ItemCondition=3000:0
[    9269ms] [WARNING] Third-party cookie will be blocked. Learn more in the Issues tab. @ https://www.ebay.com/sch/i.html?_nkw=Redmi+AX6000+router&LH_ItemCondition=3000:0
[    9270ms] [WARNING] Third-party cookie will be blocked. Learn more in the Issues tab. @ https://www.ebay.com/sch/i.html?_nkw=Redmi+AX6000+router&LH_ItemCondition=3000:0
[    9270ms] [WARNING] Third-party cookie will be blocked. Learn more in the Issues tab. @ https://www.ebay.com/sch/i.html?_nkw=Redmi+AX6000+router&LH_ItemCondition=3000:0
[    9298ms] [WARNING] Unrecognized feature: 'attribution-reporting'. @ https://connect.facebook.net/en_US/fbevents.js:383
[    9333ms] [WARNING] Third-party cookie will be blocked. Learn more in the Issues tab. @ https://www.ebay.com/sch/i.html?_nkw=Redmi+AX6000+router&LH_ItemCondition=3000:0
[   10277ms] [WARNING] Third-party cookie will be blocked. Learn more in the Issues tab. @ https://www.ebay.com/sch/i.html?_nkw=Redmi+AX6000+router&LH_ItemCondition=3000:0
[   10277ms] [WARNING] Third-party cookie will be blocked. Learn more in the Issues tab. @ https://www.ebay.com/sch/i.html?_nkw=Redmi+AX6000+router&LH_ItemCondition=3000:0
[   10277ms] [WARNING] Third-party cookie will be blocked. Learn more in the Issues tab. @ https://www.ebay.com/sch/i.html?_nkw=Redmi+AX6000+router&LH_ItemCondition=3000:0
[   10277ms] [WARNING] Third-party cookie will be blocked. Learn more in the Issues tab. @ https://www.ebay.com/sch/i.html?_nkw=Redmi+AX6000+router&LH_ItemCondition=3000:0
[   10277ms] [WARNING] Third-party cookie will be blocked. Learn more in the Issues tab. @ https://www.ebay.com/sch/i.html?_nkw=Redmi+AX6000+router&LH_ItemCondition=3000:0
[   10277ms] [WARNING] Third-party cookie will be blocked. Learn more in the Issues tab. @ https://www.ebay.com/sch/i.html?_nkw=Redmi+AX6000+router&LH_ItemCondition=3000:0
[   10285ms] [WARNING] Third-party cookie will be blocked. Learn more in the Issues tab. @ https://www.ebay.com/sch/i.html?_nkw=Redmi+AX6000+router&LH_ItemCondition=3000:0
[   10285ms] [WARNING] Third-party cookie will be blocked. Learn more in the Issues tab. @ https://www.ebay.com/sch/i.html?_nkw=Redmi+AX6000+router&LH_ItemCondition=3000:0
[   10285ms] [WARNING] Third-party cookie will be blocked. Learn more in the Issues tab. @ https://www.ebay.com/sch/i.html?_nkw=Redmi+AX6000+router&LH_ItemCondition=3000:0
[   10285ms] [WARNING] Third-party cookie will be blocked. Learn more in the Issues tab. @ https://www.ebay.com/sch/i.html?_nkw=Redmi+AX6000+router&LH_ItemCondition=3000:0
[   10285ms] [WARNING] Third-party cookie will be blocked. Learn more in the Issues tab. @ https://www.ebay.com/sch/i.html?_nkw=Redmi+AX6000+router&LH_ItemCondition=3000:0
[   10285ms] [WARNING] Third-party cookie will be blocked. Learn more in the Issues tab. @ https://www.ebay.com/sch/i.html?_nkw=Redmi+AX6000+router&LH_ItemCondition=3000:0
[   10287ms] [WARNING] Third-party cookie will be blocked. Learn more in the Issues tab. @ https://www.ebay.com/sch/i.html?_nkw=Redmi+AX6000+router&LH_ItemCondition=3000:0
[   10287ms] [WARNING] Third-party cookie will be blocked. Learn more in the Issues tab. @ https://www.ebay.com/sch/i.html?_nkw=Redmi+AX6000+router&LH_ItemCondition=3000:0
[   10287ms] [WARNING] Third-party cookie will be blocked. Learn more in the Issues tab. @ https://www.ebay.com/sch/i.html?_nkw=Redmi+AX6000+router&LH_ItemCondition=3000:0
[   10287ms] [WARNING] Third-party cookie will be blocked. Learn more in the Issues tab. @ https://www.ebay.com/sch/i.html?_nkw=Redmi+AX6000+router&LH_ItemCondition=3000:0
[   10288ms] [WARNING] Third-party cookie will be blocked. Learn more in the Issues tab. @ https://www.ebay.com/sch/i.html?_nkw=Redmi+AX6000+router&LH_ItemCondition=3000:0
[   10288ms] [WARNING] Third-party cookie will be blocked. Learn more in the Issues tab. @ https://www.ebay.com/sch/i.html?_nkw=Redmi+AX6000+router&LH_ItemCondition=3000:0
[   10385ms] [WARNING] Third-party cookie will be blocked. Learn more in the Issues tab. @ https://www.ebay.com/sch/i.html?_nkw=Redmi+AX6000+router&LH_ItemCondition=3000:0
[   10385ms] [WARNING] Third-party cookie will be blocked. Learn more in the Issues tab. @ https://www.ebay.com/sch/i.html?_nkw=Redmi+AX6000+router&LH_ItemCondition=3000:0
[   10385ms] [WARNING] Third-party cookie will be blocked. Learn more in the Issues tab. @ https://www.ebay.com/sch/i.html?_nkw=Redmi+AX6000+router&LH_ItemCondition=3000:0
[   10385ms] [WARNING] Third-party cookie will be blocked. Learn more in the Issues tab. @ https://www.ebay.com/sch/i.html?_nkw=Redmi+AX6000+router&LH_ItemCondition=3000:0
[   10385ms] [WARNING] Third-party cookie will be blocked. Learn more in the Issues tab. @ https://www.ebay.com/sch/i.html?_nkw=Redmi+AX6000+router&LH_ItemCondition=3000:0
[   10386ms] [WARNING] Third-party cookie will be blocked. Learn more in the Issues tab. @ https://www.ebay.com/sch/i.html?_nkw=Redmi+AX6000+router&LH_ItemCondition=3000:0
[   10386ms] [WARNING] Third-party cookie will be blocked. Learn more in the Issues tab. @ https://www.ebay.com/sch/i.html?_nkw=Redmi+AX6000+router&LH_ItemCondition=3000:0
[   10386ms] [WARNING] Third-party cookie will be blocked. Learn more in the Issues tab. @ https://www.ebay.com/sch/i.html?_nkw=Redmi+AX6000+router&LH_ItemCondition=3000:0
[   10386ms] [WARNING] Third-party cookie will be blocked. Learn more in the Issues tab. @ https://www.ebay.com/sch/i.html?_nkw=Redmi+AX6000+router&LH_ItemCondition=3000:0
[   10386ms] [WARNING] Third-party cookie will be blocked. Learn more in the Issues tab. @ https://www.ebay.com/sch/i.html?_nkw=Redmi+AX6000+router&LH_ItemCondition=3000:0
[   11001ms] [WARNING] Third-party cookie will be blocked. Learn more in the Issues tab. @ https://www.ebay.com/sch/i.html?_nkw=Redmi+AX6000+router&LH_ItemCondition=3000:0
[   11001ms] [WARNING] Third-party cookie will be blocked. Learn more in the Issues tab. @ https://www.ebay.com/sch/i.html?_nkw=Redmi+AX6000+router&LH_ItemCondition=3000:0
[   11001ms] [WARNING] Third-party cookie will be blocked. Learn more in the Issues tab. @ https://www.ebay.com/sch/i.html?_nkw=Redmi+AX6000+router&LH_ItemCondition=3000:0
[   11001ms] [WARNING] Third-party cookie will be blocked. Learn more in the Issues tab. @ https://www.ebay.com/sch/i.html?_nkw=Redmi+AX6000+router&LH_ItemCondition=3000:0
[   11001ms] [WARNING] Third-party cookie will be blocked. Learn more in the Issues tab. @ https://www.ebay.com/sch/i.html?_nkw=Redmi+AX6000+router&LH_ItemCondition=3000:0
[   11001ms] [WARNING] Third-party cookie will be blocked. Learn more in the Issues tab. @ https://www.ebay.com/sch/i.html?_nkw=Redmi+AX6000+router&LH_ItemCondition=3000:0
[   11001ms] [WARNING] Third-party cookie will be blocked. Learn more in the Issues tab. @ https://www.ebay.com/sch/i.html?_nkw=Redmi+AX6000+router&LH_ItemCondition=3000:0
[   11001ms] [WARNING] Third-party cookie will be blocked. Learn more in the Issues tab. @ https://www.ebay.com/sch/i.html?_nkw=Redmi+AX6000+router&LH_ItemCondition=3000:0
[   11002ms] [WARNING] Third-party cookie will be blocked. Learn more in the Issues tab. @ https://www.ebay.com/sch/i.html?_nkw=Redmi+AX6000+router&LH_ItemCondition=3000:0
[   11002ms] [WARNING] Third-party cookie will be blocked. Learn more in the Issues tab. @ https://www.ebay.com/sch/i.html?_nkw=Redmi+AX6000+router&LH_ItemCondition=3000:0
[   11002ms] [WARNING] Third-party cookie will be blocked. Learn more in the Issues tab. @ https://www.ebay.com/sch/i.html?_nkw=Redmi+AX6000+router&LH_ItemCondition=3000:0
[   11003ms] [WARNING] Third-party cookie will be blocked. Learn more in the Issues tab. @ https://www.ebay.com/sch/i.html?_nkw=Redmi+AX6000+router&LH_ItemCondition=3000:0
[   11003ms] [WARNING] Third-party cookie will be blocked. Learn more in the Issues tab. @ https://www.ebay.com/sch/i.html?_nkw=Redmi+AX6000+router&LH_ItemCondition=3000:0
[   11003ms] [WARNING] Third-party cookie will be blocked. Learn more in the Issues tab. @ https://www.ebay.com/sch/i.html?_nkw=Redmi+AX6000+router&LH_ItemCondition=3000:0
[   11003ms] [WARNING] Third-party cookie will be blocked. Learn more in the Issues tab. @ https://www.ebay.com/sch/i.html?_nkw=Redmi+AX6000+router&LH_ItemCondition=3000:0
[   11003ms] [WARNING] Third-party cookie will be blocked. Learn more in the Issues tab. @ https://www.ebay.com/sch/i.html?_nkw=Redmi+AX6000+router&LH_ItemCondition=3000:0
[   11003ms] [WARNING] Third-party cookie will be blocked. Learn more in the Issues tab. @ https://www.ebay.com/sch/i.html?_nkw=Redmi+AX6000+router&LH_ItemCondition=3000:0
[   11047ms] [WARNING] Third-party cookie will be blocked. Learn more in the Issues tab. @ https://www.ebay.com/sch/i.html?_nkw=Redmi+AX6000+router&LH_ItemCondition=3000:0
[   11047ms] [WARNING] Third-party cookie will be blocked. Learn more in the Issues tab. @ https://www.ebay.com/sch/i.html?_nkw=Redmi+AX6000+router&LH_ItemCondition=3000:0
[   11047ms] [WARNING] Third-party cookie will be blocked. Learn more in the Issues tab. @ https://www.ebay.com/sch/i.html?_nkw=Redmi+AX6000+router&LH_ItemCondition=3000:0
[   11047ms] [WARNING] Third-party cookie will be blocked. Learn more in the Issues tab. @ https://www.ebay.com/sch/i.html?_nkw=Redmi+AX6000+router&LH_ItemCondition=3000:0
[   11047ms] [WARNING] Third-party cookie will be blocked. Learn more in the Issues tab. @ https://www.ebay.com/sch/i.html?_nkw=Redmi+AX6000+router&LH_ItemCondition=3000:0
[   11048ms] [WARNING] Third-party cookie will be blocked. Learn more in the Issues tab. @ https://www.ebay.com/sch/i.html?_nkw=Redmi+AX6000+router&LH_ItemCondition=3000:0
[   11048ms] [WARNING] Third-party cookie will be blocked. Learn more in the Issues tab. @ https://www.ebay.com/sch/i.html?_nkw=Redmi+AX6000+router&LH_ItemCondition=3000:0
[   11048ms] [WARNING] Third-party cookie will be blocked. Learn more in the Issues tab. @ https://www.ebay.com/sch/i.html?_nkw=Redmi+AX6000+router&LH_ItemCondition=3000:0
[   11048ms] [WARNING] Third-party cookie will be blocked. Learn more in the Issues tab. @ https://www.ebay.com/sch/i.html?_nkw=Redmi+AX6000+router&LH_ItemCondition=3000:0
[   11049ms] [WARNING] Third-party cookie will be blocked. Learn more in the Issues tab. @ https://www.ebay.com/sch/i.html?_nkw=Redmi+AX6000+router&LH_ItemCondition=3000:0
[   11147ms] [WARNING] Third-party cookie will be blocked. Learn more in the Issues tab. @ https://www.ebay.com/sch/i.html?_nkw=Redmi+AX6000+router&LH_ItemCondition=3000:0
[   11147ms] [WARNING] Third-party cookie will be blocked. Learn more in the Issues tab. @ https://www.ebay.com/sch/i.html?_nkw=Redmi+AX6000+router&LH_ItemCondition=3000:0
[   11148ms] [WARNING] Third-party cookie will be blocked. Learn more in the Issues tab. @ https://www.ebay.com/sch/i.html?_nkw=Redmi+AX6000+router&LH_ItemCondition=3000:0
[   11148ms] [WARNING] Third-party cookie will be blocked. Learn more in the Issues tab. @ https://www.ebay.com/sch/i.html?_nkw=Redmi+AX6000+router&LH_ItemCondition=3000:0
[   11148ms] [WARNING] Third-party cookie will be blocked. Learn more in the Issues tab. @ https://www.ebay.com/sch/i.html?_nkw=Redmi+AX6000+router&LH_ItemCondition=3000:0
[   11148ms] [WARNING] Third-party cookie will be blocked. Learn more in the Issues tab. @ https://www.ebay.com/sch/i.html?_nkw=Redmi+AX6000+router&LH_ItemCondition=3000:0
[   11148ms] [WARNING] Third-party cookie will be blocked. Learn more in the Issues tab. @ https://www.ebay.com/sch/i.html?_nkw=Redmi+AX6000+router&LH_ItemCondition=3000:0
[   11166ms] [WARNING] Third-party cookie will be blocked. Learn more in the Issues tab. @ https://www.ebay.com/sch/i.html?_nkw=Redmi+AX6000+router&LH_ItemCondition=3000:0
[   11167ms] [WARNING] Third-party cookie will be blocked. Learn more in the Issues tab. @ https://www.ebay.com/sch/i.html?_nkw=Redmi+AX6000+router&LH_ItemCondition=3000:0
[   11170ms] [WARNING] Third-party cookie will be blocked. Learn more in the Issues tab. @ https://www.ebay.com/sch/i.html?_nkw=Redmi+AX6000+router&LH_ItemCondition=3000:0
[   11170ms] [WARNING] Third-party cookie will be blocked. Learn more in the Issues tab. @ https://www.ebay.com/sch/i.html?_nkw=Redmi+AX6000+router&LH_ItemCondition=3000:0
[   11496ms] [WARNING] Third-party cookie will be blocked. Learn more in the Issues tab. @ https://www.ebay.com/sch/i.html?_nkw=Redmi+AX6000+router&LH_ItemCondition=3000:0
[   11496ms] [WARNING] Third-party cookie will be blocked. Learn more in the Issues tab. @ https://www.ebay.com/sch/i.html?_nkw=Redmi+AX6000+router&LH_ItemCondition=3000:0
[   11499ms] [WARNING] Third-party cookie will be blocked. Learn more in the Issues tab. @ https://www.ebay.com/sch/i.html?_nkw=Redmi+AX6000+router&LH_ItemCondition=3000:0
[   11500ms] [WARNING] Third-party cookie will be blocked. Learn more in the Issues tab. @ https://www.ebay.com/sch/i.html?_nkw=Redmi+AX6000+router&LH_ItemCondition=3000:0
[   11513ms] [WARNING] Third-party cookie will be blocked. Learn more in the Issues tab. @ https://www.ebay.com/sch/i.html?_nkw=Redmi+AX6000+router&LH_ItemCondition=3000:0
[   11513ms] [WARNING] Third-party cookie will be blocked. Learn more in the Issues tab. @ https://www.ebay.com/sch/i.html?_nkw=Redmi+AX6000+router&LH_ItemCondition=3000:0
[   11735ms] [WARNING] Third-party cookie will be blocked. Learn more in the Issues tab. @ https://www.ebay.com/sch/i.html?_nkw=Redmi+AX6000+router&LH_ItemCondition=3000:0
[   11735ms] [WARNING] Third-party cookie will be blocked. Learn more in the Issues tab. @ https://www.ebay.com/sch/i.html?_nkw=Redmi+AX6000+router&LH_ItemCondition=3000:0
[   11735ms] [WARNING] Third-party cookie will be blocked. Learn more in the Issues tab. @ https://www.ebay.com/sch/i.html?_nkw=Redmi+AX6000+router&LH_ItemCondition=3000:0
[   11735ms] [WARNING] Third-party cookie will be blocked. Learn more in the Issues tab. @ https://www.ebay.com/sch/i.html?_nkw=Redmi+AX6000+router&LH_ItemCondition=3000:0
[   12012ms] [WARNING] Third-party cookie will be blocked. Learn more in the Issues tab. @ https://www.ebay.com/sch/i.html?_nkw=Redmi+AX6000+router&LH_ItemCondition=3000:0
[   12012ms] [WARNING] Third-party cookie will be blocked. Learn more in the Issues tab. @ https://www.ebay.com/sch/i.html?_nkw=Redmi+AX6000+router&LH_ItemCondition=3000:0
[   12012ms] [WARNING] Third-party cookie will be blocked. Learn more in the Issues tab. @ https://www.ebay.com/sch/i.html?_nkw=Redmi+AX6000+router&LH_ItemCondition=3000:0
[   12012ms] [WARNING] Third-party cookie will be blocked. Learn more in the Issues tab. @ https://www.ebay.com/sch/i.html?_nkw=Redmi+AX6000+router&LH_ItemCondition=3000:0
[   12012ms] [WARNING] Third-party cookie will be blocked. Learn more in the Issues tab. @ https://www.ebay.com/sch/i.html?_nkw=Redmi+AX6000+router&LH_ItemCondition=3000:0
[   12012ms] [WARNING] Third-party cookie will be blocked. Learn more in the Issues tab. @ https://www.ebay.com/sch/i.html?_nkw=Redmi+AX6000+router&LH_ItemCondition=3000:0
[   12012ms] [WARNING] Third-party cookie will be blocked. Learn more in the Issues tab. @ https://www.ebay.com/sch/i.html?_nkw=Redmi+AX6000+router&LH_ItemCondition=3000:0
[   12012ms] [WARNING] Third-party cookie will be blocked. Learn more in the Issues tab. @ https://www.ebay.com/sch/i.html?_nkw=Redmi+AX6000+router&LH_ItemCondition=3000:0
[   12012ms] [WARNING] Third-party cookie will be blocked. Learn more in the Issues tab. @ https://www.ebay.com/sch/i.html?_nkw=Redmi+AX6000+router&LH_ItemCondition=3000:0
[   12012ms] [WARNING] Third-party cookie will be blocked. Learn more in the Issues tab. @ https://www.ebay.com/sch/i.html?_nkw=Redmi+AX6000+router&LH_ItemCondition=3000:0
[   12012ms] [WARNING] Third-party cookie will be blocked. Learn more in the Issues tab. @ https://www.ebay.com/sch/i.html?_nkw=Redmi+AX6000+router&LH_ItemCondition=3000:0
[   12012ms] [WARNING] Third-party cookie will be blocked. Learn more in the Issues tab. @ https://www.ebay.com/sch/i.html?_nkw=Redmi+AX6000+router&LH_ItemCondition=3000:0
[   12012ms] [WARNING] Third-party cookie will be blocked. Learn more in the Issues tab. @ https://www.ebay.com/sch/i.html?_nkw=Redmi+AX6000+router&LH_ItemCondition=3000:0
[   12013ms] [WARNING] Third-party cookie will be blocked. Learn more in the Issues tab. @ https://www.ebay.com/sch/i.html?_nkw=Redmi+AX6000+router&LH_ItemCondition=3000:0
[   12013ms] [WARNING] Third-party cookie will be blocked. Learn more in the Issues tab. @ https://www.ebay.com/sch/i.html?_nkw=Redmi+AX6000+router&LH_ItemCondition=3000:0
[   12013ms] [WARNING] Third-party cookie will be blocked. Learn more in the Issues tab. @ https://www.ebay.com/sch/i.html?_nkw=Redmi+AX6000+router&LH_ItemCondition=3000:0
[   12013ms] [WARNING] Third-party cookie will be blocked. Learn more in the Issues tab. @ https://www.ebay.com/sch/i.html?_nkw=Redmi+AX6000+router&LH_ItemCondition=3000:0
[   12013ms] [WARNING] Third-party cookie will be blocked. Learn more in the Issues tab. @ https://www.ebay.com/sch/i.html?_nkw=Redmi+AX6000+router&LH_ItemCondition=3000:0
[   12013ms] [WARNING] Third-party cookie will be blocked. Learn more in the Issues tab. @ https://www.ebay.com/sch/i.html?_nkw=Redmi+AX6000+router&LH_ItemCondition=3000:0
[   12013ms] [WARNING] Third-party cookie will be blocked. Learn more in the Issues tab. @ https://www.ebay.com/sch/i.html?_nkw=Redmi+AX6000+router&LH_ItemCondition=3000:0
[   12013ms] [WARNING] Third-party cookie will be blocked. Learn more in the Issues tab. @ https://www.ebay.com/sch/i.html?_nkw=Redmi+AX6000+router&LH_ItemCondition=3000:0
[   12013ms] [WARNING] Third-party cookie will be blocked. Learn more in the Issues tab. @ https://www.ebay.com/sch/i.html?_nkw=Redmi+AX6000+router&LH_ItemCondition=3000:0
[   12013ms] [WARNING] Third-party cookie will be blocked. Learn more in the Issues tab. @ https://www.ebay.com/sch/i.html?_nkw=Redmi+AX6000+router&LH_ItemCondition=3000:0
[   12013ms] [WARNING] Third-party cookie will be blocked. Learn more in the Issues tab. @ https://www.ebay.com/sch/i.html?_nkw=Redmi+AX6000+router&LH_ItemCondition=3000:0
[   12013ms] [WARNING] Third-party cookie will be blocked. Learn more in the Issues tab. @ https://www.ebay.com/sch/i.html?_nkw=Redmi+AX6000+router&LH_ItemCondition=3000:0
[   12013ms] [WARNING] Third-party cookie will be blocked. Learn more in the Issues tab. @ https://www.ebay.com/sch/i.html?_nkw=Redmi+AX6000+router&LH_ItemCondition=3000:0
[   12013ms] [WARNING] Third-party cookie will be blocked. Learn more in the Issues tab. @ https://www.ebay.com/sch/i.html?_nkw=Redmi+AX6000+router&LH_ItemCondition=3000:0
[   12013ms] [WARNING] Third-party cookie will be blocked. Learn more in the Issues tab. @ https://www.ebay.com/sch/i.html?_nkw=Redmi+AX6000+router&LH_ItemCondition=3000:0
[   12013ms] [WARNING] Third-party cookie will be blocked. Learn more in the Issues tab. @ https://www.ebay.com/sch/i.html?_nkw=Redmi+AX6000+router&LH_ItemCondition=3000:0
[   12013ms] [WARNING] Third-party cookie will be blocked. Learn more in the Issues tab. @ https://www.ebay.com/sch/i.html?_nkw=Redmi+AX6000+router&LH_ItemCondition=3000:0
[   12285ms] [WARNING] Third-party cookie will be blocked. Learn more in the Issues tab. @ https://www.ebay.com/sch/i.html?_nkw=Redmi+AX6000+router&LH_ItemCondition=3000:0
[   12285ms] [WARNING] Third-party cookie will be blocked. Learn more in the Issues tab. @ https://www.ebay.com/sch/i.html?_nkw=Redmi+AX6000+router&LH_ItemCondition=3000:0
[   12285ms] [WARNING] Third-party cookie will be blocked. Learn more in the Issues tab. @ https://www.ebay.com/sch/i.html?_nkw=Redmi+AX6000+router&LH_ItemCondition=3000:0
[   12285ms] [WARNING] Third-party cookie will be blocked. Learn more in the Issues tab. @ https://www.ebay.com/sch/i.html?_nkw=Redmi+AX6000+router&LH_ItemCondition=3000:0
[   20122ms] [WARNING] Third-party cookie will be blocked. Learn more in the Issues tab. @ https://www.ebay.com/sch/i.html?_nkw=Redmi+AX6000+router&LH_ItemCondition=3000:0
[   37078ms] [WARNING] Third-party cookie will be blocked. Learn more in the Issues tab. @ https://www.ebay.com/sch/i.html?_nkw=Redmi+AX6000+router&LH_ItemCondition=3000:0
[   37079ms] [WARNING] Third-party cookie will be blocked. Learn more in the Issues tab. @ https://www.ebay.com/sch/i.html?_nkw=Redmi+AX6000+router&LH_ItemCondition=3000:0
[   37120ms] [WARNING] Third-party cookie will be blocked. Learn more in the Issues tab. @ https://www.ebay.com/sch/i.html?_nkw=Redmi+AX6000+router&LH_ItemCondition=3000:0
[   37120ms] [WARNING] Third-party cookie will be blocked. Learn more in the Issues tab. @ https://www.ebay.com/sch/i.html?_nkw=Redmi+AX6000+router&LH_ItemCondition=3000:0
[   37162ms] [WARNING] Third-party cookie will be blocked. Learn more in the Issues tab. @ https://www.ebay.com/sch/i.html?_nkw=Redmi+AX6000+router&LH_ItemCondition=3000:0
[   37163ms] [WARNING] Third-party cookie will be blocked. Learn more in the Issues tab. @ https://www.ebay.com/sch/i.html?_nkw=Redmi+AX6000+router&LH_ItemCondition=3000:0
[   67068ms] [WARNING] Third-party cookie will be blocked. Learn more in the Issues tab. @ https://www.ebay.com/sch/i.html?_nkw=Redmi+AX6000+router&LH_ItemCondition=3000:0
[   67069ms] [WARNING] Third-party cookie will be blocked. Learn more in the Issues tab. @ https://www.ebay.com/sch/i.html?_nkw=Redmi+AX6000+router&LH_ItemCondition=3000:0
[   67070ms] [WARNING] Third-party cookie will be blocked. Learn more in the Issues tab. @ https://www.ebay.com/sch/i.html?_nkw=Redmi+AX6000+router&LH_ItemCondition=3000:0
[   67070ms] [WARNING] Third-party cookie will be blocked. Learn more in the Issues tab. @ https://www.ebay.com/sch/i.html?_nkw=Redmi+AX6000+router&LH_ItemCondition=3000:0
[   67243ms] [WARNING] Third-party cookie will be blocked. Learn more in the Issues tab. @ https://www.ebay.com/sch/i.html?_nkw=Redmi+AX6000+router&LH_ItemCondition=3000:0
[   67244ms] [WARNING] Third-party cookie will be blocked. Learn more in the Issues tab. @ https://www.ebay.com/sch/i.html?_nkw=Redmi+AX6000+router&LH_ItemCondition=3000:0
[   67244ms] [WARNING] Third-party cookie will be blocked. Learn more in the Issues tab. @ https://www.ebay.com/sch/i.html?_nkw=Redmi+AX6000+router&LH_ItemCondition=3000:0
[   67244ms] [WARNING] Third-party cookie will be blocked. Learn more in the Issues tab. @ https://www.ebay.com/sch/i.html?_nkw=Redmi+AX6000+router&LH_ItemCondition=3000:0
[   67292ms] [WARNING] Third-party cookie will be blocked. Learn more in the Issues tab. @ https://www.ebay.com/sch/i.html?_nkw=Redmi+AX6000+router&LH_ItemCondition=3000:0
[   67292ms] [WARNING] Third-party cookie will be blocked. Learn more in the Issues tab. @ https://www.ebay.com/sch/i.html?_nkw=Redmi+AX6000+router&LH_ItemCondition=3000:0
[   67292ms] [WARNING] Third-party cookie will be blocked. Learn more in the Issues tab. @ https://www.ebay.com/sch/i.html?_nkw=Redmi+AX6000+router&LH_ItemCondition=3000:0
[   67292ms] [WARNING] Third-party cookie will be blocked. Learn more in the Issues tab. @ https://www.ebay.com/sch/i.html?_nkw=Redmi+AX6000+router&LH_ItemCondition=3000:0
